{"C:\\Users\\User\\Documents\\Cursor\\PCPartKeeper - React\\src\\App.tsx": {"path":"C:\\Users\\User\\Documents\\Cursor\\PCPartKeeper - React\\src\\App.tsx","statementMap":{"0":{"start":{"line":1,"column":0},"end":{"line":1,"column":41}},"1":{"start":{"line":2,"column":0},"end":{"line":2,"column":55}},"2":{"start":{"line":3,"column":0},"end":{"line":3,"column":null}},"3":{"start":{"line":7,"column":0},"end":{"line":7,"column":67}},"4":{"start":{"line":8,"column":0},"end":{"line":8,"column":51}},"5":{"start":{"line":9,"column":0},"end":{"line":9,"column":49}},"6":{"start":{"line":10,"column":0},"end":{"line":10,"column":47}},"7":{"start":{"line":11,"column":0},"end":{"line":11,"column":53}},"8":{"start":{"line":12,"column":0},"end":{"line":12,"column":41}},"9":{"start":{"line":13,"column":0},"end":{"line":13,"column":58}},"10":{"start":{"line":14,"column":0},"end":{"line":14,"column":55}},"11":{"start":{"line":28,"column":22},"end":{"line":28,"column":60}},"12":{"start":{"line":28,"column":42},"end":{"line":28,"column":59}},"13":{"start":{"line":29,"column":25},"end":{"line":29,"column":66}},"14":{"start":{"line":29,"column":45},"end":{"line":29,"column":65}},"15":{"start":{"line":30,"column":15},"end":{"line":30,"column":48}},"16":{"start":{"line":30,"column":37},"end":{"line":30,"column":47}},"17":{"start":{"line":34,"column":2},"end":{"line":37,"column":9}},"18":{"start":{"line":35,"column":4},"end":{"line":35,"column":22}},"19":{"start":{"line":36,"column":4},"end":{"line":36,"column":30}},"20":{"start":{"line":42,"column":21},"end":{"line":52,"column":3}},"21":{"start":{"line":43,"column":4},"end":{"line":51,"column":5}},"22":{"start":{"line":45,"column":8},"end":{"line":45,"column":47}},"23":{"start":{"line":47,"column":8},"end":{"line":47,"column":33}},"24":{"start":{"line":50,"column":8},"end":{"line":50,"column":45}},"25":{"start":{"line":54,"column":2},"end":{"line":138,"column":4}},"26":{"start":{"line":84,"column":34},"end":{"line":84,"column":38}},"27":{"start":{"line":91,"column":35},"end":{"line":91,"column":79}},"28":{"start":{"line":104,"column":31},"end":{"line":104,"column":54}},"29":{"start":{"line":113,"column":31},"end":{"line":113,"column":56}},"30":{"start":{"line":122,"column":31},"end":{"line":122,"column":58}},"31":{"start":{"line":141,"column":0},"end":{"line":141,"column":19}}},"fnMap":{"0":{"name":"App","decl":{"start":{"line":26,"column":9},"end":{"line":26,"column":12}},"loc":{"start":{"line":26,"column":25},"end":{"line":139,"column":1}}},"1":{"name":"(anonymous_11)","decl":{"start":{"line":28,"column":33},"end":{"line":28,"column":38}},"loc":{"start":{"line":28,"column":42},"end":{"line":28,"column":59}}},"2":{"name":"(anonymous_12)","decl":{"start":{"line":29,"column":36},"end":{"line":29,"column":41}},"loc":{"start":{"line":29,"column":45},"end":{"line":29,"column":65}}},"3":{"name":"(anonymous_13)","decl":{"start":{"line":30,"column":28},"end":{"line":30,"column":33}},"loc":{"start":{"line":30,"column":37},"end":{"line":30,"column":47}}},"4":{"name":"(anonymous_14)","decl":{"start":{"line":34,"column":12},"end":{"line":34,"column":15}},"loc":{"start":{"line":34,"column":17},"end":{"line":37,"column":3}}},"5":{"name":"(anonymous_15)","decl":{"start":{"line":42,"column":21},"end":{"line":42,"column":44}},"loc":{"start":{"line":42,"column":46},"end":{"line":52,"column":3}}},"6":{"name":"(anonymous_16)","decl":{"start":{"line":73,"column":36},"end":{"line":73,"column":39}},"loc":{"start":{"line":73,"column":41},"end":{"line":73,"column":44}}},"7":{"name":"(anonymous_17)","decl":{"start":{"line":74,"column":30},"end":{"line":74,"column":33}},"loc":{"start":{"line":74,"column":35},"end":{"line":74,"column":38}}},"8":{"name":"(anonymous_18)","decl":{"start":{"line":84,"column":29},"end":{"line":84,"column":30}},"loc":{"start":{"line":84,"column":34},"end":{"line":84,"column":38}}},"9":{"name":"(anonymous_19)","decl":{"start":{"line":91,"column":29},"end":{"line":91,"column":32}},"loc":{"start":{"line":91,"column":35},"end":{"line":91,"column":79}}},"10":{"name":"(anonymous_20)","decl":{"start":{"line":104,"column":25},"end":{"line":104,"column":28}},"loc":{"start":{"line":104,"column":31},"end":{"line":104,"column":54}}},"11":{"name":"(anonymous_21)","decl":{"start":{"line":113,"column":25},"end":{"line":113,"column":28}},"loc":{"start":{"line":113,"column":31},"end":{"line":113,"column":56}}},"12":{"name":"(anonymous_22)","decl":{"start":{"line":122,"column":25},"end":{"line":122,"column":28}},"loc":{"start":{"line":122,"column":31},"end":{"line":122,"column":58}}}},"branchMap":{"0":{"loc":{"start":{"line":43,"column":4},"end":{"line":51,"column":5}},"type":"switch","locations":[{"start":{"line":44,"column":6},"end":{"line":45,"column":47}},{"start":{"line":46,"column":6},"end":{"line":47,"column":33}},{"start":{"line":48,"column":6},"end":{"line":48,"column":19}},{"start":{"line":49,"column":6},"end":{"line":50,"column":45}}]},"1":{"loc":{"start":{"line":82,"column":22},"end":{"line":86,"column":45}},"type":"binary-expr","locations":[{"start":{"line":82,"column":22},"end":{"line":86,"column":38}},{"start":{"line":86,"column":42},"end":{"line":86,"column":45}}]},"2":{"loc":{"start":{"line":88,"column":26},"end":{"line":88,"column":54}},"type":"binary-expr","locations":[{"start":{"line":88,"column":26},"end":{"line":88,"column":36}},{"start":{"line":88,"column":40},"end":{"line":88,"column":54}}]},"3":{"loc":{"start":{"line":105,"column":30},"end":{"line":105,"column":74}},"type":"cond-expr","locations":[{"start":{"line":105,"column":56},"end":{"line":105,"column":62}},{"start":{"line":105,"column":65},"end":{"line":105,"column":74}}]},"4":{"loc":{"start":{"line":114,"column":30},"end":{"line":114,"column":76}},"type":"cond-expr","locations":[{"start":{"line":114,"column":58},"end":{"line":114,"column":64}},{"start":{"line":114,"column":67},"end":{"line":114,"column":76}}]},"5":{"loc":{"start":{"line":123,"column":30},"end":{"line":123,"column":78}},"type":"cond-expr","locations":[{"start":{"line":123,"column":60},"end":{"line":123,"column":66}},{"start":{"line":123,"column":69},"end":{"line":123,"column":78}}]}},"s":{"0":0,"1":0,"2":0,"3":0,"4":0,"5":0,"6":0,"7":0,"8":0,"9":0,"10":0,"11":0,"12":0,"13":0,"14":0,"15":0,"16":0,"17":0,"18":0,"19":0,"20":0,"21":0,"22":0,"23":0,"24":0,"25":0,"26":0,"27":0,"28":0,"29":0,"30":0,"31":0},"f":{"0":0,"1":0,"2":0,"3":0,"4":0,"5":0,"6":0,"7":0,"8":0,"9":0,"10":0,"11":0,"12":0},"b":{"0":[0,0,0,0],"1":[0,0],"2":[0,0],"3":[0,0],"4":[0,0],"5":[0,0]}}
,"C:\\Users\\User\\Documents\\Cursor\\PCPartKeeper - React\\src\\components\\AddItemButton.tsx": {"path":"C:\\Users\\User\\Documents\\Cursor\\PCPartKeeper - React\\src\\components\\AddItemButton.tsx","statementMap":{"0":{"start":{"line":1,"column":0},"end":{"line":1,"column":26}},"1":{"start":{"line":2,"column":0},"end":{"line":2,"column":30}},"2":{"start":{"line":3,"column":0},"end":{"line":3,"column":35}},"3":{"start":{"line":20,"column":2},"end":{"line":33,"column":4}},"4":{"start":{"line":36,"column":0},"end":{"line":36,"column":29}}},"fnMap":{"0":{"name":"AddItemButton","decl":{"start":{"line":19,"column":9},"end":{"line":19,"column":22}},"loc":{"start":{"line":19,"column":56},"end":{"line":34,"column":1}}}},"branchMap":{},"s":{"0":0,"1":0,"2":0,"3":0,"4":0},"f":{"0":0},"b":{}}
,"C:\\Users\\User\\Documents\\Cursor\\PCPartKeeper - React\\src\\components\\Avatar.tsx": {"path":"C:\\Users\\User\\Documents\\Cursor\\PCPartKeeper - React\\src\\components\\Avatar.tsx","statementMap":{"0":{"start":{"line":1,"column":0},"end":{"line":1,"column":49}},"1":{"start":{"line":55,"column":15},"end":{"line":161,"column":2}},"2":{"start":{"line":71,"column":23},"end":{"line":74,"column":4}},"3":{"start":{"line":77,"column":25},"end":{"line":82,"column":4}},"4":{"start":{"line":85,"column":22},"end":{"line":91,"column":3}},"5":{"start":{"line":86,"column":4},"end":{"line":86,"column":43}},"6":{"start":{"line":86,"column":26},"end":{"line":86,"column":43}},"7":{"start":{"line":87,"column":4},"end":{"line":87,"column":43}},"8":{"start":{"line":87,"column":26},"end":{"line":87,"column":43}},"9":{"start":{"line":88,"column":4},"end":{"line":88,"column":45}},"10":{"start":{"line":88,"column":26},"end":{"line":88,"column":45}},"11":{"start":{"line":89,"column":4},"end":{"line":89,"column":43}},"12":{"start":{"line":89,"column":26},"end":{"line":89,"column":43}},"13":{"start":{"line":90,"column":4},"end":{"line":90,"column":21}},"14":{"start":{"line":94,"column":22},"end":{"line":105,"column":10}},"15":{"start":{"line":108,"column":24},"end":{"line":137,"column":3}},"16":{"start":{"line":109,"column":4},"end":{"line":121,"column":5}},"17":{"start":{"line":110,"column":6},"end":{"line":120,"column":8}},"18":{"start":{"line":117,"column":13},"end":{"line":117,"column":66}},"19":{"start":{"line":123,"column":4},"end":{"line":129,"column":5}},"20":{"start":{"line":124,"column":6},"end":{"line":128,"column":8}},"21":{"start":{"line":132,"column":4},"end":{"line":136,"column":6}},"22":{"start":{"line":141,"column":4},"end":{"line":146,"column":24}},"23":{"start":{"line":148,"column":2},"end":{"line":160,"column":4}},"24":{"start":{"line":163,"column":0},"end":{"line":163,"column":30}},"25":{"start":{"line":165,"column":0},"end":{"line":165,"column":22}}},"fnMap":{"0":{"name":"(anonymous_9)","decl":{"start":{"line":55,"column":33},"end":{"line":55,"column":34}},"loc":{"start":{"line":69,"column":5},"end":{"line":161,"column":1}}},"1":{"name":"(anonymous_10)","decl":{"start":{"line":85,"column":22},"end":{"line":85,"column":23}},"loc":{"start":{"line":85,"column":53},"end":{"line":91,"column":3}}},"2":{"name":"(anonymous_11)","decl":{"start":{"line":108,"column":24},"end":{"line":108,"column":44}},"loc":{"start":{"line":108,"column":46},"end":{"line":137,"column":3}}},"3":{"name":"(anonymous_12)","decl":{"start":{"line":115,"column":19},"end":{"line":115,"column":20}},"loc":{"start":{"line":115,"column":23},"end":{"line":118,"column":11}}}},"branchMap":{"0":{"loc":{"start":{"line":60,"column":2},"end":{"line":60,"column":11}},"type":"default-arg","locations":[{"start":{"line":60,"column":9},"end":{"line":60,"column":11}}]},"1":{"loc":{"start":{"line":61,"column":2},"end":{"line":61,"column":18}},"type":"default-arg","locations":[{"start":{"line":61,"column":10},"end":{"line":61,"column":18}}]},"2":{"loc":{"start":{"line":62,"column":2},"end":{"line":62,"column":21}},"type":"default-arg","locations":[{"start":{"line":62,"column":12},"end":{"line":62,"column":21}}]},"3":{"loc":{"start":{"line":63,"column":2},"end":{"line":63,"column":16}},"type":"default-arg","locations":[{"start":{"line":63,"column":14},"end":{"line":63,"column":16}}]},"4":{"loc":{"start":{"line":86,"column":4},"end":{"line":86,"column":43}},"type":"if","locations":[{"start":{"line":86,"column":4},"end":{"line":86,"column":43}}]},"5":{"loc":{"start":{"line":87,"column":4},"end":{"line":87,"column":43}},"type":"if","locations":[{"start":{"line":87,"column":4},"end":{"line":87,"column":43}}]},"6":{"loc":{"start":{"line":88,"column":4},"end":{"line":88,"column":45}},"type":"if","locations":[{"start":{"line":88,"column":4},"end":{"line":88,"column":45}}]},"7":{"loc":{"start":{"line":89,"column":4},"end":{"line":89,"column":43}},"type":"if","locations":[{"start":{"line":89,"column":4},"end":{"line":89,"column":43}}]},"8":{"loc":{"start":{"line":100,"column":6},"end":{"line":102,"column":null}},"type":"cond-expr","locations":[{"start":{"line":101,"column":10},"end":{"line":101,"column":75}},{"start":{"line":102,"column":10},"end":{"line":102,"column":null}}]},"9":{"loc":{"start":{"line":109,"column":4},"end":{"line":121,"column":5}},"type":"if","locations":[{"start":{"line":109,"column":4},"end":{"line":121,"column":5}}]},"10":{"loc":{"start":{"line":113,"column":15},"end":{"line":113,"column":38}},"type":"binary-expr","locations":[{"start":{"line":113,"column":15},"end":{"line":113,"column":18}},{"start":{"line":113,"column":22},"end":{"line":113,"column":26}},{"start":{"line":113,"column":30},"end":{"line":113,"column":38}}]},"11":{"loc":{"start":{"line":123,"column":4},"end":{"line":129,"column":5}},"type":"if","locations":[{"start":{"line":123,"column":4},"end":{"line":129,"column":5}}]},"12":{"loc":{"start":{"line":141,"column":4},"end":{"line":146,"column":24}},"type":"binary-expr","locations":[{"start":{"line":141,"column":4},"end":{"line":141,"column":13}},{"start":{"line":142,"column":5},"end":{"line":146,"column":23}}]},"13":{"loc":{"start":{"line":142,"column":5},"end":{"line":146,"column":23}},"type":"cond-expr","locations":[{"start":{"line":143,"column":8},"end":{"line":143,"column":24}},{"start":{"line":144,"column":8},"end":{"line":146,"column":23}}]},"14":{"loc":{"start":{"line":144,"column":8},"end":{"line":146,"column":23}},"type":"cond-expr","locations":[{"start":{"line":145,"column":10},"end":{"line":145,"column":44}},{"start":{"line":146,"column":10},"end":{"line":146,"column":23}}]},"15":{"loc":{"start":{"line":153,"column":12},"end":{"line":153,"column":52}},"type":"binary-expr","locations":[{"start":{"line":153,"column":12},"end":{"line":153,"column":16}},{"start":{"line":153,"column":21},"end":{"line":153,"column":51}}]},"16":{"loc":{"start":{"line":153,"column":21},"end":{"line":153,"column":51}},"type":"cond-expr","locations":[{"start":{"line":153,"column":31},"end":{"line":153,"column":39}},{"start":{"line":153,"column":42},"end":{"line":153,"column":51}}]}},"s":{"0":0,"1":0,"2":0,"3":0,"4":0,"5":0,"6":0,"7":0,"8":0,"9":0,"10":0,"11":0,"12":0,"13":0,"14":0,"15":0,"16":0,"17":0,"18":0,"19":0,"20":0,"21":0,"22":0,"23":0,"24":0,"25":0},"f":{"0":0,"1":0,"2":0,"3":0},"b":{"0":[0],"1":[0],"2":[0],"3":[0],"4":[0],"5":[0],"6":[0],"7":[0],"8":[0,0],"9":[0],"10":[0,0,0],"11":[0],"12":[0,0],"13":[0,0],"14":[0,0],"15":[0,0],"16":[0,0]}}
,"C:\\Users\\User\\Documents\\Cursor\\PCPartKeeper - React\\src\\components\\AvatarShowcase.tsx": {"path":"C:\\Users\\User\\Documents\\Cursor\\PCPartKeeper - React\\src\\components\\AvatarShowcase.tsx","statementMap":{"0":{"start":{"line":1,"column":0},"end":{"line":1,"column":26}},"1":{"start":{"line":2,"column":0},"end":{"line":2,"column":30}},"2":{"start":{"line":20,"column":61},"end":{"line":270,"column":1}},"3":{"start":{"line":23,"column":2},"end":{"line":269,"column":4}},"4":{"start":{"line":135,"column":29},"end":{"line":135,"column":58}},"5":{"start":{"line":144,"column":29},"end":{"line":144,"column":57}},"6":{"start":{"line":20,"column":13},"end":{"line":20,"column":61}},"7":{"start":{"line":272,"column":0},"end":{"line":272,"column":30}}},"fnMap":{"0":{"name":"(anonymous_1)","decl":{"start":{"line":20,"column":61},"end":{"line":20,"column":62}},"loc":{"start":{"line":22,"column":5},"end":{"line":270,"column":1}}},"1":{"name":"(anonymous_2)","decl":{"start":{"line":135,"column":23},"end":{"line":135,"column":26}},"loc":{"start":{"line":135,"column":29},"end":{"line":135,"column":58}}},"2":{"name":"(anonymous_3)","decl":{"start":{"line":144,"column":23},"end":{"line":144,"column":26}},"loc":{"start":{"line":144,"column":29},"end":{"line":144,"column":57}}}},"branchMap":{},"s":{"0":0,"1":0,"2":0,"3":0,"4":0,"5":0,"6":0,"7":0},"f":{"0":0,"1":0,"2":0},"b":{}}
,"C:\\Users\\User\\Documents\\Cursor\\PCPartKeeper - React\\src\\components\\Button.tsx": {"path":"C:\\Users\\User\\Documents\\Cursor\\PCPartKeeper - React\\src\\components\\Button.tsx","statementMap":{"0":{"start":{"line":1,"column":0},"end":{"line":1,"column":26}},"1":{"start":{"line":2,"column":0},"end":{"line":2,"column":36}},"2":{"start":{"line":44,"column":23},"end":{"line":64,"column":null}},"3":{"start":{"line":45,"column":2},"end":{"line":63,"column":null}},"4":{"start":{"line":84,"column":4},"end":{"line":84,"column":218}},"5":{"start":{"line":86,"column":25},"end":{"line":91,"column":4}},"6":{"start":{"line":94,"column":22},"end":{"line":98,"column":4}},"7":{"start":{"line":100,"column":23},"end":{"line":100,"column":44}},"8":{"start":{"line":102,"column":4},"end":{"line":102,"column":63}},"9":{"start":{"line":105,"column":4},"end":{"line":105,"column":123}},"10":{"start":{"line":108,"column":21},"end":{"line":108,"column":29}},"11":{"start":{"line":111,"column":22},"end":{"line":119,"column":3}},"12":{"start":{"line":112,"column":4},"end":{"line":115,"column":5}},"13":{"start":{"line":113,"column":6},"end":{"line":113,"column":25}},"14":{"start":{"line":114,"column":6},"end":{"line":114,"column":13}},"15":{"start":{"line":116,"column":4},"end":{"line":118,"column":5}},"16":{"start":{"line":117,"column":6},"end":{"line":117,"column":17}},"17":{"start":{"line":121,"column":2},"end":{"line":157,"column":4}},"18":{"start":{"line":161,"column":0},"end":{"line":161,"column":22}}},"fnMap":{"0":{"name":"(anonymous_1)","decl":{"start":{"line":44,"column":23},"end":{"line":44,"column":24}},"loc":{"start":{"line":45,"column":2},"end":{"line":63,"column":null}}},"1":{"name":"Button","decl":{"start":{"line":67,"column":9},"end":{"line":67,"column":15}},"loc":{"start":{"line":82,"column":14},"end":{"line":158,"column":1}}},"2":{"name":"(anonymous_3)","decl":{"start":{"line":111,"column":22},"end":{"line":111,"column":23}},"loc":{"start":{"line":111,"column":65},"end":{"line":119,"column":3}}}},"branchMap":{"0":{"loc":{"start":{"line":44,"column":26},"end":{"line":44,"column":47}},"type":"default-arg","locations":[{"start":{"line":44,"column":38},"end":{"line":44,"column":47}}]},"1":{"loc":{"start":{"line":70,"column":2},"end":{"line":70,"column":21}},"type":"default-arg","locations":[{"start":{"line":70,"column":12},"end":{"line":70,"column":21}}]},"2":{"loc":{"start":{"line":71,"column":2},"end":{"line":71,"column":17}},"type":"default-arg","locations":[{"start":{"line":71,"column":9},"end":{"line":71,"column":17}}]},"3":{"loc":{"start":{"line":72,"column":2},"end":{"line":72,"column":18}},"type":"default-arg","locations":[{"start":{"line":72,"column":13},"end":{"line":72,"column":18}}]},"4":{"loc":{"start":{"line":73,"column":2},"end":{"line":73,"column":15}},"type":"default-arg","locations":[{"start":{"line":73,"column":10},"end":{"line":73,"column":15}}]},"5":{"loc":{"start":{"line":74,"column":2},"end":{"line":74,"column":18}},"type":"default-arg","locations":[{"start":{"line":74,"column":13},"end":{"line":74,"column":18}}]},"6":{"loc":{"start":{"line":75,"column":2},"end":{"line":75,"column":17}},"type":"default-arg","locations":[{"start":{"line":75,"column":12},"end":{"line":75,"column":17}}]},"7":{"loc":{"start":{"line":78,"column":2},"end":{"line":78,"column":16}},"type":"default-arg","locations":[{"start":{"line":78,"column":14},"end":{"line":78,"column":16}}]},"8":{"loc":{"start":{"line":79,"column":2},"end":{"line":79,"column":17}},"type":"default-arg","locations":[{"start":{"line":79,"column":9},"end":{"line":79,"column":17}}]},"9":{"loc":{"start":{"line":100,"column":23},"end":{"line":100,"column":44}},"type":"cond-expr","locations":[{"start":{"line":100,"column":31},"end":{"line":100,"column":39}},{"start":{"line":100,"column":42},"end":{"line":100,"column":44}}]},"10":{"loc":{"start":{"line":102,"column":4},"end":{"line":102,"column":63}},"type":"cond-expr","locations":[{"start":{"line":102,"column":27},"end":{"line":102,"column":58}},{"start":{"line":102,"column":61},"end":{"line":102,"column":63}}]},"11":{"loc":{"start":{"line":102,"column":4},"end":{"line":102,"column":24}},"type":"binary-expr","locations":[{"start":{"line":102,"column":4},"end":{"line":102,"column":12}},{"start":{"line":102,"column":16},"end":{"line":102,"column":24}}]},"12":{"loc":{"start":{"line":112,"column":4},"end":{"line":115,"column":5}},"type":"if","locations":[{"start":{"line":112,"column":4},"end":{"line":115,"column":5}}]},"13":{"loc":{"start":{"line":116,"column":4},"end":{"line":118,"column":5}},"type":"if","locations":[{"start":{"line":116,"column":4},"end":{"line":118,"column":5}}]},"14":{"loc":{"start":{"line":131,"column":7},"end":{"line":154,"column":null}},"type":"cond-expr","locations":[{"start":{"line":132,"column":8},"end":{"line":134,"column":null}},{"start":{"line":137,"column":8},"end":{"line":153,"column":null}}]},"15":{"loc":{"start":{"line":138,"column":11},"end":{"line":141,"column":null}},"type":"binary-expr","locations":[{"start":{"line":138,"column":11},"end":{"line":138,"column":24}},{"start":{"line":139,"column":12},"end":{"line":140,"column":null}}]},"16":{"loc":{"start":{"line":143,"column":11},"end":{"line":143,"column":67}},"type":"binary-expr","locations":[{"start":{"line":143,"column":11},"end":{"line":143,"column":19}},{"start":{"line":143,"column":23},"end":{"line":143,"column":67}}]},"17":{"loc":{"start":{"line":144,"column":11},"end":{"line":147,"column":null}},"type":"binary-expr","locations":[{"start":{"line":144,"column":11},"end":{"line":144,"column":25}},{"start":{"line":145,"column":12},"end":{"line":146,"column":null}}]},"18":{"loc":{"start":{"line":149,"column":11},"end":{"line":152,"column":null}},"type":"binary-expr","locations":[{"start":{"line":149,"column":11},"end":{"line":149,"column":19}},{"start":{"line":149,"column":23},"end":{"line":149,"column":38}},{"start":{"line":150,"column":12},"end":{"line":151,"column":null}}]}},"s":{"0":1,"1":1,"2":1,"3":2,"4":21,"5":21,"6":21,"7":21,"8":21,"9":21,"10":21,"11":21,"12":6,"13":1,"14":1,"15":5,"16":4,"17":21,"18":1},"f":{"0":2,"1":21,"2":6},"b":{"0":[0],"1":[19],"2":[20],"3":[18],"4":[21],"5":[21],"6":[19],"7":[20],"8":[20],"9":[0,21],"10":[3,18],"11":[21,3],"12":[1],"13":[4],"14":[2,19],"15":[19,0],"16":[19,17],"17":[19,0],"18":[19,0,0]}}
,"C:\\Users\\User\\Documents\\Cursor\\PCPartKeeper - React\\src\\components\\ButtonClickCounter.tsx": {"path":"C:\\Users\\User\\Documents\\Cursor\\PCPartKeeper - React\\src\\components\\ButtonClickCounter.tsx","statementMap":{"0":{"start":{"line":1,"column":0},"end":{"line":1,"column":26}},"1":{"start":{"line":15,"column":69},"end":{"line":49,"column":1}},"2":{"start":{"line":18,"column":23},"end":{"line":18,"column":51}},"3":{"start":{"line":20,"column":2},"end":{"line":48,"column":4}},"4":{"start":{"line":29,"column":12},"end":{"line":30,"column":null}},"5":{"start":{"line":15,"column":13},"end":{"line":15,"column":69}},"6":{"start":{"line":51,"column":0},"end":{"line":51,"column":34}}},"fnMap":{"0":{"name":"(anonymous_1)","decl":{"start":{"line":15,"column":69},"end":{"line":15,"column":70}},"loc":{"start":{"line":17,"column":5},"end":{"line":49,"column":1}}},"1":{"name":"(anonymous_2)","decl":{"start":{"line":28,"column":28},"end":{"line":28,"column":29}},"loc":{"start":{"line":29,"column":12},"end":{"line":30,"column":null}}}},"branchMap":{"0":{"loc":{"start":{"line":26,"column":7},"end":{"line":45,"column":null}},"type":"cond-expr","locations":[{"start":{"line":27,"column":8},"end":{"line":40,"column":null}},{"start":{"line":43,"column":8},"end":{"line":44,"column":null}}]}},"s":{"0":0,"1":0,"2":0,"3":0,"4":0,"5":0,"6":0},"f":{"0":0,"1":0},"b":{"0":[0,0]}}
,"C:\\Users\\User\\Documents\\Cursor\\PCPartKeeper - React\\src\\components\\ButtonShowcase.tsx": {"path":"C:\\Users\\User\\Documents\\Cursor\\PCPartKeeper - React\\src\\components\\ButtonShowcase.tsx","statementMap":{"0":{"start":{"line":1,"column":0},"end":{"line":1,"column":26}},"1":{"start":{"line":2,"column":0},"end":{"line":2,"column":30}},"2":{"start":{"line":3,"column":0},"end":{"line":3,"column":28}},"3":{"start":{"line":4,"column":0},"end":{"line":4,"column":null}},"4":{"start":{"line":29,"column":61},"end":{"line":772,"column":1}},"5":{"start":{"line":33,"column":2},"end":{"line":771,"column":4}},"6":{"start":{"line":43,"column":35},"end":{"line":43,"column":65}},"7":{"start":{"line":47,"column":29},"end":{"line":47,"column":68}},"8":{"start":{"line":57,"column":29},"end":{"line":57,"column":60}},"9":{"start":{"line":63,"column":29},"end":{"line":63,"column":69}},"10":{"start":{"line":72,"column":35},"end":{"line":72,"column":65}},"11":{"start":{"line":76,"column":29},"end":{"line":76,"column":68}},"12":{"start":{"line":96,"column":29},"end":{"line":96,"column":59}},"13":{"start":{"line":103,"column":29},"end":{"line":103,"column":68}},"14":{"start":{"line":114,"column":29},"end":{"line":114,"column":60}},"15":{"start":{"line":121,"column":29},"end":{"line":121,"column":69}},"16":{"start":{"line":132,"column":29},"end":{"line":132,"column":59}},"17":{"start":{"line":139,"column":29},"end":{"line":139,"column":68}},"18":{"start":{"line":159,"column":29},"end":{"line":159,"column":61}},"19":{"start":{"line":166,"column":29},"end":{"line":166,"column":70}},"20":{"start":{"line":177,"column":29},"end":{"line":177,"column":62}},"21":{"start":{"line":184,"column":29},"end":{"line":184,"column":71}},"22":{"start":{"line":195,"column":29},"end":{"line":195,"column":61}},"23":{"start":{"line":202,"column":29},"end":{"line":202,"column":70}},"24":{"start":{"line":222,"column":29},"end":{"line":222,"column":58}},"25":{"start":{"line":229,"column":29},"end":{"line":229,"column":67}},"26":{"start":{"line":240,"column":29},"end":{"line":240,"column":59}},"27":{"start":{"line":247,"column":29},"end":{"line":247,"column":68}},"28":{"start":{"line":258,"column":29},"end":{"line":258,"column":58}},"29":{"start":{"line":265,"column":29},"end":{"line":265,"column":67}},"30":{"start":{"line":281,"column":39},"end":{"line":281,"column":69}},"31":{"start":{"line":287,"column":27},"end":{"line":287,"column":57}},"32":{"start":{"line":294,"column":27},"end":{"line":294,"column":59}},"33":{"start":{"line":301,"column":27},"end":{"line":301,"column":56}},"34":{"start":{"line":316,"column":27},"end":{"line":316,"column":53}},"35":{"start":{"line":323,"column":27},"end":{"line":323,"column":53}},"36":{"start":{"line":330,"column":27},"end":{"line":330,"column":55}},"37":{"start":{"line":337,"column":27},"end":{"line":337,"column":55}},"38":{"start":{"line":350,"column":42},"end":{"line":350,"column":72}},"39":{"start":{"line":356,"column":27},"end":{"line":356,"column":58}},"40":{"start":{"line":363,"column":27},"end":{"line":363,"column":58}},"41":{"start":{"line":370,"column":27},"end":{"line":370,"column":56}},"42":{"start":{"line":387,"column":27},"end":{"line":387,"column":54}},"43":{"start":{"line":402,"column":43},"end":{"line":402,"column":75}},"44":{"start":{"line":408,"column":29},"end":{"line":408,"column":67}},"45":{"start":{"line":415,"column":29},"end":{"line":415,"column":67}},"46":{"start":{"line":425,"column":29},"end":{"line":425,"column":61}},"47":{"start":{"line":433,"column":29},"end":{"line":433,"column":67}},"48":{"start":{"line":441,"column":29},"end":{"line":441,"column":67}},"49":{"start":{"line":451,"column":29},"end":{"line":451,"column":63}},"50":{"start":{"line":459,"column":29},"end":{"line":459,"column":69}},"51":{"start":{"line":467,"column":29},"end":{"line":467,"column":69}},"52":{"start":{"line":477,"column":29},"end":{"line":477,"column":60}},"53":{"start":{"line":485,"column":29},"end":{"line":485,"column":66}},"54":{"start":{"line":493,"column":29},"end":{"line":493,"column":66}},"55":{"start":{"line":514,"column":31},"end":{"line":514,"column":66}},"56":{"start":{"line":520,"column":31},"end":{"line":520,"column":67}},"57":{"start":{"line":526,"column":31},"end":{"line":526,"column":66}},"58":{"start":{"line":540,"column":31},"end":{"line":540,"column":66}},"59":{"start":{"line":547,"column":31},"end":{"line":547,"column":67}},"60":{"start":{"line":554,"column":31},"end":{"line":554,"column":66}},"61":{"start":{"line":568,"column":31},"end":{"line":568,"column":68}},"62":{"start":{"line":575,"column":31},"end":{"line":575,"column":69}},"63":{"start":{"line":582,"column":31},"end":{"line":582,"column":68}},"64":{"start":{"line":596,"column":31},"end":{"line":596,"column":65}},"65":{"start":{"line":603,"column":31},"end":{"line":603,"column":66}},"66":{"start":{"line":610,"column":31},"end":{"line":610,"column":65}},"67":{"start":{"line":627,"column":27},"end":{"line":627,"column":55}},"68":{"start":{"line":633,"column":27},"end":{"line":633,"column":55}},"69":{"start":{"line":639,"column":27},"end":{"line":639,"column":57}},"70":{"start":{"line":643,"column":50},"end":{"line":643,"column":77}},"71":{"start":{"line":663,"column":31},"end":{"line":663,"column":61}},"72":{"start":{"line":670,"column":31},"end":{"line":670,"column":62}},"73":{"start":{"line":677,"column":31},"end":{"line":677,"column":61}},"74":{"start":{"line":692,"column":31},"end":{"line":692,"column":61}},"75":{"start":{"line":699,"column":31},"end":{"line":699,"column":62}},"76":{"start":{"line":706,"column":31},"end":{"line":706,"column":61}},"77":{"start":{"line":721,"column":31},"end":{"line":721,"column":63}},"78":{"start":{"line":728,"column":31},"end":{"line":728,"column":64}},"79":{"start":{"line":735,"column":31},"end":{"line":735,"column":63}},"80":{"start":{"line":748,"column":31},"end":{"line":748,"column":60}},"81":{"start":{"line":755,"column":31},"end":{"line":755,"column":61}},"82":{"start":{"line":762,"column":31},"end":{"line":762,"column":60}},"83":{"start":{"line":29,"column":13},"end":{"line":29,"column":61}},"84":{"start":{"line":774,"column":0},"end":{"line":774,"column":30}}},"fnMap":{"0":{"name":"(anonymous_1)","decl":{"start":{"line":29,"column":61},"end":{"line":29,"column":62}},"loc":{"start":{"line":32,"column":5},"end":{"line":772,"column":1}}},"1":{"name":"(anonymous_2)","decl":{"start":{"line":43,"column":29},"end":{"line":43,"column":32}},"loc":{"start":{"line":43,"column":35},"end":{"line":43,"column":65}}},"2":{"name":"(anonymous_3)","decl":{"start":{"line":47,"column":23},"end":{"line":47,"column":26}},"loc":{"start":{"line":47,"column":29},"end":{"line":47,"column":68}}},"3":{"name":"(anonymous_4)","decl":{"start":{"line":57,"column":23},"end":{"line":57,"column":26}},"loc":{"start":{"line":57,"column":29},"end":{"line":57,"column":60}}},"4":{"name":"(anonymous_5)","decl":{"start":{"line":63,"column":23},"end":{"line":63,"column":26}},"loc":{"start":{"line":63,"column":29},"end":{"line":63,"column":69}}},"5":{"name":"(anonymous_6)","decl":{"start":{"line":72,"column":29},"end":{"line":72,"column":32}},"loc":{"start":{"line":72,"column":35},"end":{"line":72,"column":65}}},"6":{"name":"(anonymous_7)","decl":{"start":{"line":76,"column":23},"end":{"line":76,"column":26}},"loc":{"start":{"line":76,"column":29},"end":{"line":76,"column":68}}},"7":{"name":"(anonymous_8)","decl":{"start":{"line":96,"column":23},"end":{"line":96,"column":26}},"loc":{"start":{"line":96,"column":29},"end":{"line":96,"column":59}}},"8":{"name":"(anonymous_9)","decl":{"start":{"line":103,"column":23},"end":{"line":103,"column":26}},"loc":{"start":{"line":103,"column":29},"end":{"line":103,"column":68}}},"9":{"name":"(anonymous_10)","decl":{"start":{"line":114,"column":23},"end":{"line":114,"column":26}},"loc":{"start":{"line":114,"column":29},"end":{"line":114,"column":60}}},"10":{"name":"(anonymous_11)","decl":{"start":{"line":121,"column":23},"end":{"line":121,"column":26}},"loc":{"start":{"line":121,"column":29},"end":{"line":121,"column":69}}},"11":{"name":"(anonymous_12)","decl":{"start":{"line":132,"column":23},"end":{"line":132,"column":26}},"loc":{"start":{"line":132,"column":29},"end":{"line":132,"column":59}}},"12":{"name":"(anonymous_13)","decl":{"start":{"line":139,"column":23},"end":{"line":139,"column":26}},"loc":{"start":{"line":139,"column":29},"end":{"line":139,"column":68}}},"13":{"name":"(anonymous_14)","decl":{"start":{"line":159,"column":23},"end":{"line":159,"column":26}},"loc":{"start":{"line":159,"column":29},"end":{"line":159,"column":61}}},"14":{"name":"(anonymous_15)","decl":{"start":{"line":166,"column":23},"end":{"line":166,"column":26}},"loc":{"start":{"line":166,"column":29},"end":{"line":166,"column":70}}},"15":{"name":"(anonymous_16)","decl":{"start":{"line":177,"column":23},"end":{"line":177,"column":26}},"loc":{"start":{"line":177,"column":29},"end":{"line":177,"column":62}}},"16":{"name":"(anonymous_17)","decl":{"start":{"line":184,"column":23},"end":{"line":184,"column":26}},"loc":{"start":{"line":184,"column":29},"end":{"line":184,"column":71}}},"17":{"name":"(anonymous_18)","decl":{"start":{"line":195,"column":23},"end":{"line":195,"column":26}},"loc":{"start":{"line":195,"column":29},"end":{"line":195,"column":61}}},"18":{"name":"(anonymous_19)","decl":{"start":{"line":202,"column":23},"end":{"line":202,"column":26}},"loc":{"start":{"line":202,"column":29},"end":{"line":202,"column":70}}},"19":{"name":"(anonymous_20)","decl":{"start":{"line":222,"column":23},"end":{"line":222,"column":26}},"loc":{"start":{"line":222,"column":29},"end":{"line":222,"column":58}}},"20":{"name":"(anonymous_21)","decl":{"start":{"line":229,"column":23},"end":{"line":229,"column":26}},"loc":{"start":{"line":229,"column":29},"end":{"line":229,"column":67}}},"21":{"name":"(anonymous_22)","decl":{"start":{"line":240,"column":23},"end":{"line":240,"column":26}},"loc":{"start":{"line":240,"column":29},"end":{"line":240,"column":59}}},"22":{"name":"(anonymous_23)","decl":{"start":{"line":247,"column":23},"end":{"line":247,"column":26}},"loc":{"start":{"line":247,"column":29},"end":{"line":247,"column":68}}},"23":{"name":"(anonymous_24)","decl":{"start":{"line":258,"column":23},"end":{"line":258,"column":26}},"loc":{"start":{"line":258,"column":29},"end":{"line":258,"column":58}}},"24":{"name":"(anonymous_25)","decl":{"start":{"line":265,"column":23},"end":{"line":265,"column":26}},"loc":{"start":{"line":265,"column":29},"end":{"line":265,"column":67}}},"25":{"name":"(anonymous_26)","decl":{"start":{"line":281,"column":33},"end":{"line":281,"column":36}},"loc":{"start":{"line":281,"column":39},"end":{"line":281,"column":69}}},"26":{"name":"(anonymous_27)","decl":{"start":{"line":287,"column":21},"end":{"line":287,"column":24}},"loc":{"start":{"line":287,"column":27},"end":{"line":287,"column":57}}},"27":{"name":"(anonymous_28)","decl":{"start":{"line":294,"column":21},"end":{"line":294,"column":24}},"loc":{"start":{"line":294,"column":27},"end":{"line":294,"column":59}}},"28":{"name":"(anonymous_29)","decl":{"start":{"line":301,"column":21},"end":{"line":301,"column":24}},"loc":{"start":{"line":301,"column":27},"end":{"line":301,"column":56}}},"29":{"name":"(anonymous_30)","decl":{"start":{"line":316,"column":21},"end":{"line":316,"column":24}},"loc":{"start":{"line":316,"column":27},"end":{"line":316,"column":53}}},"30":{"name":"(anonymous_31)","decl":{"start":{"line":323,"column":21},"end":{"line":323,"column":24}},"loc":{"start":{"line":323,"column":27},"end":{"line":323,"column":53}}},"31":{"name":"(anonymous_32)","decl":{"start":{"line":330,"column":21},"end":{"line":330,"column":24}},"loc":{"start":{"line":330,"column":27},"end":{"line":330,"column":55}}},"32":{"name":"(anonymous_33)","decl":{"start":{"line":337,"column":21},"end":{"line":337,"column":24}},"loc":{"start":{"line":337,"column":27},"end":{"line":337,"column":55}}},"33":{"name":"(anonymous_34)","decl":{"start":{"line":350,"column":36},"end":{"line":350,"column":39}},"loc":{"start":{"line":350,"column":42},"end":{"line":350,"column":72}}},"34":{"name":"(anonymous_35)","decl":{"start":{"line":356,"column":21},"end":{"line":356,"column":24}},"loc":{"start":{"line":356,"column":27},"end":{"line":356,"column":58}}},"35":{"name":"(anonymous_36)","decl":{"start":{"line":363,"column":21},"end":{"line":363,"column":24}},"loc":{"start":{"line":363,"column":27},"end":{"line":363,"column":58}}},"36":{"name":"(anonymous_37)","decl":{"start":{"line":370,"column":21},"end":{"line":370,"column":24}},"loc":{"start":{"line":370,"column":27},"end":{"line":370,"column":56}}},"37":{"name":"(anonymous_38)","decl":{"start":{"line":387,"column":21},"end":{"line":387,"column":24}},"loc":{"start":{"line":387,"column":27},"end":{"line":387,"column":54}}},"38":{"name":"(anonymous_39)","decl":{"start":{"line":402,"column":37},"end":{"line":402,"column":40}},"loc":{"start":{"line":402,"column":43},"end":{"line":402,"column":75}}},"39":{"name":"(anonymous_40)","decl":{"start":{"line":408,"column":23},"end":{"line":408,"column":26}},"loc":{"start":{"line":408,"column":29},"end":{"line":408,"column":67}}},"40":{"name":"(anonymous_41)","decl":{"start":{"line":415,"column":23},"end":{"line":415,"column":26}},"loc":{"start":{"line":415,"column":29},"end":{"line":415,"column":67}}},"41":{"name":"(anonymous_42)","decl":{"start":{"line":425,"column":23},"end":{"line":425,"column":26}},"loc":{"start":{"line":425,"column":29},"end":{"line":425,"column":61}}},"42":{"name":"(anonymous_43)","decl":{"start":{"line":433,"column":23},"end":{"line":433,"column":26}},"loc":{"start":{"line":433,"column":29},"end":{"line":433,"column":67}}},"43":{"name":"(anonymous_44)","decl":{"start":{"line":441,"column":23},"end":{"line":441,"column":26}},"loc":{"start":{"line":441,"column":29},"end":{"line":441,"column":67}}},"44":{"name":"(anonymous_45)","decl":{"start":{"line":451,"column":23},"end":{"line":451,"column":26}},"loc":{"start":{"line":451,"column":29},"end":{"line":451,"column":63}}},"45":{"name":"(anonymous_46)","decl":{"start":{"line":459,"column":23},"end":{"line":459,"column":26}},"loc":{"start":{"line":459,"column":29},"end":{"line":459,"column":69}}},"46":{"name":"(anonymous_47)","decl":{"start":{"line":467,"column":23},"end":{"line":467,"column":26}},"loc":{"start":{"line":467,"column":29},"end":{"line":467,"column":69}}},"47":{"name":"(anonymous_48)","decl":{"start":{"line":477,"column":23},"end":{"line":477,"column":26}},"loc":{"start":{"line":477,"column":29},"end":{"line":477,"column":60}}},"48":{"name":"(anonymous_49)","decl":{"start":{"line":485,"column":23},"end":{"line":485,"column":26}},"loc":{"start":{"line":485,"column":29},"end":{"line":485,"column":66}}},"49":{"name":"(anonymous_50)","decl":{"start":{"line":493,"column":23},"end":{"line":493,"column":26}},"loc":{"start":{"line":493,"column":29},"end":{"line":493,"column":66}}},"50":{"name":"(anonymous_51)","decl":{"start":{"line":514,"column":25},"end":{"line":514,"column":28}},"loc":{"start":{"line":514,"column":31},"end":{"line":514,"column":66}}},"51":{"name":"(anonymous_52)","decl":{"start":{"line":520,"column":25},"end":{"line":520,"column":28}},"loc":{"start":{"line":520,"column":31},"end":{"line":520,"column":67}}},"52":{"name":"(anonymous_53)","decl":{"start":{"line":526,"column":25},"end":{"line":526,"column":28}},"loc":{"start":{"line":526,"column":31},"end":{"line":526,"column":66}}},"53":{"name":"(anonymous_54)","decl":{"start":{"line":540,"column":25},"end":{"line":540,"column":28}},"loc":{"start":{"line":540,"column":31},"end":{"line":540,"column":66}}},"54":{"name":"(anonymous_55)","decl":{"start":{"line":547,"column":25},"end":{"line":547,"column":28}},"loc":{"start":{"line":547,"column":31},"end":{"line":547,"column":67}}},"55":{"name":"(anonymous_56)","decl":{"start":{"line":554,"column":25},"end":{"line":554,"column":28}},"loc":{"start":{"line":554,"column":31},"end":{"line":554,"column":66}}},"56":{"name":"(anonymous_57)","decl":{"start":{"line":568,"column":25},"end":{"line":568,"column":28}},"loc":{"start":{"line":568,"column":31},"end":{"line":568,"column":68}}},"57":{"name":"(anonymous_58)","decl":{"start":{"line":575,"column":25},"end":{"line":575,"column":28}},"loc":{"start":{"line":575,"column":31},"end":{"line":575,"column":69}}},"58":{"name":"(anonymous_59)","decl":{"start":{"line":582,"column":25},"end":{"line":582,"column":28}},"loc":{"start":{"line":582,"column":31},"end":{"line":582,"column":68}}},"59":{"name":"(anonymous_60)","decl":{"start":{"line":596,"column":25},"end":{"line":596,"column":28}},"loc":{"start":{"line":596,"column":31},"end":{"line":596,"column":65}}},"60":{"name":"(anonymous_61)","decl":{"start":{"line":603,"column":25},"end":{"line":603,"column":28}},"loc":{"start":{"line":603,"column":31},"end":{"line":603,"column":66}}},"61":{"name":"(anonymous_62)","decl":{"start":{"line":610,"column":25},"end":{"line":610,"column":28}},"loc":{"start":{"line":610,"column":31},"end":{"line":610,"column":65}}},"62":{"name":"(anonymous_63)","decl":{"start":{"line":627,"column":21},"end":{"line":627,"column":24}},"loc":{"start":{"line":627,"column":27},"end":{"line":627,"column":55}}},"63":{"name":"(anonymous_64)","decl":{"start":{"line":633,"column":21},"end":{"line":633,"column":24}},"loc":{"start":{"line":633,"column":27},"end":{"line":633,"column":55}}},"64":{"name":"(anonymous_65)","decl":{"start":{"line":639,"column":21},"end":{"line":639,"column":24}},"loc":{"start":{"line":639,"column":27},"end":{"line":639,"column":57}}},"65":{"name":"(anonymous_66)","decl":{"start":{"line":643,"column":44},"end":{"line":643,"column":47}},"loc":{"start":{"line":643,"column":50},"end":{"line":643,"column":77}}},"66":{"name":"(anonymous_67)","decl":{"start":{"line":663,"column":25},"end":{"line":663,"column":28}},"loc":{"start":{"line":663,"column":31},"end":{"line":663,"column":61}}},"67":{"name":"(anonymous_68)","decl":{"start":{"line":670,"column":25},"end":{"line":670,"column":28}},"loc":{"start":{"line":670,"column":31},"end":{"line":670,"column":62}}},"68":{"name":"(anonymous_69)","decl":{"start":{"line":677,"column":25},"end":{"line":677,"column":28}},"loc":{"start":{"line":677,"column":31},"end":{"line":677,"column":61}}},"69":{"name":"(anonymous_70)","decl":{"start":{"line":692,"column":25},"end":{"line":692,"column":28}},"loc":{"start":{"line":692,"column":31},"end":{"line":692,"column":61}}},"70":{"name":"(anonymous_71)","decl":{"start":{"line":699,"column":25},"end":{"line":699,"column":28}},"loc":{"start":{"line":699,"column":31},"end":{"line":699,"column":62}}},"71":{"name":"(anonymous_72)","decl":{"start":{"line":706,"column":25},"end":{"line":706,"column":28}},"loc":{"start":{"line":706,"column":31},"end":{"line":706,"column":61}}},"72":{"name":"(anonymous_73)","decl":{"start":{"line":721,"column":25},"end":{"line":721,"column":28}},"loc":{"start":{"line":721,"column":31},"end":{"line":721,"column":63}}},"73":{"name":"(anonymous_74)","decl":{"start":{"line":728,"column":25},"end":{"line":728,"column":28}},"loc":{"start":{"line":728,"column":31},"end":{"line":728,"column":64}}},"74":{"name":"(anonymous_75)","decl":{"start":{"line":735,"column":25},"end":{"line":735,"column":28}},"loc":{"start":{"line":735,"column":31},"end":{"line":735,"column":63}}},"75":{"name":"(anonymous_76)","decl":{"start":{"line":748,"column":25},"end":{"line":748,"column":28}},"loc":{"start":{"line":748,"column":31},"end":{"line":748,"column":60}}},"76":{"name":"(anonymous_77)","decl":{"start":{"line":755,"column":25},"end":{"line":755,"column":28}},"loc":{"start":{"line":755,"column":31},"end":{"line":755,"column":61}}},"77":{"name":"(anonymous_78)","decl":{"start":{"line":762,"column":25},"end":{"line":762,"column":28}},"loc":{"start":{"line":762,"column":31},"end":{"line":762,"column":60}}}},"branchMap":{},"s":{"0":0,"1":0,"2":0,"3":0,"4":0,"5":0,"6":0,"7":0,"8":0,"9":0,"10":0,"11":0,"12":0,"13":0,"14":0,"15":0,"16":0,"17":0,"18":0,"19":0,"20":0,"21":0,"22":0,"23":0,"24":0,"25":0,"26":0,"27":0,"28":0,"29":0,"30":0,"31":0,"32":0,"33":0,"34":0,"35":0,"36":0,"37":0,"38":0,"39":0,"40":0,"41":0,"42":0,"43":0,"44":0,"45":0,"46":0,"47":0,"48":0,"49":0,"50":0,"51":0,"52":0,"53":0,"54":0,"55":0,"56":0,"57":0,"58":0,"59":0,"60":0,"61":0,"62":0,"63":0,"64":0,"65":0,"66":0,"67":0,"68":0,"69":0,"70":0,"71":0,"72":0,"73":0,"74":0,"75":0,"76":0,"77":0,"78":0,"79":0,"80":0,"81":0,"82":0,"83":0,"84":0},"f":{"0":0,"1":0,"2":0,"3":0,"4":0,"5":0,"6":0,"7":0,"8":0,"9":0,"10":0,"11":0,"12":0,"13":0,"14":0,"15":0,"16":0,"17":0,"18":0,"19":0,"20":0,"21":0,"22":0,"23":0,"24":0,"25":0,"26":0,"27":0,"28":0,"29":0,"30":0,"31":0,"32":0,"33":0,"34":0,"35":0,"36":0,"37":0,"38":0,"39":0,"40":0,"41":0,"42":0,"43":0,"44":0,"45":0,"46":0,"47":0,"48":0,"49":0,"50":0,"51":0,"52":0,"53":0,"54":0,"55":0,"56":0,"57":0,"58":0,"59":0,"60":0,"61":0,"62":0,"63":0,"64":0,"65":0,"66":0,"67":0,"68":0,"69":0,"70":0,"71":0,"72":0,"73":0,"74":0,"75":0,"76":0,"77":0},"b":{}}
,"C:\\Users\\User\\Documents\\Cursor\\PCPartKeeper - React\\src\\components\\DataTableShowcase.tsx": {"path":"C:\\Users\\User\\Documents\\Cursor\\PCPartKeeper - React\\src\\components\\DataTableShowcase.tsx","statementMap":{"0":{"start":{"line":1,"column":0},"end":{"line":1,"column":26}},"1":{"start":{"line":2,"column":0},"end":{"line":2,"column":30}},"2":{"start":{"line":3,"column":0},"end":{"line":3,"column":56}},"3":{"start":{"line":4,"column":0},"end":{"line":4,"column":38}},"4":{"start":{"line":5,"column":0},"end":{"line":5,"column":49}},"5":{"start":{"line":43,"column":67},"end":{"line":202,"column":1}},"6":{"start":{"line":48,"column":2},"end":{"line":52,"column":5}},"7":{"start":{"line":55,"column":2},"end":{"line":65,"column":3}},"8":{"start":{"line":56,"column":4},"end":{"line":59,"column":6}},"9":{"start":{"line":60,"column":4},"end":{"line":64,"column":6}},"10":{"start":{"line":67,"column":2},"end":{"line":201,"column":4}},"11":{"start":{"line":88,"column":31},"end":{"line":88,"column":61}},"12":{"start":{"line":96,"column":31},"end":{"line":96,"column":64}},"13":{"start":{"line":107,"column":18},"end":{"line":107,"column":null}},"14":{"start":{"line":142,"column":18},"end":{"line":142,"column":null}},"15":{"start":{"line":175,"column":18},"end":{"line":175,"column":null}},"16":{"start":{"line":43,"column":13},"end":{"line":43,"column":67}},"17":{"start":{"line":204,"column":0},"end":{"line":204,"column":33}}},"fnMap":{"0":{"name":"(anonymous_1)","decl":{"start":{"line":43,"column":67},"end":{"line":43,"column":68}},"loc":{"start":{"line":47,"column":5},"end":{"line":202,"column":1}}},"1":{"name":"(anonymous_2)","decl":{"start":{"line":88,"column":25},"end":{"line":88,"column":28}},"loc":{"start":{"line":88,"column":31},"end":{"line":88,"column":61}}},"2":{"name":"(anonymous_3)","decl":{"start":{"line":96,"column":25},"end":{"line":96,"column":28}},"loc":{"start":{"line":96,"column":31},"end":{"line":96,"column":64}}},"3":{"name":"(anonymous_4)","decl":{"start":{"line":106,"column":38},"end":{"line":106,"column":39}},"loc":{"start":{"line":107,"column":18},"end":{"line":107,"column":null}}},"4":{"name":"(anonymous_5)","decl":{"start":{"line":141,"column":38},"end":{"line":141,"column":39}},"loc":{"start":{"line":142,"column":18},"end":{"line":142,"column":null}}},"5":{"name":"(anonymous_6)","decl":{"start":{"line":174,"column":38},"end":{"line":174,"column":39}},"loc":{"start":{"line":175,"column":18},"end":{"line":175,"column":null}}},"6":{"name":"(anonymous_7)","decl":{"start":{"line":195,"column":20},"end":{"line":195,"column":23}},"loc":{"start":{"line":195,"column":25},"end":{"line":195,"column":28}}},"7":{"name":"(anonymous_8)","decl":{"start":{"line":196,"column":22},"end":{"line":196,"column":25}},"loc":{"start":{"line":196,"column":27},"end":{"line":196,"column":30}}},"8":{"name":"(anonymous_9)","decl":{"start":{"line":197,"column":24},"end":{"line":197,"column":27}},"loc":{"start":{"line":197,"column":29},"end":{"line":197,"column":32}}}},"branchMap":{"0":{"loc":{"start":{"line":55,"column":2},"end":{"line":65,"column":3}},"type":"if","locations":[{"start":{"line":55,"column":2},"end":{"line":65,"column":3}}]},"1":{"loc":{"start":{"line":55,"column":6},"end":{"line":55,"column":59}},"type":"binary-expr","locations":[{"start":{"line":55,"column":6},"end":{"line":55,"column":23}},{"start":{"line":55,"column":27},"end":{"line":55,"column":59}}]}},"s":{"0":0,"1":0,"2":0,"3":0,"4":0,"5":0,"6":0,"7":0,"8":0,"9":0,"10":0,"11":0,"12":0,"13":0,"14":0,"15":0,"16":0,"17":0},"f":{"0":0,"1":0,"2":0,"3":0,"4":0,"5":0,"6":0,"7":0,"8":0},"b":{"0":[0],"1":[0,0]}}
,"C:\\Users\\User\\Documents\\Cursor\\PCPartKeeper - React\\src\\components\\DataTableTest.tsx": {"path":"C:\\Users\\User\\Documents\\Cursor\\PCPartKeeper - React\\src\\components\\DataTableTest.tsx","statementMap":{"0":{"start":{"line":1,"column":0},"end":{"line":1,"column":26}},"1":{"start":{"line":2,"column":0},"end":{"line":2,"column":66}},"2":{"start":{"line":3,"column":0},"end":{"line":3,"column":60}},"3":{"start":{"line":8,"column":39},"end":{"line":26,"column":1}},"4":{"start":{"line":9,"column":2},"end":{"line":25,"column":4}},"5":{"start":{"line":20,"column":28},"end":{"line":20,"column":56}},"6":{"start":{"line":21,"column":38},"end":{"line":21,"column":76}},"7":{"start":{"line":22,"column":37},"end":{"line":22,"column":75}},"8":{"start":{"line":8,"column":13},"end":{"line":8,"column":39}},"9":{"start":{"line":28,"column":0},"end":{"line":28,"column":29}}},"fnMap":{"0":{"name":"(anonymous_1)","decl":{"start":{"line":8,"column":39},"end":{"line":8,"column":42}},"loc":{"start":{"line":8,"column":44},"end":{"line":26,"column":1}}},"1":{"name":"(anonymous_2)","decl":{"start":{"line":20,"column":16},"end":{"line":20,"column":17}},"loc":{"start":{"line":20,"column":28},"end":{"line":20,"column":56}}},"2":{"name":"(anonymous_3)","decl":{"start":{"line":21,"column":18},"end":{"line":21,"column":19}},"loc":{"start":{"line":21,"column":38},"end":{"line":21,"column":76}}},"3":{"name":"(anonymous_4)","decl":{"start":{"line":22,"column":20},"end":{"line":22,"column":21}},"loc":{"start":{"line":22,"column":37},"end":{"line":22,"column":75}}}},"branchMap":{},"s":{"0":0,"1":0,"2":0,"3":0,"4":0,"5":0,"6":0,"7":0,"8":0,"9":0},"f":{"0":0,"1":0,"2":0,"3":0},"b":{}}
,"C:\\Users\\User\\Documents\\Cursor\\PCPartKeeper - React\\src\\components\\EmptyState.tsx": {"path":"C:\\Users\\User\\Documents\\Cursor\\PCPartKeeper - React\\src\\components\\EmptyState.tsx","statementMap":{"0":{"start":{"line":1,"column":0},"end":{"line":1,"column":26}},"1":{"start":{"line":20,"column":53},"end":{"line":68,"column":1}},"2":{"start":{"line":27,"column":2},"end":{"line":67,"column":4}},"3":{"start":{"line":20,"column":13},"end":{"line":20,"column":53}},"4":{"start":{"line":70,"column":0},"end":{"line":70,"column":26}}},"fnMap":{"0":{"name":"(anonymous_1)","decl":{"start":{"line":20,"column":53},"end":{"line":20,"column":54}},"loc":{"start":{"line":26,"column":5},"end":{"line":68,"column":1}}}},"branchMap":{"0":{"loc":{"start":{"line":25,"column":2},"end":{"line":25,"column":16}},"type":"default-arg","locations":[{"start":{"line":25,"column":14},"end":{"line":25,"column":16}}]},"1":{"loc":{"start":{"line":40,"column":9},"end":{"line":45,"column":null}},"type":"binary-expr","locations":[{"start":{"line":40,"column":9},"end":{"line":40,"column":13}},{"start":{"line":41,"column":10},"end":{"line":44,"column":null}}]},"2":{"loc":{"start":{"line":52,"column":9},"end":{"line":55,"column":null}},"type":"binary-expr","locations":[{"start":{"line":52,"column":9},"end":{"line":52,"column":20}},{"start":{"line":53,"column":10},"end":{"line":54,"column":null}}]},"3":{"loc":{"start":{"line":58,"column":9},"end":{"line":63,"column":null}},"type":"binary-expr","locations":[{"start":{"line":58,"column":9},"end":{"line":58,"column":15}},{"start":{"line":59,"column":10},"end":{"line":62,"column":null}}]}},"s":{"0":0,"1":0,"2":0,"3":0,"4":0},"f":{"0":0},"b":{"0":[0],"1":[0,0],"2":[0,0],"3":[0,0]}}
,"C:\\Users\\User\\Documents\\Cursor\\PCPartKeeper - React\\src\\components\\ErrorBoundary.tsx": {"path":"C:\\Users\\User\\Documents\\Cursor\\PCPartKeeper - React\\src\\components\\ErrorBoundary.tsx","statementMap":{"0":{"start":{"line":1,"column":0},"end":{"line":1,"column":63}},"1":{"start":{"line":2,"column":0},"end":{"line":2,"column":38}},"2":{"start":{"line":24,"column":4},"end":{"line":24,"column":17}},"3":{"start":{"line":25,"column":4},"end":{"line":25,"column":37}},"4":{"start":{"line":30,"column":4},"end":{"line":30,"column":37}},"5":{"start":{"line":35,"column":4},"end":{"line":37,"column":5}},"6":{"start":{"line":36,"column":6},"end":{"line":36,"column":72}},"7":{"start":{"line":40,"column":4},"end":{"line":50,"column":5}},"8":{"start":{"line":41,"column":30},"end":{"line":41,"column":67}},"9":{"start":{"line":42,"column":6},"end":{"line":47,"column":9}},"10":{"start":{"line":49,"column":6},"end":{"line":49,"column":69}},"11":{"start":{"line":53,"column":4},"end":{"line":55,"column":5}},"12":{"start":{"line":54,"column":6},"end":{"line":54,"column":43}},"13":{"start":{"line":59,"column":4},"end":{"line":124,"column":5}},"14":{"start":{"line":61,"column":6},"end":{"line":63,"column":7}},"15":{"start":{"line":62,"column":8},"end":{"line":62,"column":35}},"16":{"start":{"line":66,"column":6},"end":{"line":123,"column":8}},"17":{"start":{"line":97,"column":31},"end":{"line":97,"column":55}},"18":{"start":{"line":104,"column":31},"end":{"line":104,"column":65}},"19":{"start":{"line":126,"column":4},"end":{"line":126,"column":31}},"20":{"start":{"line":130,"column":0},"end":{"line":130,"column":29}}},"fnMap":{"0":{"name":"(anonymous_9)","decl":{"start":{"line":23,"column":2},"end":{"line":23,"column":14}},"loc":{"start":{"line":23,"column":26},"end":{"line":26,"column":3}}},"1":{"name":"(anonymous_10)","decl":{"start":{"line":28,"column":2},"end":{"line":28,"column":8}},"loc":{"start":{"line":28,"column":46},"end":{"line":31,"column":3}}},"2":{"name":"(anonymous_11)","decl":{"start":{"line":33,"column":2},"end":{"line":33,"column":19}},"loc":{"start":{"line":33,"column":54},"end":{"line":56,"column":3}}},"3":{"name":"(anonymous_12)","decl":{"start":{"line":58,"column":2},"end":{"line":58,"column":8}},"loc":{"start":{"line":58,"column":8},"end":{"line":127,"column":3}}},"4":{"name":"(anonymous_13)","decl":{"start":{"line":97,"column":25},"end":{"line":97,"column":28}},"loc":{"start":{"line":97,"column":31},"end":{"line":97,"column":55}}},"5":{"name":"(anonymous_14)","decl":{"start":{"line":104,"column":25},"end":{"line":104,"column":28}},"loc":{"start":{"line":104,"column":31},"end":{"line":104,"column":65}}}},"branchMap":{"0":{"loc":{"start":{"line":35,"column":4},"end":{"line":37,"column":5}},"type":"if","locations":[{"start":{"line":35,"column":4},"end":{"line":37,"column":5}}]},"1":{"loc":{"start":{"line":53,"column":4},"end":{"line":55,"column":5}},"type":"if","locations":[{"start":{"line":53,"column":4},"end":{"line":55,"column":5}}]},"2":{"loc":{"start":{"line":59,"column":4},"end":{"line":124,"column":5}},"type":"if","locations":[{"start":{"line":59,"column":4},"end":{"line":124,"column":5}}]},"3":{"loc":{"start":{"line":61,"column":6},"end":{"line":63,"column":7}},"type":"if","locations":[{"start":{"line":61,"column":6},"end":{"line":63,"column":7}}]},"4":{"loc":{"start":{"line":111,"column":13},"end":{"line":119,"column":null}},"type":"binary-expr","locations":[{"start":{"line":111,"column":13},"end":{"line":111,"column":51}},{"start":{"line":111,"column":55},"end":{"line":111,"column":71}},{"start":{"line":112,"column":14},"end":{"line":118,"column":null}}]}},"s":{"0":0,"1":0,"2":0,"3":0,"4":0,"5":0,"6":0,"7":0,"8":0,"9":0,"10":0,"11":0,"12":0,"13":0,"14":0,"15":0,"16":0,"17":0,"18":0,"19":0,"20":0},"f":{"0":0,"1":0,"2":0,"3":0,"4":0,"5":0},"b":{"0":[0],"1":[0],"2":[0],"3":[0],"4":[0,0,0]}}
,"C:\\Users\\User\\Documents\\Cursor\\PCPartKeeper - React\\src\\components\\ErrorState.tsx": {"path":"C:\\Users\\User\\Documents\\Cursor\\PCPartKeeper - React\\src\\components\\ErrorState.tsx","statementMap":{"0":{"start":{"line":1,"column":0},"end":{"line":1,"column":26}},"1":{"start":{"line":2,"column":0},"end":{"line":2,"column":71}},"2":{"start":{"line":20,"column":53},"end":{"line":53,"column":1}},"3":{"start":{"line":26,"column":2},"end":{"line":52,"column":4}},"4":{"start":{"line":20,"column":13},"end":{"line":20,"column":53}},"5":{"start":{"line":55,"column":0},"end":{"line":55,"column":26}}},"fnMap":{"0":{"name":"(anonymous_1)","decl":{"start":{"line":20,"column":53},"end":{"line":20,"column":54}},"loc":{"start":{"line":25,"column":5},"end":{"line":53,"column":1}}}},"branchMap":{"0":{"loc":{"start":{"line":21,"column":2},"end":{"line":21,"column":32}},"type":"default-arg","locations":[{"start":{"line":21,"column":10},"end":{"line":21,"column":32}}]},"1":{"loc":{"start":{"line":22,"column":2},"end":{"line":22,"column":58}},"type":"default-arg","locations":[{"start":{"line":22,"column":12},"end":{"line":22,"column":58}}]},"2":{"loc":{"start":{"line":24,"column":2},"end":{"line":24,"column":16}},"type":"default-arg","locations":[{"start":{"line":24,"column":14},"end":{"line":24,"column":16}}]},"3":{"loc":{"start":{"line":41,"column":9},"end":{"line":48,"column":null}},"type":"binary-expr","locations":[{"start":{"line":41,"column":9},"end":{"line":41,"column":16}},{"start":{"line":42,"column":10},"end":{"line":46,"column":null}}]}},"s":{"0":0,"1":0,"2":0,"3":0,"4":0,"5":0},"f":{"0":0},"b":{"0":[0],"1":[0],"2":[0],"3":[0,0]}}
,"C:\\Users\\User\\Documents\\Cursor\\PCPartKeeper - React\\src\\components\\FormInput.tsx": {"path":"C:\\Users\\User\\Documents\\Cursor\\PCPartKeeper - React\\src\\components\\FormInput.tsx","statementMap":{"0":{"start":{"line":1,"column":0},"end":{"line":1,"column":26}},"1":{"start":{"line":27,"column":51},"end":{"line":88,"column":1}},"2":{"start":{"line":40,"column":23},"end":{"line":48,"column":10}},"3":{"start":{"line":50,"column":2},"end":{"line":87,"column":4}},"4":{"start":{"line":64,"column":23},"end":{"line":64,"column":47}},"5":{"start":{"line":27,"column":13},"end":{"line":27,"column":51}},"6":{"start":{"line":90,"column":0},"end":{"line":90,"column":25}}},"fnMap":{"0":{"name":"(anonymous_1)","decl":{"start":{"line":27,"column":51},"end":{"line":27,"column":52}},"loc":{"start":{"line":39,"column":5},"end":{"line":88,"column":1}}},"1":{"name":"(anonymous_2)","decl":{"start":{"line":64,"column":18},"end":{"line":64,"column":19}},"loc":{"start":{"line":64,"column":23},"end":{"line":64,"column":47}}}},"branchMap":{"0":{"loc":{"start":{"line":30,"column":2},"end":{"line":30,"column":15}},"type":"default-arg","locations":[{"start":{"line":30,"column":9},"end":{"line":30,"column":15}}]},"1":{"loc":{"start":{"line":34,"column":2},"end":{"line":34,"column":18}},"type":"default-arg","locations":[{"start":{"line":34,"column":13},"end":{"line":34,"column":18}}]},"2":{"loc":{"start":{"line":35,"column":2},"end":{"line":35,"column":18}},"type":"default-arg","locations":[{"start":{"line":35,"column":13},"end":{"line":35,"column":18}}]},"3":{"loc":{"start":{"line":38,"column":2},"end":{"line":38,"column":16}},"type":"default-arg","locations":[{"start":{"line":38,"column":14},"end":{"line":38,"column":16}}]},"4":{"loc":{"start":{"line":46,"column":6},"end":{"line":46,"column":62}},"type":"cond-expr","locations":[{"start":{"line":46,"column":14},"end":{"line":46,"column":36}},{"start":{"line":46,"column":39},"end":{"line":46,"column":62}}]},"5":{"loc":{"start":{"line":57,"column":9},"end":{"line":57,"column":71}},"type":"binary-expr","locations":[{"start":{"line":57,"column":9},"end":{"line":57,"column":17}},{"start":{"line":57,"column":21},"end":{"line":57,"column":71}}]},"6":{"loc":{"start":{"line":70,"column":10},"end":{"line":70,"column":73}},"type":"cond-expr","locations":[{"start":{"line":70,"column":18},"end":{"line":70,"column":31}},{"start":{"line":70,"column":34},"end":{"line":70,"column":73}}]},"7":{"loc":{"start":{"line":70,"column":34},"end":{"line":70,"column":73}},"type":"cond-expr","locations":[{"start":{"line":70,"column":47},"end":{"line":70,"column":61}},{"start":{"line":70,"column":64},"end":{"line":70,"column":73}}]},"8":{"loc":{"start":{"line":72,"column":22},"end":{"line":72,"column":46}},"type":"cond-expr","locations":[{"start":{"line":72,"column":30},"end":{"line":72,"column":36}},{"start":{"line":72,"column":39},"end":{"line":72,"column":46}}]},"9":{"loc":{"start":{"line":75,"column":7},"end":{"line":78,"column":null}},"type":"binary-expr","locations":[{"start":{"line":75,"column":7},"end":{"line":75,"column":12}},{"start":{"line":76,"column":8},"end":{"line":77,"column":null}}]},"10":{"loc":{"start":{"line":81,"column":7},"end":{"line":84,"column":null}},"type":"binary-expr","locations":[{"start":{"line":81,"column":7},"end":{"line":81,"column":17}},{"start":{"line":81,"column":21},"end":{"line":81,"column":27}},{"start":{"line":82,"column":8},"end":{"line":83,"column":null}}]}},"s":{"0":0,"1":0,"2":0,"3":0,"4":0,"5":0,"6":0},"f":{"0":0,"1":0},"b":{"0":[0],"1":[0],"2":[0],"3":[0],"4":[0,0],"5":[0,0],"6":[0,0],"7":[0,0],"8":[0,0],"9":[0,0],"10":[0,0,0]}}
,"C:\\Users\\User\\Documents\\Cursor\\PCPartKeeper - React\\src\\components\\ItemRow.tsx": {"path":"C:\\Users\\User\\Documents\\Cursor\\PCPartKeeper - React\\src\\components\\ItemRow.tsx","statementMap":{"0":{"start":{"line":1,"column":0},"end":{"line":1,"column":36}},"1":{"start":{"line":2,"column":0},"end":{"line":2,"column":30}},"2":{"start":{"line":3,"column":0},"end":{"line":3,"column":47}},"3":{"start":{"line":32,"column":16},"end":{"line":133,"column":2}},"4":{"start":{"line":36,"column":22},"end":{"line":41,"column":3}},"5":{"start":{"line":37,"column":4},"end":{"line":40,"column":21}},"6":{"start":{"line":46,"column":21},"end":{"line":52,"column":3}},"7":{"start":{"line":47,"column":4},"end":{"line":51,"column":7}},"8":{"start":{"line":54,"column":21},"end":{"line":61,"column":3}},"9":{"start":{"line":55,"column":4},"end":{"line":60,"column":5}},"10":{"start":{"line":56,"column":6},"end":{"line":56,"column":19}},"11":{"start":{"line":58,"column":6},"end":{"line":58,"column":41}},"12":{"start":{"line":63,"column":23},"end":{"line":70,"column":3}},"13":{"start":{"line":64,"column":4},"end":{"line":69,"column":5}},"14":{"start":{"line":65,"column":6},"end":{"line":65,"column":21}},"15":{"start":{"line":67,"column":6},"end":{"line":67,"column":43}},"16":{"start":{"line":72,"column":2},"end":{"line":132,"column":4}},"17":{"start":{"line":135,"column":0},"end":{"line":135,"column":32}},"18":{"start":{"line":137,"column":0},"end":{"line":137,"column":23}}},"fnMap":{"0":{"name":"(anonymous_10)","decl":{"start":{"line":32,"column":35},"end":{"line":32,"column":36}},"loc":{"start":{"line":32,"column":66},"end":{"line":133,"column":1}}},"1":{"name":"(anonymous_11)","decl":{"start":{"line":36,"column":22},"end":{"line":36,"column":23}},"loc":{"start":{"line":36,"column":48},"end":{"line":41,"column":3}}},"2":{"name":"(anonymous_12)","decl":{"start":{"line":46,"column":21},"end":{"line":46,"column":22}},"loc":{"start":{"line":46,"column":52},"end":{"line":52,"column":3}}},"3":{"name":"(anonymous_13)","decl":{"start":{"line":54,"column":21},"end":{"line":54,"column":30}},"loc":{"start":{"line":54,"column":32},"end":{"line":61,"column":3}}},"4":{"name":"(anonymous_14)","decl":{"start":{"line":63,"column":23},"end":{"line":63,"column":32}},"loc":{"start":{"line":63,"column":34},"end":{"line":70,"column":3}}}},"branchMap":{"0":{"loc":{"start":{"line":55,"column":4},"end":{"line":60,"column":5}},"type":"if","locations":[{"start":{"line":55,"column":4},"end":{"line":60,"column":5}},{"start":{"line":57,"column":11},"end":{"line":60,"column":5}}]},"1":{"loc":{"start":{"line":64,"column":4},"end":{"line":69,"column":5}},"type":"if","locations":[{"start":{"line":64,"column":4},"end":{"line":69,"column":5}},{"start":{"line":66,"column":11},"end":{"line":69,"column":5}}]}},"s":{"0":0,"1":0,"2":0,"3":0,"4":0,"5":0,"6":0,"7":0,"8":0,"9":0,"10":0,"11":0,"12":0,"13":0,"14":0,"15":0,"16":0,"17":0,"18":0},"f":{"0":0,"1":0,"2":0,"3":0,"4":0},"b":{"0":[0,0],"1":[0,0]}}
,"C:\\Users\\User\\Documents\\Cursor\\PCPartKeeper - React\\src\\components\\ItemsFilters.tsx": {"path":"C:\\Users\\User\\Documents\\Cursor\\PCPartKeeper - React\\src\\components\\ItemsFilters.tsx","statementMap":{"0":{"start":{"line":1,"column":0},"end":{"line":1,"column":26}},"1":{"start":{"line":3,"column":0},"end":{"line":3,"column":54}},"2":{"start":{"line":4,"column":0},"end":{"line":4,"column":50}},"3":{"start":{"line":30,"column":13},"end":{"line":247,"column":3}},"4":{"start":{"line":37,"column":29},"end":{"line":42,"column":3}},"5":{"start":{"line":38,"column":4},"end":{"line":41,"column":7}},"6":{"start":{"line":44,"column":33},"end":{"line":52,"column":3}},"7":{"start":{"line":45,"column":4},"end":{"line":51,"column":7}},"8":{"start":{"line":54,"column":2},"end":{"line":246,"column":4}},"9":{"start":{"line":85,"column":27},"end":{"line":85,"column":73}},"10":{"start":{"line":91,"column":14},"end":{"line":91,"column":37}},"11":{"start":{"line":112,"column":27},"end":{"line":112,"column":70}},"12":{"start":{"line":118,"column":14},"end":{"line":118,"column":34}},"13":{"start":{"line":144,"column":33},"end":{"line":144,"column":69}},"14":{"start":{"line":155,"column":33},"end":{"line":155,"column":69}},"15":{"start":{"line":177,"column":16},"end":{"line":177,"column":72}},"16":{"start":{"line":178,"column":14},"end":{"line":178,"column":51}},"17":{"start":{"line":205,"column":16},"end":{"line":205,"column":71}},"18":{"start":{"line":206,"column":14},"end":{"line":206,"column":50}},"19":{"start":{"line":227,"column":14},"end":{"line":233,"column":16}},"20":{"start":{"line":249,"column":0},"end":{"line":249,"column":42}},"21":{"start":{"line":251,"column":0},"end":{"line":251,"column":28}}},"fnMap":{"0":{"name":"(anonymous_1)","decl":{"start":{"line":30,"column":68},"end":{"line":30,"column":69}},"loc":{"start":{"line":36,"column":5},"end":{"line":247,"column":1}}},"1":{"name":"(anonymous_2)","decl":{"start":{"line":37,"column":29},"end":{"line":37,"column":30}},"loc":{"start":{"line":37,"column":70},"end":{"line":42,"column":3}}},"2":{"name":"(anonymous_3)","decl":{"start":{"line":44,"column":33},"end":{"line":44,"column":34}},"loc":{"start":{"line":44,"column":73},"end":{"line":52,"column":3}}},"3":{"name":"(anonymous_4)","decl":{"start":{"line":85,"column":22},"end":{"line":85,"column":23}},"loc":{"start":{"line":85,"column":27},"end":{"line":85,"column":73}}},"4":{"name":"(anonymous_5)","decl":{"start":{"line":90,"column":28},"end":{"line":90,"column":36}},"loc":{"start":{"line":91,"column":14},"end":{"line":91,"column":37}}},"5":{"name":"(anonymous_6)","decl":{"start":{"line":112,"column":22},"end":{"line":112,"column":23}},"loc":{"start":{"line":112,"column":27},"end":{"line":112,"column":70}}},"6":{"name":"(anonymous_7)","decl":{"start":{"line":117,"column":24},"end":{"line":117,"column":29}},"loc":{"start":{"line":118,"column":14},"end":{"line":118,"column":34}}},"7":{"name":"(anonymous_8)","decl":{"start":{"line":144,"column":24},"end":{"line":144,"column":29}},"loc":{"start":{"line":144,"column":33},"end":{"line":144,"column":69}}},"8":{"name":"(anonymous_9)","decl":{"start":{"line":155,"column":24},"end":{"line":155,"column":29}},"loc":{"start":{"line":155,"column":33},"end":{"line":155,"column":69}}},"9":{"name":"(anonymous_10)","decl":{"start":{"line":175,"column":22},"end":{"line":175,"column":23}},"loc":{"start":{"line":175,"column":26},"end":{"line":179,"column":13}}},"10":{"name":"(anonymous_11)","decl":{"start":{"line":203,"column":22},"end":{"line":203,"column":23}},"loc":{"start":{"line":203,"column":26},"end":{"line":207,"column":13}}},"11":{"name":"(anonymous_12)","decl":{"start":{"line":226,"column":21},"end":{"line":226,"column":24}},"loc":{"start":{"line":227,"column":14},"end":{"line":233,"column":16}}}},"branchMap":{"0":{"loc":{"start":{"line":35,"column":2},"end":{"line":35,"column":16}},"type":"default-arg","locations":[{"start":{"line":35,"column":14},"end":{"line":35,"column":16}}]},"1":{"loc":{"start":{"line":174,"column":19},"end":{"line":174,"column":77}},"type":"cond-expr","locations":[{"start":{"line":174,"column":46},"end":{"line":174,"column":48}},{"start":{"line":174,"column":51},"end":{"line":174,"column":77}}]},"2":{"loc":{"start":{"line":177,"column":16},"end":{"line":177,"column":72}},"type":"cond-expr","locations":[{"start":{"line":177,"column":40},"end":{"line":177,"column":44}},{"start":{"line":177,"column":47},"end":{"line":177,"column":72}}]},"3":{"loc":{"start":{"line":202,"column":19},"end":{"line":202,"column":75}},"type":"cond-expr","locations":[{"start":{"line":202,"column":45},"end":{"line":202,"column":47}},{"start":{"line":202,"column":50},"end":{"line":202,"column":75}}]},"4":{"loc":{"start":{"line":205,"column":16},"end":{"line":205,"column":71}},"type":"cond-expr","locations":[{"start":{"line":205,"column":40},"end":{"line":205,"column":44}},{"start":{"line":205,"column":47},"end":{"line":205,"column":71}}]}},"s":{"0":0,"1":0,"2":0,"3":0,"4":0,"5":0,"6":0,"7":0,"8":0,"9":0,"10":0,"11":0,"12":0,"13":0,"14":0,"15":0,"16":0,"17":0,"18":0,"19":0,"20":0,"21":0},"f":{"0":0,"1":0,"2":0,"3":0,"4":0,"5":0,"6":0,"7":0,"8":0,"9":0,"10":0,"11":0},"b":{"0":[0],"1":[0,0],"2":[0,0],"3":[0,0],"4":[0,0]}}
,"C:\\Users\\User\\Documents\\Cursor\\PCPartKeeper - React\\src\\components\\ItemsHeader.tsx": {"path":"C:\\Users\\User\\Documents\\Cursor\\PCPartKeeper - React\\src\\components\\ItemsHeader.tsx","statementMap":{"0":{"start":{"line":1,"column":0},"end":{"line":1,"column":26}},"1":{"start":{"line":2,"column":0},"end":{"line":2,"column":36}},"2":{"start":{"line":3,"column":0},"end":{"line":3,"column":44}},"3":{"start":{"line":4,"column":0},"end":{"line":4,"column":30}},"4":{"start":{"line":27,"column":13},"end":{"line":99,"column":3}},"5":{"start":{"line":36,"column":2},"end":{"line":98,"column":4}},"6":{"start":{"line":101,"column":0},"end":{"line":101,"column":40}},"7":{"start":{"line":103,"column":0},"end":{"line":103,"column":27}}},"fnMap":{"0":{"name":"(anonymous_1)","decl":{"start":{"line":27,"column":66},"end":{"line":27,"column":67}},"loc":{"start":{"line":35,"column":5},"end":{"line":99,"column":1}}}},"branchMap":{"0":{"loc":{"start":{"line":57,"column":11},"end":{"line":70,"column":null}},"type":"binary-expr","locations":[{"start":{"line":57,"column":11},"end":{"line":57,"column":28}},{"start":{"line":58,"column":12},"end":{"line":69,"column":null}}]},"1":{"loc":{"start":{"line":62,"column":66},"end":{"line":62,"column":96}},"type":"cond-expr","locations":[{"start":{"line":62,"column":88},"end":{"line":62,"column":90}},{"start":{"line":62,"column":93},"end":{"line":62,"column":96}}]},"2":{"loc":{"start":{"line":88,"column":9},"end":{"line":94,"column":null}},"type":"binary-expr","locations":[{"start":{"line":88,"column":9},"end":{"line":88,"column":26}},{"start":{"line":89,"column":10},"end":{"line":93,"column":null}}]}},"s":{"0":0,"1":0,"2":0,"3":0,"4":0,"5":0,"6":0,"7":0},"f":{"0":0},"b":{"0":[0,0],"1":[0,0],"2":[0,0]}}
,"C:\\Users\\User\\Documents\\Cursor\\PCPartKeeper - React\\src\\components\\ItemsTable.tsx": {"path":"C:\\Users\\User\\Documents\\Cursor\\PCPartKeeper - React\\src\\components\\ItemsTable.tsx","statementMap":{"0":{"start":{"line":1,"column":0},"end":{"line":1,"column":52}},"1":{"start":{"line":2,"column":0},"end":{"line":2,"column":56}},"2":{"start":{"line":3,"column":0},"end":{"line":3,"column":67}},"3":{"start":{"line":43,"column":13},"end":{"line":198,"column":2}},"4":{"start":{"line":60,"column":4},"end":{"line":76,"column":5}},"5":{"start":{"line":61,"column":6},"end":{"line":68,"column":8}},"6":{"start":{"line":69,"column":6},"end":{"line":75,"column":8}},"7":{"start":{"line":79,"column":27},"end":{"line":83,"column":null}},"8":{"start":{"line":81,"column":8},"end":{"line":81,"column":25}},"9":{"start":{"line":86,"column":29},"end":{"line":90,"column":null}},"10":{"start":{"line":88,"column":8},"end":{"line":88,"column":27}},"11":{"start":{"line":94,"column":41},"end":{"line":142,"column":null}},"12":{"start":{"line":95,"column":12},"end":{"line":141,"column":null}},"13":{"start":{"line":105,"column":12},"end":{"line":137,"column":null}},"14":{"start":{"line":117,"column":31},"end":{"line":117,"column":51}},"15":{"start":{"line":128,"column":31},"end":{"line":128,"column":53}},"16":{"start":{"line":146,"column":22},"end":{"line":165,"column":6}},"17":{"start":{"line":147,"column":22},"end":{"line":147,"column":43}},"18":{"start":{"line":148,"column":28},"end":{"line":148,"column":58}},"19":{"start":{"line":150,"column":6},"end":{"line":164,"column":8}},"20":{"start":{"line":153,"column":12},"end":{"line":153,"column":null}},"21":{"start":{"line":155,"column":16},"end":{"line":155,"column":null}},"22":{"start":{"line":167,"column":4},"end":{"line":167,"column":40}},"23":{"start":{"line":169,"column":4},"end":{"line":196,"column":6}},"24":{"start":{"line":185,"column":16},"end":{"line":185,"column":null}},"25":{"start":{"line":200,"column":0},"end":{"line":200,"column":38}},"26":{"start":{"line":202,"column":0},"end":{"line":202,"column":26}}},"fnMap":{"0":{"name":"(anonymous_10)","decl":{"start":{"line":44,"column":2},"end":{"line":44,"column":3}},"loc":{"start":{"line":58,"column":7},"end":{"line":197,"column":3}}},"1":{"name":"(anonymous_11)","decl":{"start":{"line":80,"column":6},"end":{"line":80,"column":7}},"loc":{"start":{"line":80,"column":21},"end":{"line":82,"column":7}}},"2":{"name":"(anonymous_12)","decl":{"start":{"line":87,"column":6},"end":{"line":87,"column":7}},"loc":{"start":{"line":87,"column":21},"end":{"line":89,"column":7}}},"3":{"name":"(anonymous_13)","decl":{"start":{"line":95,"column":6},"end":{"line":95,"column":9}},"loc":{"start":{"line":95,"column":12},"end":{"line":141,"column":null}}},"4":{"name":"(anonymous_14)","decl":{"start":{"line":104,"column":18},"end":{"line":104,"column":19}},"loc":{"start":{"line":105,"column":12},"end":{"line":137,"column":null}}},"5":{"name":"(anonymous_15)","decl":{"start":{"line":117,"column":25},"end":{"line":117,"column":28}},"loc":{"start":{"line":117,"column":31},"end":{"line":117,"column":51}}},"6":{"name":"(anonymous_16)","decl":{"start":{"line":128,"column":25},"end":{"line":128,"column":28}},"loc":{"start":{"line":128,"column":31},"end":{"line":128,"column":53}}},"7":{"name":"(anonymous_17)","decl":{"start":{"line":146,"column":33},"end":{"line":146,"column":36}},"loc":{"start":{"line":146,"column":38},"end":{"line":165,"column":5}}},"8":{"name":"(anonymous_18)","decl":{"start":{"line":152,"column":29},"end":{"line":152,"column":33}},"loc":{"start":{"line":153,"column":12},"end":{"line":153,"column":null}}},"9":{"name":"(anonymous_19)","decl":{"start":{"line":154,"column":38},"end":{"line":154,"column":44}},"loc":{"start":{"line":155,"column":16},"end":{"line":155,"column":null}}},"10":{"name":"(anonymous_20)","decl":{"start":{"line":184,"column":38},"end":{"line":184,"column":44}},"loc":{"start":{"line":185,"column":16},"end":{"line":185,"column":null}}}},"branchMap":{"0":{"loc":{"start":{"line":51,"column":4},"end":{"line":57,"column":null}},"type":"default-arg","locations":[{"start":{"line":51,"column":17},"end":{"line":57,"column":null}}]},"1":{"loc":{"start":{"line":60,"column":4},"end":{"line":76,"column":5}},"type":"if","locations":[{"start":{"line":60,"column":4},"end":{"line":76,"column":5}}]},"2":{"loc":{"start":{"line":60,"column":8},"end":{"line":60,"column":43}},"type":"binary-expr","locations":[{"start":{"line":60,"column":8},"end":{"line":60,"column":16}},{"start":{"line":60,"column":20},"end":{"line":60,"column":43}}]},"3":{"loc":{"start":{"line":148,"column":28},"end":{"line":148,"column":58}},"type":"binary-expr","locations":[{"start":{"line":148,"column":28},"end":{"line":148,"column":49}},{"start":{"line":148,"column":53},"end":{"line":148,"column":58}}]},"4":{"loc":{"start":{"line":156,"column":19},"end":{"line":158,"column":54}},"type":"cond-expr","locations":[{"start":{"line":157,"column":22},"end":{"line":157,"column":78}},{"start":{"line":158,"column":22},"end":{"line":158,"column":54}}]}},"s":{"0":0,"1":0,"2":0,"3":0,"4":0,"5":0,"6":0,"7":0,"8":0,"9":0,"10":0,"11":0,"12":0,"13":0,"14":0,"15":0,"16":0,"17":0,"18":0,"19":0,"20":0,"21":0,"22":0,"23":0,"24":0,"25":0,"26":0},"f":{"0":0,"1":0,"2":0,"3":0,"4":0,"5":0,"6":0,"7":0,"8":0,"9":0,"10":0},"b":{"0":[0],"1":[0],"2":[0,0],"3":[0,0],"4":[0,0]}}
,"C:\\Users\\User\\Documents\\Cursor\\PCPartKeeper - React\\src\\components\\LazyComponents.tsx": {"path":"C:\\Users\\User\\Documents\\Cursor\\PCPartKeeper - React\\src\\components\\LazyComponents.tsx","statementMap":{"0":{"start":{"line":8,"column":0},"end":{"line":8,"column":46}},"1":{"start":{"line":9,"column":0},"end":{"line":9,"column":50}},"2":{"start":{"line":10,"column":0},"end":{"line":10,"column":44}},"3":{"start":{"line":17,"column":13},"end":{"line":17,"column":70}},"4":{"start":{"line":17,"column":39},"end":{"line":17,"column":68}},"5":{"start":{"line":18,"column":13},"end":{"line":18,"column":74}},"6":{"start":{"line":18,"column":41},"end":{"line":18,"column":72}},"7":{"start":{"line":21,"column":13},"end":{"line":21,"column":79}},"8":{"start":{"line":21,"column":47},"end":{"line":21,"column":77}},"9":{"start":{"line":22,"column":13},"end":{"line":24,"column":2}},"10":{"start":{"line":23,"column":7},"end":{"line":23,"column":38}},"11":{"start":{"line":25,"column":13},"end":{"line":25,"column":73}},"12":{"start":{"line":25,"column":44},"end":{"line":25,"column":71}},"13":{"start":{"line":26,"column":13},"end":{"line":28,"column":2}},"14":{"start":{"line":27,"column":7},"end":{"line":27,"column":40}},"15":{"start":{"line":31,"column":13},"end":{"line":31,"column":73}},"16":{"start":{"line":31,"column":39},"end":{"line":31,"column":71}},"17":{"start":{"line":32,"column":13},"end":{"line":32,"column":93}},"18":{"start":{"line":32,"column":49},"end":{"line":32,"column":91}},"19":{"start":{"line":35,"column":13},"end":{"line":35,"column":76}},"20":{"start":{"line":35,"column":40},"end":{"line":35,"column":74}},"21":{"start":{"line":38,"column":13},"end":{"line":38,"column":105}},"22":{"start":{"line":38,"column":52},"end":{"line":38,"column":103}},"23":{"start":{"line":39,"column":13},"end":{"line":39,"column":95}},"24":{"start":{"line":39,"column":47},"end":{"line":39,"column":93}},"25":{"start":{"line":40,"column":13},"end":{"line":40,"column":95}},"26":{"start":{"line":40,"column":47},"end":{"line":40,"column":93}},"27":{"start":{"line":49,"column":41},"end":{"line":52,"column":null}},"28":{"start":{"line":50,"column":2},"end":{"line":51,"column":null}},"29":{"start":{"line":58,"column":38},"end":{"line":71,"column":null}},"30":{"start":{"line":59,"column":2},"end":{"line":70,"column":null}},"31":{"start":{"line":77,"column":43},"end":{"line":80,"column":null}},"32":{"start":{"line":78,"column":2},"end":{"line":79,"column":null}},"33":{"start":{"line":90,"column":51},"end":{"line":95,"column":null}},"34":{"start":{"line":91,"column":2},"end":{"line":94,"column":null}},"35":{"start":{"line":90,"column":13},"end":{"line":90,"column":51}},"36":{"start":{"line":101,"column":53},"end":{"line":106,"column":null}},"37":{"start":{"line":102,"column":2},"end":{"line":105,"column":null}},"38":{"start":{"line":101,"column":13},"end":{"line":101,"column":53}},"39":{"start":{"line":112,"column":59},"end":{"line":117,"column":null}},"40":{"start":{"line":113,"column":2},"end":{"line":116,"column":null}},"41":{"start":{"line":112,"column":13},"end":{"line":112,"column":59}},"42":{"start":{"line":123,"column":60},"end":{"line":128,"column":null}},"43":{"start":{"line":124,"column":2},"end":{"line":127,"column":null}},"44":{"start":{"line":123,"column":13},"end":{"line":123,"column":60}},"45":{"start":{"line":134,"column":56},"end":{"line":139,"column":null}},"46":{"start":{"line":135,"column":2},"end":{"line":138,"column":null}},"47":{"start":{"line":134,"column":13},"end":{"line":134,"column":56}},"48":{"start":{"line":145,"column":62},"end":{"line":150,"column":null}},"49":{"start":{"line":146,"column":2},"end":{"line":149,"column":null}},"50":{"start":{"line":145,"column":13},"end":{"line":145,"column":62}},"51":{"start":{"line":166,"column":73},"end":{"line":174,"column":1}},"52":{"start":{"line":171,"column":18},"end":{"line":171,"column":69}},"53":{"start":{"line":173,"column":2},"end":{"line":173,"column":76}},"54":{"start":{"line":166,"column":13},"end":{"line":166,"column":73}},"55":{"start":{"line":179,"column":36},"end":{"line":181,"column":1}},"56":{"start":{"line":180,"column":2},"end":{"line":180,"column":20}},"57":{"start":{"line":179,"column":13},"end":{"line":179,"column":36}},"58":{"start":{"line":186,"column":40},"end":{"line":197,"column":1}},"59":{"s
[...]
:244,"column":30}},"loc":{"start":{"line":244,"column":32},"end":{"line":247,"column":5}}},"7":{"name":"validateRequired","decl":{"start":{"line":258,"column":16},"end":{"line":258,"column":32}},"loc":{"start":{"line":258,"column":43},"end":{"line":262,"column":1}}},"8":{"name":"validateMinLength","decl":{"start":{"line":267,"column":16},"end":{"line":267,"column":33}},"loc":{"start":{"line":267,"column":66},"end":{"line":270,"column":1}}},"9":{"name":"validateMaxLength","decl":{"start":{"line":275,"column":16},"end":{"line":275,"column":33}},"loc":{"start":{"line":275,"column":66},"end":{"line":278,"column":1}}},"10":{"name":"validatePattern","decl":{"start":{"line":283,"column":16},"end":{"line":283,"column":31}},"loc":{"start":{"line":283,"column":62},"end":{"line":286,"column":1}}},"11":{"name":"validateNumber","decl":{"start":{"line":291,"column":16},"end":{"line":291,"column":30}},"loc":{"start":{"line":291,"column":41},"end":{"line":293,"column":1}}},"12":{"name":"validateRange","decl":{"start":{"line":298,"column":16},"end":{"line":298,"column":29}},"loc":{"start":{"line":298,"column":69},"end":{"line":301,"column":1}}},"13":{"name":"validateUrl","decl":{"start":{"line":306,"column":16},"end":{"line":306,"column":27}},"loc":{"start":{"line":306,"column":41},"end":{"line":314,"column":1}}},"14":{"name":"validateEmail","decl":{"start":{"line":319,"column":16},"end":{"line":319,"column":29}},"loc":{"start":{"line":319,"column":43},"end":{"line":323,"column":1}}},"15":{"name":"validateDate","decl":{"start":{"line":328,"column":16},"end":{"line":328,"column":28}},"loc":{"start":{"line":328,"column":42},"end":{"line":333,"column":1}}},"16":{"name":"validatePhone","decl":{"start":{"line":338,"column":16},"end":{"line":338,"column":29}},"loc":{"start":{"line":338,"column":43},"end":{"line":343,"column":1}}},"17":{"name":"validatePassword","decl":{"start":{"line":348,"column":16},"end":{"line":348,"column":32}},"loc":{"start":{"line":348,"column":46},"end":{"line":352,"column":1}}},"18":{"name":"validateCreditCard","decl":{"start":{"line":357,"column":16},"end":{"line":357,"column":34}},"loc":{"start":{"line":357,"column":48},"end":{"line":380,"column":1}}},"19":{"name":"validateItem","decl":{"start":{"line":389,"column":16},"end":{"line":389,"column":28}},"loc":{"start":{"line":389,"column":38},"end":{"line":405,"column":1}}},"20":{"name":"validateUser","decl":{"start":{"line":410,"column":16},"end":{"line":410,"column":28}},"loc":{"start":{"line":410,"column":38},"end":{"line":422,"column":1}}},"21":{"name":"validateForm","decl":{"start":{"line":427,"column":16},"end":{"line":427,"column":28}},"loc":{"start":{"line":427,"column":78},"end":{"line":444,"column":1}}},"22":{"name":"(anonymous_22)","decl":{"start":{"line":456,"column":2},"end":{"line":456,"column":14}},"loc":{"start":{"line":456,"column":45},"end":{"line":460,"column":3}}},"23":{"name":"(anonymous_23)","decl":{"start":{"line":470,"column":2},"end":{"line":470,"column":14}},"loc":{"start":{"line":470,"column":67},"end":{"line":473,"column":3}}},"24":{"name":"(anonymous_24)","decl":{"start":{"line":475,"column":2},"end":{"line":475,"column":10}},"loc":{"start":{"line":475,"column":41},"end":{"line":478,"column":3}}},"25":{"name":"(anonymous_25)","decl":{"start":{"line":480,"column":2},"end":{"line":480,"column":10}},"loc":{"start":{"line":480,"column":24},"end":{"line":482,"column":3}}},"26":{"name":"(anonymous_26)","decl":{"start":{"line":484,"column":2},"end":{"line":484,"column":10}},"loc":{"start":{"line":484,"column":24},"end":{"line":486,"column":3}}}},"branchMap":{"0":{"loc":{"start":{"line":33,"column":2},"end":{"line":33,"column":29}},"type":"default-arg","locations":[{"start":{"line":33,"column":22},"end":{"line":33,"column":29}}]},"1":{"loc":{"start":{"line":38,"column":2},"end":{"line":40,"column":3}},"type":"if","locations":[{"start":{"line":38,"column":2},"end":{"line":40,"column":3}}]},"2":{"loc":{"start":{"line":38,"column":6},"end":{"line":38,"column":66}},"type":"binary-expr","locations":[{"start":{"line":38,"column":6},"end":{"line":38,"column":20}},{"start":{"line":38,"column":25},"end":{"line":38,"column":31}},{"start":{"line":38,"column":35},"end":{"line":38,"column":65}}]},"3":{"loc":{"start":{"line":43,"column":2},"end":{"line":49,"column":3}},"type":"if","locations":[{"start":{"line":43,"column":2},"end":{"line":49,"column":3}}]},"4":{"loc":{"start":{"line":43,"column":6},"end":{"line":43,"column":46}},"type":"binary-expr","locations":[{"start":{"line":43,"column":6},"end":{"line":43,"column":12}},{"start":{"line":43,"column":16},"end":{"line":43,"column":46}}]},"5":{"loc":{"start":{"line":54,"column":2},"end":{"line":56,"column":3}},"type":"if","locations":[{"start":{"line":54,"column":2},"end":{"line":56,"column":3}}]},"6":{"loc":{"start":{"line":54,"column":6},"end":{"line":54,"column":61}},"type":"binary-expr","locations":[{"start":{"line":54,"column":6},"end":{"line":54,"column":21}},{"start":{"line":54,"column":25},"end":{"line":54,"column":61}}]},"7":{"loc":{"start":{"line":59,"column":2},"end":{"line":61,"column":3}},"type":"if","locations":[{"start":{"line":59,"column":2},"end":{"line":61,"column":3}}]},"8":{"loc":{"start":{"line":59,"column":6},"end":{"line":59,"column":61}},"type":"binary-expr","locations":[{"start":{"line":59,"column":6},"end":{"line":59,"column":21}},{"start":{"line":59,"column":25},"end":{"line":59,"column":61}}]},"9":{"loc":{"start":{"line":64,"column":2},"end":{"line":66,"column":3}},"type":"if","locations":[{"start":{"line":64,"column":2},"end":{"line":66,"column":3}}]},"10":{"loc":{"start":{"line":64,"column":6},"end":{"line":64,"column":83}},"type":"binary-expr","locations":[{"start":{"line":64,"column":6},"end":{"line":64,"column":29}},{"start":{"line":64,"column":33},"end":{"line":64,"column":54}},{"start":{"line":64,"column":58},"end":{"line":64,"column":83}}]},"11":{"loc":{"start":{"line":69,"column":2},"end":{"line":71,"column":3}},"type":"if","locations":[{"start":{"line":69,"column":2},"end":{"line":71,"column":3}}]},"12":{"loc":{"start":{"line":69,"column":6},"end":{"line":69,"column":83}},"type":"binary-expr","locations":[{"start":{"line":69,"column":6},"end":{"line":69,"column":29}},{"start":{"line":69,"column":33},"end":{"line":69,"column":54}},{"start":{"line":69,"column":58},"end":{"line":69,"column":83}}]},"13":{"loc":{"start":{"line":74,"column":2},"end":{"line":76,"column":3}},"type":"if","locations":[{"start":{"line":74,"column":2},"end":{"line":76,"column":3}}]},"14":{"loc":{"start":{"line":74,"column":6},"end":{"line":74,"column":55}},"type":"binary-expr","locations":[{"start":{"line":74,"column":6},"end":{"line":74,"column":19}},{"start":{"line":74,"column":23},"end":{"line":74,"column":55}}]},"15":{"loc":{"start":{"line":79,"column":2},"end":{"line":81,"column":3}},"type":"if","locations":[{"start":{"line":79,"column":2},"end":{"line":81,"column":3}}]},"16":{"loc":{"start":{"line":79,"column":6},"end":{"line":79,"column":48}},"type":"binary-expr","locations":[{"start":{"line":79,"column":6},"end":{"line":79,"column":17}},{"start":{"line":79,"column":21},"end":{"line":79,"column":48}}]},"17":{"loc":{"start":{"line":84,"column":2},"end":{"line":86,"column":3}},"type":"if","locations":[{"start":{"line":84,"column":2},"end":{"line":86,"column":3}}]},"18":{"loc":{"start":{"line":84,"column":6},"end":{"line":84,"column":44}},"type":"binary-expr","locations":[{"start":{"line":84,"column":6},"end":{"line":84,"column":18}},{"start":{"line":84,"column":22},"end":{"line":84,"column":44}}]},"19":{"loc":{"start":{"line":89,"column":2},"end":{"line":94,"column":3}},"type":"if","locations":[{"start":{"line":89,"column":2},"end":{"line":94,"column":3}}]},"20":{"loc":{"start":{"line":89,"column":6},"end":{"line":89,"column":42}},"type":"binary-expr","locations":[{"start":{"line":89,"column":6},"end":{"line":89,"column":17}},{"start":{"line":89,"column":21},"end":{"line":89,"column":42}}]},"21":{"loc":{"start":{"line":91,"column":4},"end":{"line":93,"column":5}},"type":"if","locations":[{"start":{"line":91,"column":4},"end":{"line":93,"column":5}}]},"22":{"loc":{"start":{"line":91,"column":8},"end":{"line":91,"column":34}},"type":"binary-expr","locations":[{"start":{"line":91,"column":8},"end":{"line":91,"column":19}},{"start":{"line":91,"column":23},"end":{"line":91,"column":34}}]},"23":{"loc":{"start":{"line":97,"column":2},"end":{"line":102,"column":3}},"type":"if","locations":[{"start":{"line":97,"column":2},"end":{"line":102,"column":3}}]},"24":{"loc":{"start":{"line":99,"column":4},"end":{"line":101,"column":5}},"type":"if","locations":[{"start":{"line":99,"column":4},"end":{"line":101,"column":5}}]},"25":{"loc":{"start":{"line":123,"column":4},"end":{"line":126,"column":5}},"type":"if","locations":[{"start":{"line":123,"column":4},"end":{"line":126,"column":5}}]},"26":{"loc":{"start":{"line":228,"column":2},"end":{"line":228,"column":37}},"type":"if","locations":[{"start":{"line":228,"column":2},"end":{"line":228,"column":37}}]},"27":{"loc":{"start":{"line":229,"column":2},"end":{"line":229,"column":44}},"type":"if","locations":[{"start":{"line":229,"column":2},"end":{"line":229,"column":44}}]},"28":{"loc":{"start":{"line":238,"column":2},"end":{"line":238,"column":21}},"type":"default-arg","locations":[{"start":{"line":238,"column":18},"end":{"line":238,"column":21}}]},"29":{"loc":{"start":{"line":259,"column":2},"end":{"line":259,"column":58}},"type":"if","locations":[{"start":{"line":259,"column":2},"end":{"line":259,"column":58}}]},"30":{"loc":{"start":{"line":259,"column":6},"end":{"line":259,"column":43}},"type":"binary-expr","locations":[{"start":{"line":259,"column":6},"end":{"line":259,"column":20}},{"start":{"line":259,"column":24},"end":{"line":259,"column":43}}]},"31":{"loc":{"start":{"line":260,"column":2},"end":{"line":260,"column":60}},"type":"if","locations":[{"start":{"line":260,"column":2},"end":{"line":260,"column":60}}]},"32":{"loc":{"start":{"line":268,"column":2},"end":{"line":268,"column":46}},"type":"if","locations":[{"start":{"line":268,"column":2},"end":{"line":268,"column":46}}]},"33":{"loc":{"start":{"line":276,"column":2},"end":{"line":276,"column":46}},"type":"if","locations":[{"start":{"line":276,"column":2},"end":{"line":276,"column":46}}]},"34":{"loc":{"start":{"line":284,"column":2},"end":{"line":284,"column":46}},"type":"if","locations":[{"start":{"line":284,"column":2},"end":{"line":284,"column":46}}]},"35":{"loc":{"start":{"line":292,"column":9},"end":{"line":292,"column":51}},"type":"binary-expr","locations":[{"start":{"line":292,"column":9},"end":{"line":292,"column":34}},{"start":{"line":292,"column":38},"end":{"line":292,"column":51}}]},"36":{"loc":{"start":{"line":299,"column":2},"end":{"line":299,"column":43}},"type":"if","locations":[{"start":{"line":299,"column":2},"end":{"line":299,"column":43}}]},"37":{"loc":{"start":{"line":300,"column":9},"end":{"line":300,"column":37}},"type":"binary-expr","locations":[{"start":{"line":300,"column":9},"end":{"line":300,"column":21}},{"start":{"line":300,"column":25},"end":{"line":300,"column":37}}]},"38":{"loc":{"start":{"line":307,"column":2},"end":{"line":307,"column":46}},"type":"if","locations":[{"start":{"line":307,"column":2},"end":{"line":307,"column":46}}]},"39":{"loc":{"start":{"line":310,"column":11},"end":{"line":310,"column":64}},"type":"binary-expr","locations":[{"start":{"line":310,"column":11},"end":{"line":310,"column":35}},{"start":{"line":310,"column":39},"end":{"line":310,"column":64}}]},"40":{"loc":{"start":{"line":320,"column":2},"end":{"line":320,"column":46}},"type":"if","locations":[{"start":{"line":320,"column":2},"end":{"line":320,"column":46}}]},"41":{"loc":{"start":{"line":322,"column":9},"end":{"line":322,"column":58}},"type":"binary-expr","locations":[{"start":{"line":322,"column":9},"end":{"line":322,"column":33}},{"start":{"line":322,"column":37},"end":{"line":322,"column":58}}]},"42":{"loc":{"start":{"line":329,"column":2},"end":{"line":329,"column":46}},"type":"if","locations":[{"start":{"line":329,"column":2},"end":{"line":329,"column":46}}]},"43":{"loc":{"start":{"line":330,"column":2},"end":{"line":330,"column":56}},"type":"if","locations":[{"start":{"line":330,"column":2},"end":{"line":330,"column":56}}]},"44":{"loc":{"start":{"line":332,"column":9},"end":{"line":332,"column":77}},"type":"binary-expr","locations":[{"start":{"line":332,"column":9},"end":{"line":332,"column":31}},{"start":{"line":332,"column":35},"end":{"line":332,"column":77}}]},"45":{"loc":{"start":{"line":339,"column":2},"end":{"line":339,"column":46}},"type":"if","locations":[{"start":{"line":339,"column":2},"end":{"line":339,"column":46}}]},"46":{"loc":{"start":{"line":349,"column":2},"end":{"line":349,"column":46}},"type":"if","locations":[{"start":{"line":349,"column":2},"end":{"line":349,"column":46}}]},"47":{"loc":{"start":{"line":358,"column":2},"end":{"line":358,"column":46}},"type":"if","locations":[{"start":{"line":358,"column":2},"end":{"line":358,"column":46}}]},"48":{"loc":{"start":{"line":360,"column":2},"end":{"line":360,"column":63}},"type":"if","locations":[{"start":{"line":360,"column":2},"end":{"line":360,"column":63}}]},"49":{"loc":{"start":{"line":360,"column":6},"end":{"line":360,"column":48}},"type":"binary-expr","locations":[{"start":{"line":360,"column":6},"end":{"line":360,"column":25}},{"start":{"line":360,"column":29},"end":{"line":360,"column":48}}]},"50":{"loc":{"start":{"line":368,"column":4},"end":{"line":373,"column":5}},"type":"if","locations":[{"start":{"line":368,"column":4},"end":{"line":373,"column":5}}]},"51":{"loc":{"start":{"line":370,"column":6},"end":{"line":372,"column":7}},"type":"if","locations":[{"start":{"line":370,"column":6},"end":{"line":372,"column":7}}]},"52":{"loc":{"start":{"line":390,"column":2},"end":{"line":390,"column":54}},"type":"if","locations":[{"start":{"line":390,"column":2},"end":{"line":390,"column":54}}]},"53":{"loc":{"start":{"line":390,"column":6},"end":{"line":390,"column":39}},"type":"binary-expr","locations":[{"start":{"line":390,"column":6},"end":{"line":390,"column":11}},{"start":{"line":390,"column":15},"end":{"line":390,"column":39}}]},"54":{"loc":{"start":{"line":393,"column":2},"end":{"line":395,"column":3}},"type":"if","locations":[{"start":{"line":393,"column":2},"end":{"line":395,"column":3}}]},"55":{"loc":{"start":{"line":393,"column":6},"end":{"line":393,"column":103}},"type":"binary-expr","locations":[{"start":{"line":393,"column":6},"end":{"line":393,"column":34}},{"start":{"line":393,"column":38},"end":{"line":393,"column":70}},{"start":{"line":393,"column":74},"end":{"line":393,"column":103}}]},"56":{"loc":{"start":{"line":398,"column":2},"end":{"line":398,"column":66}},"type":"if","locations":[{"start":{"line":398,"column":2},"end":{"line":398,"column":66}}]},"57":{"loc":{"start":{"line":398,"column":6},"end":{"line":398,"column":51}},"type":"binary-expr","locations":[{"start":{"line":398,"column":6},"end":{"line":398,"column":33}},{"start":{"line":398,"column":37},"end":{"line":398,"column":51}}]},"58":{"loc":{"start":{"line":399,"column":2},"end":{"line":399,"column":72}},"type":"if","locations":[{"start":{"line":399,"column":2},"end":{"line":399,"column":72}}]},"59":{"loc":{"start":{"line":399,"column":6},"end":{"line":399,"column":57}},"type":"binary-expr","locations":[{"start":{"line":399,"column":6},"end":{"line":399,"column":36}},{"start":{"line":399,"column":40},"end":{"line":399,"column":57}}]},"60":{"loc":{"start":{"line":400,"column":2},"end":{"line":402,"column":3}},"type":"if","locations":[{"start":{"line":400,"column":2},"end":{"line":402,"column":3}}]},"61":{"loc":{"start":{"line":400,"column":6},"end":{"line":400,"column":103}},"type":"binary-expr","locations":[{"start":{"line":400,"column":6},"end":{"line":400,"column":31}},{"start":{"line":400,"column":36},"end":{"line":400,"column":64}},{"start":{"line":400,"column":68},"end":{"line":400,"column":83}},{"start":{"line":400,"column":87},"end":{"line":400,"column":102}}]},"62":{"loc":{"start":{"line":411,"column":2},"end":{"line":411,"column":54}},"type":"if","locations":[{"start":{"line":411,"column":2},"end":{"line":411,"column":54}}]},"63":{"loc":{"start":{"line":411,"column":6},"end":{"line":411,"column":39}},"type":"binary-expr","locations":[{"start":{"line":411,"column":6},"end":{"line":411,"column":11}},{"start":{"line":411,"column":15},"end":{"line":411,"column":39}}]},"64":{"loc":{"start":{"line":414,"column":2},"end":{"line":416,"column":3}},"type":"if","locations":[{"start":{"line":414,"column":2},"end":{"line":416,"column":3}}]},"65":{"loc":{"start":{"line":414,"column":6},"end":{"line":414,"column":99}},"type":"binary-expr","locations":[{"start":{"line":414,"column":6},"end":{"line":414,"column":34}},{"start":{"line":414,"column":38},"end":{"line":414,"column":67}},{"start":{"line":414,"column":71},"end":{"line":414,"column":99}}]},"66":{"loc":{"start":{"line":419,"column":2},"end":{"line":419,"column":47}},"type":"if","locations":[{"start":{"line":419,"column":2},"end":{"line":419,"column":47}}]},"67":{"loc":{"start":{"line":433,"column":4},"end":{"line":436,"column":5}},"type":"if","locations":[{"start":{"line":433,"column":4},"end":{"line":436,"column":5}}]},"68":{"loc":{"start":{"line":435,"column":22},"end":{"line":435,"column":58}},"type":"binary-expr","locations":[{"start":{"line":435,"column":22},"end":{"line":435,"column":39}},{"start":{"line":435,"column":43},"end":{"line":435,"column":58}}]},"69":{"loc":{"start":{"line":470,"column":32},"end":{"line":470,"column":67}},"type":"default-arg","locations":[{"start":{"line":470,"column":65},"end":{"line":470,"column":67}}]}},"s":{"0":1,"1":1,"2":1,"3":1,"4":1,"5":1,"6":1,"7":1,"8":1,"9":1,"10":1,"11":1,"12":1,"13":1,"14":1,"15":1,"16":1,"17":1,"18":1,"19":1,"20":612,"21":612,"22":0,"23":612,"24":0,"25":612,"26":612,"27":2,"28":612,"29":0,"30":612,"31":0,"32":612,"33":0,"34":612,"35":1,"36":612,"37":2,"38":612,"39":0,"40":612,"41":103,"42":103,"43":1,"44":612,"45":0,"46":0,"47":0,"48":612,"49":0,"50":0,"51":0,"52":0,"53":0,"54":0,"55":0,"56":0,"57":1,"58":1,"59":0,"60":0,"61":0,"62":0,"63":0,"64":0,"65":0,"66":0,"67":0,"68":0,"69":0,"70":1048,"71":4,"72":1044,"73":1042,"74":2,"75":5,"76":0,"77":5,"78":5,"79":0,"80":5,"81":6,"82":0,"83":6,"84":1235,"85":6,"86":0,"87":6,"88":8,"89":0,"90":8,"91":8,"92":5,"93":3,"94":1120,"95":2,"96":1118,"97":1118,"98":7,"99":0,"100":7,"101":2,"102":5,"103":5,"104":7,"105":0,"106":7,"107":7,"108":7,"109":8,"110":0,"111":8,"112":8,"113":6,"114":0,"115":6,"116":6,"117":1,"118":5,"119":5,"120":5,"121":5,"122":79,"123":79,"124":39,"125":39,"126":11,"127":79,"128":79,"129":5,"130":10,"131":0,"132":10,"133":3,"134":7,"135":2,"136":5,"137":2,"138":3,"139":2,"140":1,"141":4,"142":0,"143":4,"144":2,"145":2,"146":1,"147":1,"148":103,"149":103,"150":103,"151":612,"152":612,"153":5,"154":5,"155":103,"156":2,"157":2,"158":2,"159":2,"160":1,"161":5,"162":5,"163":5,"164":5,"165":1,"166":1,"167":3,"168":3,"169":1},"f":{"0":612,"1":0,"2":0,"3":0,"4":0,"5":0,"6":0,"7":1048,"8":5,"9":5,"10":6,"11":1235,"12":6,"13":8,"14":1120,"15":7,"16":7,"17":8,"18":6,"19":10,"20":4,"21":103,"22":2,"23":5,"24":1,"25":3,"26":3},"b":{"0":[0],"1":[0],"2":[612,412,412],"3":[0],"4":[612,612],"5":[2],"6":[612,206],"7":[0],"8":[612,103],"9":[0],"10":[612,0,0],"11":[0],"12":[612,0,0],"13":[1],"14":[612,203],"15":[2],"16":[612,103],"17":[0],"18":[612,103],"19":[103],"20":[612,103],"21":[1],"22":[103,102],"23":[0],"24":[0],"25":[0],"26":[0],"27":[0],"28":[0],"29":[4],"30":[1048,1046],"31":[1042],"32":[0],"33":[0],"34":[0],"35":[1235,1229],"36":[0],"37":[6,4],"38":[0],"39":[5,4],"40":[2],"41":[1118,1109],"42":[0],"43":[2],"44":[5,4],"45":[0],"46":[0],"47":[0],"48":[1],"49":[6,5],"50":[39],"51":[11],"52":[0],"53":[10,10],"54":[3],"55":[10,9,8],"56":[2],"57":[7,6],"58":[2],"59":[5,4],"60":[2],"61":[3,3,2,2],"62":[0],"63":[4,4],"64":[2],"65":[4,3,3],"66":[1],"67":[5],"68":[5,0],"69":[2]}}
}
