TN:
SF:src\App.tsx
FN:26,App
FN:28,(anonymous_11)
FN:29,(anonymous_12)
FN:30,(anonymous_13)
FN:34,(anonymous_14)
FN:42,(anonymous_15)
FN:73,(anonymous_16)
FN:74,(anonymous_17)
FN:84,(anonymous_18)
FN:91,(anonymous_19)
FN:104,(anonymous_20)
FN:113,(anonymous_21)
FN:122,(anonymous_22)
FNF:13
FNH:0
FNDA:0,App
FNDA:0,(anonymous_11)
FNDA:0,(anonymous_12)
FNDA:0,(anonymous_13)
FNDA:0,(anonymous_14)
FNDA:0,(anonymous_15)
FNDA:0,(anonymous_16)
FNDA:0,(anonymous_17)
FNDA:0,(anonymous_18)
FNDA:0,(anonymous_19)
FNDA:0,(anonymous_20)
FNDA:0,(anonymous_21)
FNDA:0,(anonymous_22)
DA:1,0
DA:2,0
DA:3,0
DA:7,0
DA:8,0
DA:9,0
DA:10,0
DA:11,0
DA:12,0
DA:13,0
DA:14,0
DA:28,0
DA:29,0
DA:30,0
DA:34,0
DA:35,0
DA:36,0
DA:42,0
DA:43,0
DA:45,0
DA:47,0
DA:50,0
DA:54,0
DA:84,0
DA:91,0
DA:104,0
DA:113,0
DA:122,0
DA:141,0
LF:29
LH:0
BRDA:43,0,0,0
BRDA:43,0,1,0
BRDA:43,0,2,0
BRDA:43,0,3,0
BRDA:82,1,0,0
BRDA:82,1,1,0
BRDA:88,2,0,0
BRDA:88,2,1,0
BRDA:105,3,0,0
BRDA:105,3,1,0
BRDA:114,4,0,0
BRDA:114,4,1,0
BRDA:123,5,0,0
BRDA:123,5,1,0
BRF:14
BRH:0
end_of_record
TN:
SF:src\components\AddItemButton.tsx
FN:19,AddItemButton
FNF:1
FNH:0
FNDA:0,AddItemButton
DA:1,0
DA:2,0
DA:3,0
DA:20,0
DA:36,0
LF:5
LH:0
BRF:0
BRH:0
end_of_record
TN:
SF:src\components\Avatar.tsx
FN:55,(anonymous_9)
FN:85,(anonymous_10)
FN:108,(anonymous_11)
FN:115,(anonymous_12)
FNF:4
FNH:0
FNDA:0,(anonymous_9)
FNDA:0,(anonymous_10)
FNDA:0,(anonymous_11)
FNDA:0,(anonymous_12)
DA:1,0
DA:55,0
DA:71,0
DA:77,0
DA:85,0
DA:86,0
DA:87,0
DA:88,0
DA:89,0
DA:90,0
DA:94,0
DA:108,0
DA:109,0
DA:110,0
DA:117,0
DA:123,0
DA:124,0
DA:132,0
DA:141,0
DA:148,0
DA:163,0
DA:165,0
LF:22
LH:0
BRDA:60,0,0,0
BRDA:61,1,0,0
BRDA:62,2,0,0
BRDA:63,3,0,0
BRDA:86,4,0,0
BRDA:87,5,0,0
BRDA:88,6,0,0
BRDA:89,7,0,0
BRDA:100,8,0,0
BRDA:100,8,1,0
BRDA:109,9,0,0
BRDA:113,10,0,0
BRDA:113,10,1,0
BRDA:113,10,2,0
BRDA:123,11,0,0
BRDA:141,12,0,0
BRDA:141,12,1,0
BRDA:142,13,0,0
BRDA:142,13,1,0
BRDA:144,14,0,0
BRDA:144,14,1,0
BRDA:153,15,0,0
BRDA:153,15,1,0
BRDA:153,16,0,0
BRDA:153,16,1,0
BRF:25
BRH:0
end_of_record
TN:
SF:src\components\AvatarShowcase.tsx
FN:20,(anonymous_1)
FN:135,(anonymous_2)
FN:144,(anonymous_3)
FNF:3
FNH:0
FNDA:0,(anonymous_1)
FNDA:0,(anonymous_2)
FNDA:0,(anonymous_3)
DA:1,0
DA:2,0
DA:20,0
DA:23,0
DA:135,0
DA:144,0
DA:272,0
LF:7
LH:0
BRF:0
BRH:0
end_of_record
TN:
SF:src\components\Button.tsx
FN:44,(anonymous_1)
FN:67,Button
FN:111,(anonymous_3)
FNF:3
FNH:3
FNDA:2,(anonymous_1)
FNDA:21,Button
FNDA:6,(anonymous_3)
DA:1,1
DA:2,1
DA:44,1
DA:45,2
DA:84,21
DA:86,21
DA:94,21
DA:100,21
DA:102,21
DA:105,21
DA:108,21
DA:111,21
DA:112,6
DA:113,1
DA:114,1
DA:116,5
DA:117,4
DA:121,21
DA:161,1
LF:19
LH:19
BRDA:44,0,0,0
BRDA:70,1,0,19
BRDA:71,2,0,20
BRDA:72,3,0,18
BRDA:73,4,0,21
BRDA:74,5,0,21
BRDA:75,6,0,19
BRDA:78,7,0,20
BRDA:79,8,0,20
BRDA:100,9,0,0
BRDA:100,9,1,21
BRDA:102,10,0,3
BRDA:102,10,1,18
BRDA:102,11,0,21
BRDA:102,11,1,3
BRDA:112,12,0,1
BRDA:116,13,0,4
BRDA:131,14,0,2
BRDA:131,14,1,19
BRDA:138,15,0,19
BRDA:138,15,1,0
BRDA:143,16,0,19
BRDA:143,16,1,17
BRDA:144,17,0,19
BRDA:144,17,1,0
BRDA:149,18,0,19
BRDA:149,18,1,0
BRDA:149,18,2,0
BRF:28
BRH:22
end_of_record
TN:
SF:src\components\ButtonClickCounter.tsx
FN:15,(anonymous_1)
FN:28,(anonymous_2)
FNF:2
FNH:0
FNDA:0,(anonymous_1)
FNDA:0,(anonymous_2)
DA:1,0
DA:15,0
DA:18,0
DA:20,0
DA:29,0
DA:51,0
LF:6
LH:0
BRDA:26,0,0,0
BRDA:26,0,1,0
BRF:2
BRH:0
end_of_record
TN:
SF:src\components\ButtonShowcase.tsx
FN:29,(anonymous_1)
FN:43,(anonymous_2)
FN:47,(anonymous_3)
FN:57,(anonymous_4)
FN:63,(anonymous_5)
FN:72,(anonymous_6)
FN:76,(anonymous_7)
FN:96,(anonymous_8)
FN:103,(anonymous_9)
FN:114,(anonymous_10)
FN:121,(anonymous_11)
FN:132,(anonymous_12)
FN:139,(anonymous_13)
FN:159,(anonymous_14)
FN:166,(anonymous_15)
FN:177,(anonymous_16)
FN:184,(anonymous_17)
FN:195,(anonymous_18)
FN:202,(anonymous_19)
FN:222,(anonymous_20)
FN:229,(anonymous_21)
FN:240,(anonymous_22)
FN:247,(anonymous_23)
FN:258,(anonymous_24)
FN:265,(anonymous_25)
FN:281,(anonymous_26)
FN:287,(anonymous_27)
FN:294,(anonymous_28)
FN:301,(anonymous_29)
FN:316,(anonymous_30)
FN:323,(anonymous_31)
FN:330,(anonymous_32)
FN:337,(anonymous_33)
FN:350,(anonymous_34)
FN:356,(anonymous_35)
FN:363,(anonymous_36)
FN:370,(anonymous_37)
FN:387,(anonymous_38)
FN:402,(anonymous_39)
FN:408,(anonymous_40)
FN:415,(anonymous_41)
FN:425,(anonymous_42)
FN:433,(anonymous_43)
FN:441,(anonymous_44)
FN:451,(anonymous_45)
FN:459,(anonymous_46)
FN:467,(anonymous_47)
FN:477,(anonymous_48)
FN:485,(anonymous_49)
FN:493,(anonymous_50)
FN:514,(anonymous_51)
FN:520,(anonymous_52)
FN:526,(anonymous_53)
FN:540,(anonymous_54)
FN:547,(anonymous_55)
FN:554,(anonymous_56)
FN:568,(anonymous_57)
FN:575,(anonymous_58)
FN:582,(anonymous_59)
FN:596,(anonymous_60)
FN:603,(anonymous_61)
FN:610,(anonymous_62)
FN:627,(anonymous_63)
FN:633,(anonymous_64)
FN:639,(anonymous_65)
FN:643,(anonymous_66)
FN:663,(anonymous_67)
FN:670,(anonymous_68)
FN:677,(anonymous_69)
FN:692,(anonymous_70)
FN:699,(anonymous_71)
FN:706,(anonymous_72)
FN:721,(anonymous_73)
FN:728,(anonymous_74)
FN:735,(anonymous_75)
FN:748,(anonymous_76)
FN:755,(anonymous_77)
FN:762,(anonymous_78)
FNF:78
FNH:0
FNDA:0,(anonymous_1)
FNDA:0,(anonymous_2)
FNDA:0,(anonymous_3)
FNDA:0,(anonymous_4)
FNDA:0,(anonymous_5)
FNDA:0,(anonymous_6)
FNDA:0,(anonymous_7)
FNDA:0,(anonymous_8)
FNDA:0,(anonymous_9)
FNDA:0,(anonymous_10)
FNDA:0,(anonymous_11)
FNDA:0,(anonymous_12)
FNDA:0,(anonymous_13)
FNDA:0,(anonymous_14)
FNDA:0,(anonymous_15)
FNDA:0,(anonymous_16)
FNDA:0,(anonymous_17)
FNDA:0,(anonymous_18)
FNDA:0,(anonymous_19)
FNDA:0,(anonymous_20)
FNDA:0,(anonymous_21)
FNDA:0,(anonymous_22)
FNDA:0,(anonymous_23)
FNDA:0,(anonymous_24)
FNDA:0,(anonymous_25)
FNDA:0,(anonymous_26)
FNDA:0,(anonymous_27)
FNDA:0,(anonymous_28)
FNDA:0,(anonymous_29)
FNDA:0,(anonymous_30)
FNDA:0,(anonymous_31)
FNDA:0,(anonymous_32)
FNDA:0,(anonymous_33)
FNDA:0,(anonymous_34)
FNDA:0,(anonymous_35)
FNDA:0,(anonymous_36)
FNDA:0,(anonymous_37)
FNDA:0,(anonymous_38)
FNDA:0,(anonymous_39)
FNDA:0,(anonymous_40)
FNDA:0,(anonymous_41)
FNDA:0,(anonymous_42)
FNDA:0,(anonymous_43)
FNDA:0,(anonymous_44)
FNDA:0,(anonymous_45)
FNDA:0,(anonymous_46)
FNDA:0,(anonymous_47)
FNDA:0,(anonymous_48)
FNDA:0,(anonymous_49)
FNDA:0,(anonymous_50)
FNDA:0,(anonymous_51)
FNDA:0,(anonymous_52)
FNDA:0,(anonymous_53)
FNDA:0,(anonymous_54)
FNDA:0,(anonymous_55)
FNDA:0,(anonymous_56)
FNDA:0,(anonymous_57)
FNDA:0,(anonymous_58)
FNDA:0,(anonymous_59)
FNDA:0,(anonymous_60)
FNDA:0,(anonymous_61)
FNDA:0,(anonymous_62)
FNDA:0,(anonymous_63)
FNDA:0,(anonymous_64)
FNDA:0,(anonymous_65)
FNDA:0,(anonymous_66)
FNDA:0,(anonymous_67)
FNDA:0,(anonymous_68)
FNDA:0,(anonymous_69)
FNDA:0,(anonymous_70)
FNDA:0,(anonymous_71)
FNDA:0,(anonymous_72)
FNDA:0,(anonymous_73)
FNDA:0,(anonymous_74)
FNDA:0,(anonymous_75)
FNDA:0,(anonymous_76)
FNDA:0,(anonymous_77)
FNDA:0,(anonymous_78)
DA:1,0
DA:2,0
DA:3,0
DA:4,0
DA:29,0
DA:33,0
DA:43,0
DA:47,0
DA:57,0
DA:63,0
DA:72,0
DA:76,0
DA:96,0
DA:103,0
DA:114,0
DA:121,0
DA:132,0
DA:139,0
DA:159,0
DA:166,0
DA:177,0
DA:184,0
DA:195,0
DA:202,0
DA:222,0
DA:229,0
DA:240,0
DA:247,0
DA:258,0
DA:265,0
DA:281,0
DA:287,0
DA:294,0
DA:301,0
DA:316,0
DA:323,0
DA:330,0
DA:337,0
DA:350,0
DA:356,0
DA:363,0
DA:370,0
DA:387,0
DA:402,0
DA:408,0
DA:415,0
DA:425,0
DA:433,0
DA:441,0
DA:451,0
DA:459,0
DA:467,0
DA:477,0
DA:485,0
DA:493,0
DA:514,0
DA:520,0
DA:526,0
DA:540,0
DA:547,0
DA:554,0
DA:568,0
DA:575,0
DA:582,0
DA:596,0
DA:603,0
DA:610,0
DA:627,0
DA:633,0
DA:639,0
DA:643,0
DA:663,0
DA:670,0
DA:677,0
DA:692,0
DA:699,0
DA:706,0
DA:721,0
DA:728,0
DA:735,0
DA:748,0
DA:755,0
DA:762,0
DA:774,0
LF:84
LH:0
BRF:0
BRH:0
end_of_record
TN:
SF:src\components\DataTableShowcase.tsx
FN:43,(anonymous_1)
FN:88,(anonymous_2)
FN:96,(anonymous_3)
FN:106,(anonymous_4)
FN:141,(anonymous_5)
FN:174,(anonymous_6)
FN:195,(anonymous_7)
FN:196,(anonymous_8)
FN:197,(anonymous_9)
FNF:9
FNH:0
FNDA:0,(anonymous_1)
FNDA:0,(anonymous_2)
FNDA:0,(anonymous_3)
FNDA:0,(anonymous_4)
FNDA:0,(anonymous_5)
FNDA:0,(anonymous_6)
FNDA:0,(anonymous_7)
FNDA:0,(anonymous_8)
FNDA:0,(anonymous_9)
DA:1,0
DA:2,0
DA:3,0
DA:4,0
DA:5,0
DA:43,0
DA:48,0
DA:55,0
DA:56,0
DA:60,0
DA:67,0
DA:88,0
DA:96,0
DA:107,0
DA:142,0
DA:175,0
DA:204,0
LF:17
LH:0
BRDA:55,0,0,0
BRDA:55,1,0,0
BRDA:55,1,1,0
BRF:3
BRH:0
end_of_record
TN:
SF:src\components\DataTableTest.tsx
FN:8,(anonymous_1)
FN:20,(anonymous_2)
FN:21,(anonymous_3)
FN:22,(anonymous_4)
FNF:4
FNH:0
FNDA:0,(anonymous_1)
FNDA:0,(anonymous_2)
FNDA:0,(anonymous_3)
FNDA:0,(anonymous_4)
DA:1,0
DA:2,0
DA:3,0
DA:8,0
DA:9,0
DA:20,0
DA:21,0
DA:22,0
DA:28,0
LF:9
LH:0
BRF:0
BRH:0
end_of_record
TN:
SF:src\components\EmptyState.tsx
FN:20,(anonymous_1)
FNF:1
FNH:0
FNDA:0,(anonymous_1)
DA:1,0
DA:20,0
DA:27,0
DA:70,0
LF:4
LH:0
BRDA:25,0,0,0
BRDA:40,1,0,0
BRDA:40,1,1,0
BRDA:52,2,0,0
BRDA:52,2,1,0
BRDA:58,3,0,0
BRDA:58,3,1,0
BRF:7
BRH:0
end_of_record
TN:
SF:src\components\ErrorBoundary.tsx
FN:23,(anonymous_9)
FN:28,(anonymous_10)
FN:33,(anonymous_11)
FN:58,(anonymous_12)
FN:97,(anonymous_13)
FN:104,(anonymous_14)
FNF:6
FNH:0
FNDA:0,(anonymous_9)
FNDA:0,(anonymous_10)
FNDA:0,(anonymous_11)
FNDA:0,(anonymous_12)
FNDA:0,(anonymous_13)
FNDA:0,(anonymous_14)
DA:1,0
DA:2,0
DA:24,0
DA:25,0
DA:30,0
DA:35,0
DA:36,0
DA:40,0
DA:41,0
DA:42,0
DA:49,0
DA:53,0
DA:54,0
DA:59,0
DA:61,0
DA:62,0
DA:66,0
DA:97,0
DA:104,0
DA:126,0
DA:130,0
LF:21
LH:0
BRDA:35,0,0,0
BRDA:53,1,0,0
BRDA:59,2,0,0
BRDA:61,3,0,0
BRDA:111,4,0,0
BRDA:111,4,1,0
BRDA:111,4,2,0
BRF:7
BRH:0
end_of_record
TN:
SF:src\components\ErrorState.tsx
FN:20,(anonymous_1)
FNF:1
FNH:0
FNDA:0,(anonymous_1)
DA:1,0
DA:2,0
DA:20,0
DA:26,0
DA:55,0
LF:5
LH:0
BRDA:21,0,0,0
BRDA:22,1,0,0
BRDA:24,2,0,0
BRDA:41,3,0,0
BRDA:41,3,1,0
BRF:5
BRH:0
end_of_record
TN:
SF:src\components\FormInput.tsx
FN:27,(anonymous_1)
FN:64,(anonymous_2)
FNF:2
FNH:0
FNDA:0,(anonymous_1)
FNDA:0,(anonymous_2)
DA:1,0
DA:27,0
DA:40,0
DA:50,0
DA:64,0
DA:90,0
LF:6
LH:0
BRDA:30,0,0,0
BRDA:34,1,0,0
BRDA:35,2,0,0
BRDA:38,3,0,0
BRDA:46,4,0,0
BRDA:46,4,1,0
BRDA:57,5,0,0
BRDA:57,5,1,0
BRDA:70,6,0,0
BRDA:70,6,1,0
BRDA:70,7,0,0
BRDA:70,7,1,0
BRDA:72,8,0,0
BRDA:72,8,1,0
BRDA:75,9,0,0
BRDA:75,9,1,0
BRDA:81,10,0,0
BRDA:81,10,1,0
BRDA:81,10,2,0
BRF:19
BRH:0
end_of_record
TN:
SF:src\components\ItemRow.tsx
FN:32,(anonymous_10)
FN:36,(anonymous_11)
FN:46,(anonymous_12)
FN:54,(anonymous_13)
FN:63,(anonymous_14)
FNF:5
FNH:0
FNDA:0,(anonymous_10)
FNDA:0,(anonymous_11)
FNDA:0,(anonymous_12)
FNDA:0,(anonymous_13)
FNDA:0,(anonymous_14)
DA:1,0
DA:2,0
DA:3,0
DA:32,0
DA:36,0
DA:37,0
DA:46,0
DA:47,0
DA:54,0
DA:55,0
DA:56,0
DA:58,0
DA:63,0
DA:64,0
DA:65,0
DA:67,0
DA:72,0
DA:135,0
DA:137,0
LF:19
LH:0
BRDA:55,0,0,0
BRDA:55,0,1,0
BRDA:64,1,0,0
BRDA:64,1,1,0
BRF:4
BRH:0
end_of_record
TN:
SF:src\components\ItemsFilters.tsx
FN:30,(anonymous_1)
FN:37,(anonymous_2)
FN:44,(anonymous_3)
FN:85,(anonymous_4)
FN:90,(anonymous_5)
FN:112,(anonymous_6)
FN:117,(anonymous_7)
FN:144,(anonymous_8)
FN:155,(anonymous_9)
FN:175,(anonymous_10)
FN:203,(anonymous_11)
FN:226,(anonymous_12)
FNF:12
FNH:0
FNDA:0,(anonymous_1)
FNDA:0,(anonymous_2)
FNDA:0,(anonymous_3)
FNDA:0,(anonymous_4)
FNDA:0,(anonymous_5)
FNDA:0,(anonymous_6)
FNDA:0,(anonymous_7)
FNDA:0,(anonymous_8)
FNDA:0,(anonymous_9)
FNDA:0,(anonymous_10)
FNDA:0,(anonymous_11)
FNDA:0,(anonymous_12)
DA:1,0
DA:3,0
DA:4,0
DA:30,0
DA:37,0
DA:38,0
DA:44,0
DA:45,0
DA:54,0
DA:85,0
DA:91,0
DA:112,0
DA:118,0
DA:144,0
DA:155,0
DA:177,0
DA:178,0
DA:205,0
DA:206,0
DA:227,0
DA:249,0
DA:251,0
LF:22
LH:0
BRDA:35,0,0,0
BRDA:174,1,0,0
BRDA:174,1,1,0
BRDA:177,2,0,0
BRDA:177,2,1,0
BRDA:202,3,0,0
BRDA:202,3,1,0
BRDA:205,4,0,0
BRDA:205,4,1,0
BRF:9
BRH:0
end_of_record
TN:
SF:src\components\ItemsHeader.tsx
FN:27,(anonymous_1)
FNF:1
FNH:0
FNDA:0,(anonymous_1)
DA:1,0
DA:2,0
DA:3,0
DA:4,0
DA:27,0
DA:36,0
DA:101,0
DA:103,0
LF:8
LH:0
BRDA:57,0,0,0
BRDA:57,0,1,0
BRDA:62,1,0,0
BRDA:62,1,1,0
BRDA:88,2,0,0
BRDA:88,2,1,0
BRF:6
BRH:0
end_of_record
TN:
SF:src\components\ItemsTable.tsx
FN:44,(anonymous_10)
FN:80,(anonymous_11)
FN:87,(anonymous_12)
FN:95,(anonymous_13)
FN:104,(anonymous_14)
FN:117,(anonymous_15)
FN:128,(anonymous_16)
FN:146,(anonymous_17)
FN:152,(anonymous_18)
FN:154,(anonymous_19)
FN:184,(anonymous_20)
FNF:11
FNH:0
FNDA:0,(anonymous_10)
FNDA:0,(anonymous_11)
FNDA:0,(anonymous_12)
FNDA:0,(anonymous_13)
FNDA:0,(anonymous_14)
FNDA:0,(anonymous_15)
FNDA:0,(anonymous_16)
FNDA:0,(anonymous_17)
FNDA:0,(anonymous_18)
FNDA:0,(anonymous_19)
FNDA:0,(anonymous_20)
DA:1,0
DA:2,0
DA:3,0
DA:43,0
DA:60,0
DA:61,0
DA:69,0
DA:79,0
DA:81,0
DA:86,0
DA:88,0
DA:94,0
DA:95,0
DA:105,0
DA:117,0
DA:128,0
DA:146,0
DA:147,0
DA:148,0
DA:150,0
DA:153,0
DA:155,0
DA:167,0
DA:169,0
DA:185,0
DA:200,0
DA:202,0
LF:27
LH:0
BRDA:51,0,0,0
BRDA:60,1,0,0
BRDA:60,2,0,0
BRDA:60,2,1,0
BRDA:148,3,0,0
BRDA:148,3,1,0
BRDA:156,4,0,0
BRDA:156,4,1,0
BRF:8
BRH:0
end_of_record
TN:
SF:src\components\LazyComponents.tsx
FN:17,(anonymous_10)
FN:17,(anonymous_11)
FN:18,(anonymous_12)
FN:18,(anonymous_13)
FN:21,(anonymous_14)
FN:21,(anonymous_15)
FN:23,(anonymous_16)
FN:23,(anonymous_17)
FN:25,(anonymous_18)
FN:25,(anonymous_19)
FN:27,(anonymous_20)
FN:27,(anonymous_21)
FN:31,(anonymous_22)
FN:31,(anonymous_23)
FN:32,(anonymous_24)
FN:32,(anonymous_25)
FN:35,(anonymous_26)
FN:35,(anonymous_27)
FN:38,(anonymous_28)
FN:38,(anonymous_29)
FN:39,(anonymous_30)
FN:39,(anonymous_31)
FN:40,(anonymous_32)
FN:40,(anonymous_33)
FN:49,(anonymous_34)
FN:58,(anonymous_35)
FN:77,(anonymous_36)
FN:90,(anonymous_37)
FN:101,(anonymous_38)
FN:112,(anonymous_39)
FN:123,(anonymous_40)
FN:134,(anonymous_41)
FN:145,(anonymous_42)
FN:166,(anonymous_43)
FN:179,(anonymous_44)
FN:186,(anonymous_45)
FN:188,(anonymous_46)
FN:189,(anonymous_47)
FN:190,(anonymous_48)
FN:191,(anonymous_49)
FN:192,(anonymous_50)
FN:193,(anonymous_51)
FNF:42
FNH:0
FNDA:0,(anonymous_10)
FNDA:0,(anonymous_11)
FNDA:0,(anonymous_12)
FNDA:0,(anonymous_13)
FNDA:0,(anonymous_14)
FNDA:0,(anonymous_15)
FNDA:0,(anonymous_16)
FNDA:0,(anonymous_17)
FNDA:0,(anonymous_18)
FNDA:0,(anonymous_19)
FNDA:0,(anonymous_20)
FNDA:0,(anonymous_21)
FNDA:0,(anonymous_22)
FNDA:0,(anonymous_23)
FNDA:0,(anonymous_24)
FNDA:0,(anonymous_25)
FNDA:0,(anonymous_26)
FNDA:0,(anonymous_27)
FNDA:0,(anonymous_28)
FNDA:0,(anonymous_29)
FNDA:0,(anonymous_30)
FNDA:0,(anonymous_31)
FNDA:0,(anonymous_32)
FNDA:0,(anonymous_33)
FNDA:0,(anonymous_34)
FNDA:0,(anonymous_35)
FNDA:0,(anonymous_36)
FNDA:0,(anonymous_37)
FNDA:0,(anonymous_38)
FNDA:0,(anonymous_39)
FNDA:0,(anonymous_40)
FNDA:0,(anonymous_41)
FNDA:0,(anonymous_42)
FNDA:0,(anonymous_43)
FNDA:0,(anonymous_44)
FNDA:0,(anonymous_45)
FNDA:0,(anonymous_46)
FNDA:0,(anonymous_47)
FNDA:0,(anonymous_48)
FNDA:0,(anonymous_49)
FNDA:0,(anonymous_50)
FNDA:0,(anonymous_51)
DA:8,0
DA:9,0
DA:10,0
DA:17,0
DA:18,0
DA:21,0
DA:22,0
DA:23,0
DA:25,0
DA:26,0
DA:27,0
DA:31,0
DA:32,0
DA:35,0
DA:38,0
DA:39,0
DA:40,0
DA:49,0
DA:50,0
DA:58,0
DA:59,0
DA:77,0
DA:78,0
DA:90,0
DA:91,0
DA:101,0
DA:102,0
DA:112,0
DA:113,0
DA:123,0
DA:124,0
DA:134,0
DA:135,0
DA:145,0
DA:146,0
DA:166,0
DA:171,0
DA:173,0
DA:179,0
DA:180,0
DA:186,0
DA:187,0
DA:188,0
DA:189,0
DA:190,0
DA:191,0
DA:192,0
DA:193,0
DA:196,0
LF:49
LH:0
BRDA:167,0,0,0
BRDA:168,1,0,0
BRDA:173,2,0,0
BRDA:173,2,1,0
BRF:4
BRH:0
end_of_record
TN:
SF:src\components\LazyLoad.tsx
FN:18,(anonymous_10)
FN:25,(anonymous_11)
FN:27,(anonymous_12)
FN:31,(anonymous_13)
FN:49,withLazyLoad
FN:53,(anonymous_15)
FN:55,(anonymous_16)
FN:65,useLazyLoad
FN:73,(anonymous_18)
FN:78,(anonymous_19)
FN:96,(anonymous_20)
FNF:11
FNH:0
FNDA:0,(anonymous_10)
FNDA:0,(anonymous_11)
FNDA:0,(anonymous_12)
FNDA:0,(anonymous_13)
FNDA:0,withLazyLoad
FNDA:0,(anonymous_15)
FNDA:0,(anonymous_16)
FNDA:0,useLazyLoad
FNDA:0,(anonymous_18)
FNDA:0,(anonymous_19)
FNDA:0,(anonymous_20)
DA:5,0
DA:6,0
DA:18,0
DA:23,0
DA:25,0
DA:26,0
DA:27,0
DA:28,0
DA:31,0
DA:35,0
DA:36,0
DA:39,0
DA:49,0
DA:53,0
DA:55,0
DA:56,0
DA:65,0
DA:70,0
DA:71,0
DA:73,0
DA:74,0
DA:75,0
DA:77,0
DA:79,0
DA:80,0
DA:81,0
DA:82,0
DA:84,0
DA:85,0
DA:94,0
DA:96,0
DA:97,0
DA:101,0
LF:33
LH:0
BRDA:20,0,0,0
BRDA:21,1,0,0
BRDA:26,2,0,0
BRDA:35,3,0,0
BRDA:56,4,0,0
BRDA:56,4,1,0
BRDA:75,5,0,0
BRDA:79,6,0,0
BRDA:79,6,1,0
BRDA:81,7,0,0
BRDA:84,8,0,0
BRDA:89,9,0,0
BRDA:89,9,1,0
BRDA:90,10,0,0
BRDA:90,10,1,0
BRF:15
BRH:0
end_of_record
TN:
SF:src\components\LoadingIndicator.tsx
FN:18,(anonymous_1)
FNF:1
FNH:0
FNDA:0,(anonymous_1)
DA:1,0
DA:18,0
DA:24,0
DA:31,0
DA:37,0
DA:74,0
LF:6
LH:0
BRDA:19,0,0,0
BRDA:21,1,0,0
BRDA:42,2,0,0
BRDA:42,2,1,0
BRDA:61,3,0,0
BRDA:61,3,1,0
BRDA:68,4,0,0
BRDA:68,4,1,0
BRF:8
BRH:0
end_of_record
TN:
SF:src\components\PageHeader.tsx
FN:111,(anonymous_1)
FN:131,(anonymous_2)
FN:154,(anonymous_3)
FN:177,(anonymous_4)
FN:197,(anonymous_5)
FN:218,(anonymous_6)
FN:230,(anonymous_7)
FN:240,(anonymous_8)
FN:250,(anonymous_9)
FN:260,(anonymous_10)
FN:270,(anonymous_11)
FN:280,(anonymous_12)
FN:300,(anonymous_13)
FN:314,(anonymous_14)
FN:326,(anonymous_15)
FNF:15
FNH:0
FNDA:0,(anonymous_1)
FNDA:0,(anonymous_2)
FNDA:0,(anonymous_3)
FNDA:0,(anonymous_4)
FNDA:0,(anonymous_5)
FNDA:0,(anonymous_6)
FNDA:0,(anonymous_7)
FNDA:0,(anonymous_8)
FNDA:0,(anonymous_9)
FNDA:0,(anonymous_10)
FNDA:0,(anonymous_11)
FNDA:0,(anonymous_12)
FNDA:0,(anonymous_13)
FNDA:0,(anonymous_14)
FNDA:0,(anonymous_15)
DA:1,0
DA:111,0
DA:118,0
DA:131,0
DA:137,0
DA:143,0
DA:145,0
DA:154,0
DA:161,0
DA:163,0
DA:168,0
DA:177,0
DA:183,0
DA:185,0
DA:190,0
DA:197,0
DA:205,0
DA:207,0
DA:218,0
DA:223,0
DA:225,0
DA:230,0
DA:235,0
DA:237,0
DA:240,0
DA:245,0
DA:247,0
DA:250,0
DA:255,0
DA:257,0
DA:260,0
DA:265,0
DA:267,0
DA:270,0
DA:275,0
DA:277,0
DA:280,0
DA:287,0
DA:289,0
DA:300,0
DA:305,0
DA:307,0
DA:314,0
DA:319,0
DA:321,0
DA:326,0
DA:331,0
DA:333,0
DA:341,0
DA:342,0
DA:343,0
DA:344,0
DA:345,0
DA:346,0
DA:347,0
DA:348,0
DA:349,0
DA:350,0
DA:351,0
DA:352,0
DA:353,0
DA:354,0
DA:357,0
LF:63
LH:0
BRDA:113,0,0,0
BRDA:114,1,0,0
BRDA:116,2,0,0
BRDA:123,3,0,0
BRDA:123,3,1,0
BRDA:133,4,0,0
BRDA:134,5,0,0
BRDA:135,6,0,0
BRDA:143,7,0,0
BRDA:156,8,0,0
BRDA:157,9,0,0
BRDA:158,10,0,0
BRDA:159,11,0,0
BRDA:161,12,0,0
BRDA:179,13,0,0
BRDA:180,14,0,0
BRDA:181,15,0,0
BRDA:183,16,0,0
BRDA:199,17,0,0
BRDA:200,18,0,0
BRDA:203,19,0,0
BRDA:205,20,0,0
BRDA:220,21,0,0
BRDA:221,22,0,0
BRDA:223,23,0,0
BRDA:232,24,0,0
BRDA:233,25,0,0
BRDA:235,26,0,0
BRDA:242,27,0,0
BRDA:243,28,0,0
BRDA:245,29,0,0
BRDA:252,30,0,0
BRDA:253,31,0,0
BRDA:255,32,0,0
BRDA:262,33,0,0
BRDA:263,34,0,0
BRDA:265,35,0,0
BRDA:272,36,0,0
BRDA:273,37,0,0
BRDA:275,38,0,0
BRDA:283,39,0,0
BRDA:284,40,0,0
BRDA:287,41,0,0
BRDA:302,42,0,0
BRDA:303,43,0,0
BRDA:305,44,0,0
BRDA:316,45,0,0
BRDA:317,46,0,0
BRDA:319,47,0,0
BRDA:328,48,0,0
BRDA:329,49,0,0
BRDA:331,50,0,0
BRF:52
BRH:0
end_of_record
TN:
SF:src\components\PageHeaderShowcase.tsx
FN:18,(anonymous_1)
FNF:1
FNH:0
FNDA:0,(anonymous_1)
DA:1,0
DA:2,0
DA:3,0
DA:4,0
DA:5,0
DA:18,0
DA:19,0
DA:385,0
LF:8
LH:0
BRF:0
BRH:0
end_of_record
TN:
SF:src\components\PerformanceMonitor.tsx
FN:38,(anonymous_9)
FN:52,(anonymous_10)
FN:56,(anonymous_11)
FN:59,(anonymous_12)
FN:80,(anonymous_13)
FN:93,(anonymous_14)
FN:94,(anonymous_15)
FN:97,(anonymous_16)
FN:104,(anonymous_17)
FN:125,(anonymous_18)
FN:162,useRenderPerformance
FN:166,(anonymous_20)
FN:169,(anonymous_21)
FN:174,(anonymous_22)
FN:191,useAsyncPerformance
FN:197,(anonymous_24)
FN:208,(anonymous_25)
FN:247,withPerformanceMonitoring
FN:251,(anonymous_27)
FN:254,(anonymous_28)
FN:271,measureExecutionTime
FN:288,measureAsyncExecutionTime
FNF:22
FNH:0
FNDA:0,(anonymous_9)
FNDA:0,(anonymous_10)
FNDA:0,(anonymous_11)
FNDA:0,(anonymous_12)
FNDA:0,(anonymous_13)
FNDA:0,(anonymous_14)
FNDA:0,(anonymous_15)
FNDA:0,(anonymous_16)
FNDA:0,(anonymous_17)
FNDA:0,(anonymous_18)
FNDA:0,useRenderPerformance
FNDA:0,(anonymous_20)
FNDA:0,(anonymous_21)
FNDA:0,(anonymous_22)
FNDA:0,useAsyncPerformance
FNDA:0,(anonymous_24)
FNDA:0,(anonymous_25)
FNDA:0,withPerformanceMonitoring
FNDA:0,(anonymous_27)
FNDA:0,(anonymous_28)
FNDA:0,measureExecutionTime
FNDA:0,measureAsyncExecutionTime
DA:8,0
DA:37,0
DA:39,0
DA:48,0
DA:49,0
DA:52,0
DA:53,0
DA:56,0
DA:57,0
DA:59,0
DA:65,0
DA:66,0
DA:76,0
DA:77,0
DA:80,0
DA:81,0
DA:82,0
DA:83,0
DA:89,0
DA:93,0
DA:94,0
DA:95,0
DA:97,0
DA:104,0
DA:107,0
DA:109,0
DA:116,0
DA:125,0
DA:162,0
DA:163,0
DA:164,0
DA:166,0
DA:167,0
DA:169,0
DA:170,0
DA:171,0
DA:173,0
DA:174,0
DA:176,0
DA:178,0
DA:185,0
DA:191,0
DA:192,0
DA:196,0
DA:201,0
DA:203,0
DA:204,0
DA:205,0
DA:206,0
DA:208,0
DA:213,0
DA:215,0
DA:220,0
DA:222,0
DA:223,0
DA:225,0
DA:231,0
DA:237,0
DA:247,0
DA:251,0
DA:252,0
DA:254,0
DA:255,0
DA:256,0
DA:264,0
DA:271,0
DA:272,0
DA:273,0
DA:274,0
DA:275,0
DA:277,0
DA:279,0
DA:282,0
DA:288,0
DA:292,0
DA:293,0
DA:294,0
DA:295,0
DA:297,0
DA:299,0
DA:304,0
LF:81
LH:0
BRDA:38,0,0,0
BRDA:38,1,0,0
BRDA:38,2,0,0
BRDA:65,3,0,0
BRDA:69,4,0,0
BRDA:69,4,1,0
BRDA:81,5,0,0
BRDA:107,6,0,0
BRDA:128,7,0,0
BRDA:128,7,1,0
BRDA:138,8,0,0
BRDA:138,8,1,0
BRDA:176,9,0,0
BRDA:213,10,0,0
BRDA:255,11,0,0
BRDA:277,12,0,0
BRDA:297,13,0,0
BRF:17
BRH:0
end_of_record
TN:
SF:src\components\SearchBar.tsx
FN:24,(anonymous_9)
FN:27,(anonymous_10)
FN:35,(anonymous_11)
FN:41,(anonymous_12)
FNF:4
FNH:0
FNDA:0,(anonymous_9)
FNDA:0,(anonymous_10)
FNDA:0,(anonymous_11)
FNDA:0,(anonymous_12)
DA:1,0
DA:2,0
DA:24,0
DA:25,0
DA:27,0
DA:28,0
DA:29,0
DA:30,0
DA:31,0
DA:35,0
DA:36,0
DA:37,0
DA:41,0
DA:42,0
DA:43,0
DA:47,0
DA:88,0
DA:90,0
LF:18
LH:0
BRDA:25,0,0,0
BRDA:25,0,1,0
BRDA:30,1,0,0
BRDA:36,2,0,0
BRDA:42,3,0,0
BRF:5
BRH:0
end_of_record
TN:
SF:src\components\Stack.tsx
FN:36,Stack
FNF:1
FNH:0
FNDA:0,Stack
DA:1,0
DA:48,0
DA:55,0
DA:64,0
DA:74,0
DA:84,0
DA:89,0
DA:92,0
DA:96,0
DA:98,0
DA:105,0
LF:11
LH:0
BRDA:38,0,0,0
BRDA:39,1,0,0
BRDA:40,2,0,0
BRDA:41,3,0,0
BRDA:42,4,0,0
BRDA:43,5,0,0
BRDA:44,6,0,0
BRDA:84,7,0,0
BRDA:84,7,1,0
BRDA:84,8,0,0
BRDA:84,8,1,0
BRDA:92,9,0,0
BRDA:92,9,1,0
BRF:13
BRH:0
end_of_record
TN:
SF:src\components\UnderlineNav.tsx
FN:39,(anonymous_9)
FN:59,(anonymous_10)
FN:95,(anonymous_11)
FNF:3
FNH:0
FNDA:0,(anonymous_9)
FNDA:0,(anonymous_10)
FNDA:0,(anonymous_11)
DA:1,0
DA:38,0
DA:44,0
DA:58,0
DA:68,0
DA:72,0
DA:75,0
DA:76,0
DA:78,0
DA:83,0
DA:91,0
DA:92,0
DA:96,0
DA:97,0
DA:108,0
DA:128,0
DA:129,0
DA:131,0
LF:18
LH:0
BRDA:41,0,0,0
BRDA:63,1,0,0
BRDA:79,2,0,0
BRDA:79,2,1,0
BRDA:84,3,0,0
BRDA:84,3,1,0
BRDA:86,4,0,0
BRDA:86,4,1,0
BRDA:91,5,0,0
BRDA:97,6,0,0
BRF:10
BRH:0
end_of_record
TN:
SF:src\components\UnderlineNavShowcase.tsx
FN:12,(anonymous_1)
FNF:1
FNH:0
FNDA:0,(anonymous_1)
DA:1,0
DA:2,0
DA:12,0
DA:13,0
DA:49,0
LF:5
LH:0
BRF:0
BRH:0
end_of_record
TN:
SF:src\components\ValidatedFormInput.tsx
FN:32,(anonymous_9)
FN:54,(anonymous_10)
FN:66,(anonymous_11)
FN:75,(anonymous_12)
FN:80,(anonymous_13)
FN:88,(anonymous_14)
FN:95,(anonymous_15)
FN:151,(anonymous_16)
FNF:8
FNH:0
FNDA:0,(anonymous_9)
FNDA:0,(anonymous_10)
FNDA:0,(anonymous_11)
FNDA:0,(anonymous_12)
FNDA:0,(anonymous_13)
FNDA:0,(anonymous_14)
FNDA:0,(anonymous_15)
FNDA:0,(anonymous_16)
DA:1,0
DA:2,0
DA:32,0
DA:49,0
DA:50,0
DA:51,0
DA:54,0
DA:55,0
DA:57,0
DA:58,0
DA:60,0
DA:61,0
DA:62,0
DA:66,0
DA:67,0
DA:68,0
DA:70,0
DA:72,0
DA:73,0
DA:75,0
DA:80,0
DA:81,0
DA:82,0
DA:83,0
DA:88,0
DA:89,0
DA:90,0
DA:95,0
DA:96,0
DA:97,0
DA:101,0
DA:102,0
DA:104,0
DA:114,0
DA:152,0
DA:168,0
LF:36
LH:0
BRDA:35,0,0,0
BRDA:40,1,0,0
BRDA:41,2,0,0
BRDA:43,3,0,0
BRDA:44,4,0,0
BRDA:45,5,0,0
BRDA:47,6,0,0
BRDA:55,7,0,0
BRDA:57,8,0,0
BRDA:57,8,1,0
BRDA:68,9,0,0
BRDA:68,9,1,0
BRDA:72,10,0,0
BRDA:72,11,0,0
BRDA:72,11,1,0
BRDA:82,12,0,0
BRDA:82,13,0,0
BRDA:82,13,1,0
BRDA:89,14,0,0
BRDA:96,15,0,0
BRDA:96,16,0,0
BRDA:96,16,1,0
BRDA:101,17,0,0
BRDA:101,17,1,0
BRDA:102,18,0,0
BRDA:102,18,1,0
BRDA:110,19,0,0
BRDA:110,19,1,0
BRDA:121,20,0,0
BRDA:121,20,1,0
BRDA:137,21,0,0
BRDA:137,21,1,0
BRDA:137,22,0,0
BRDA:137,22,1,0
BRDA:139,23,0,0
BRDA:139,23,1,0
BRDA:142,24,0,0
BRDA:142,24,1,0
BRDA:149,25,0,0
BRDA:149,25,1,0
BRDA:159,26,0,0
BRDA:159,26,1,0
BRDA:159,26,2,0
BRF:43
BRH:0
end_of_record
TN:
SF:src\components\icons.tsx
FN:9,(anonymous_1)
FN:27,(anonymous_2)
FN:45,(anonymous_3)
FN:63,(anonymous_4)
FN:81,(anonymous_5)
FN:99,(anonymous_6)
FN:120,(anonymous_7)
FN:147,(anonymous_8)
FN:165,(anonymous_9)
FN:172,(anonymous_10)
FN:190,(anonymous_11)
FN:208,(anonymous_12)
FNF:12
FNH:0
FNDA:0,(anonymous_1)
FNDA:0,(anonymous_2)
FNDA:0,(anonymous_3)
FNDA:0,(anonymous_4)
FNDA:0,(anonymous_5)
FNDA:0,(anonymous_6)
FNDA:0,(anonymous_7)
FNDA:0,(anonymous_8)
FNDA:0,(anonymous_9)
FNDA:0,(anonymous_10)
FNDA:0,(anonymous_11)
FNDA:0,(anonymous_12)
DA:1,1
DA:9,1
DA:10,0
DA:27,1
DA:28,0
DA:45,1
DA:46,0
DA:63,1
DA:64,0
DA:81,1
DA:82,0
DA:99,1
DA:103,0
DA:120,1
DA:124,0
DA:147,1
DA:148,0
DA:165,1
DA:166,0
DA:172,1
DA:173,0
DA:190,1
DA:191,0
DA:208,1
DA:209,0
LF:25
LH:13
BRDA:9,0,0,0
BRDA:27,1,0,0
BRDA:45,2,0,0
BRDA:63,3,0,0
BRDA:81,4,0,0
BRDA:100,5,0,0
BRDA:121,6,0,0
BRDA:147,7,0,0
BRDA:165,8,0,0
BRDA:172,9,0,0
BRDA:190,10,0,0
BRDA:208,11,0,0
BRF:12
BRH:0
end_of_record
TN:
SF:src\components\DataTable\DataTable.tsx
FN:43,(anonymous_9)
FNF:1
FNH:0
FNDA:0,(anonymous_9)
DA:1,0
DA:3,0
DA:4,0
DA:5,0
DA:7,0
DA:42,0
DA:79,0
DA:82,0
DA:83,0
DA:91,0
DA:101,0
DA:102,0
DA:103,0
DA:123,0
DA:137,0
DA:143,0
DA:144,0
DA:157,0
DA:158,0
DA:175,0
DA:176,0
DA:210,0
DA:213,0
DA:246,0
DA:256,0
DA:259,0
DA:261,0
DA:263,0
LF:28
LH:0
BRDA:47,0,0,0
BRDA:48,1,0,0
BRDA:50,2,0,0
BRDA:51,3,0,0
BRDA:52,4,0,0
BRDA:53,5,0,0
BRDA:54,6,0,0
BRDA:55,7,0,0
BRDA:56,8,0,0
BRDA:57,9,0,0
BRDA:58,10,0,0
BRDA:59,11,0,0
BRDA:60,12,0,0
BRDA:61,13,0,0
BRDA:82,14,0,0
BRDA:82,15,0,0
BRDA:82,15,1,0
BRDA:102,16,0,0
BRDA:138,17,0,0
BRDA:138,17,1,0
BRDA:143,18,0,0
BRDA:146,19,0,0
BRDA:146,19,1,0
BRDA:157,20,0,0
BRDA:160,21,0,0
BRDA:160,21,1,0
BRDA:164,22,0,0
BRDA:164,22,1,0
BRDA:175,23,0,0
BRDA:175,24,0,0
BRDA:175,24,1,0
BRDA:178,25,0,0
BRDA:178,25,1,0
BRDA:219,26,0,0
BRDA:219,26,1,0
BRDA:239,27,0,0
BRDA:239,27,1,0
BRF:37
BRH:0
end_of_record
TN:
SF:src\components\DataTable\DataTableContext.tsx
FN:71,DataTableProvider
FN:86,useDataTableContext
FNF:2
FNH:0
FNDA:0,DataTableProvider
FNDA:0,useDataTableContext
DA:1,0
DA:60,0
DA:71,0
DA:75,0
DA:86,0
DA:87,0
DA:89,0
DA:90,0
DA:95,0
DA:102,0
DA:105,0
DA:111,0
DA:112,0
LF:13
LH:0
BRDA:89,0,0,0
BRF:1
BRH:0
end_of_record
TN:
SF:src\components\DataTable\DataTableRefactored.tsx
FN:36,(anonymous_10)
FN:132,(anonymous_11)
FN:150,(anonymous_12)
FN:276,(anonymous_13)
FN:373,(anonymous_14)
FNF:5
FNH:0
FNDA:0,(anonymous_10)
FNDA:0,(anonymous_11)
FNDA:0,(anonymous_12)
FNDA:0,(anonymous_13)
FNDA:0,(anonymous_14)
DA:1,0
DA:3,0
DA:4,0
DA:5,0
DA:6,0
DA:7,0
DA:8,0
DA:9,0
DA:10,0
DA:11,0
DA:35,0
DA:72,0
DA:75,0
DA:76,0
DA:84,0
DA:94,0
DA:95,0
DA:96,0
DA:100,0
DA:129,0
DA:132,0
DA:133,0
DA:137,0
DA:143,0
DA:150,0
DA:218,0
DA:219,0
DA:232,0
DA:233,0
DA:250,0
DA:251,0
DA:276,0
DA:277,0
DA:278,0
DA:287,0
DA:291,0
DA:293,0
DA:324,0
DA:331,0
DA:332,0
DA:333,0
DA:334,0
DA:335,0
DA:336,0
DA:337,0
DA:338,0
DA:339,0
DA:340,0
DA:341,0
DA:342,0
DA:343,0
DA:344,0
DA:345,0
DA:346,0
DA:347,0
DA:348,0
DA:373,0
DA:374,0
DA:376,0
DA:378,0
DA:399,0
LF:61
LH:0
BRDA:40,0,0,0
BRDA:41,1,0,0
BRDA:43,2,0,0
BRDA:44,3,0,0
BRDA:45,4,0,0
BRDA:46,5,0,0
BRDA:47,6,0,0
BRDA:48,7,0,0
BRDA:49,8,0,0
BRDA:50,9,0,0
BRDA:51,10,0,0
BRDA:52,11,0,0
BRDA:53,12,0,0
BRDA:54,13,0,0
BRDA:75,14,0,0
BRDA:75,15,0,0
BRDA:75,15,1,0
BRDA:95,16,0,0
BRDA:133,17,0,0
BRDA:133,17,1,0
BRDA:138,18,0,0
BRDA:138,18,1,0
BRDA:156,19,0,0
BRDA:156,19,1,0
BRDA:176,20,0,0
BRDA:176,20,1,0
BRDA:218,21,0,0
BRDA:221,22,0,0
BRDA:221,22,1,0
BRDA:232,23,0,0
BRDA:235,24,0,0
BRDA:235,24,1,0
BRDA:239,25,0,0
BRDA:239,25,1,0
BRDA:250,26,0,0
BRDA:250,27,0,0
BRDA:250,27,1,0
BRDA:253,28,0,0
BRDA:253,28,1,0
BRDA:277,29,0,0
BRDA:291,30,0,0
BRDA:291,30,1,0
BRDA:297,31,0,0
BRDA:297,31,1,0
BRF:44
BRH:0
end_of_record
TN:
SF:src\components\DataTable\constants.ts
FNF:0
FNH:0
DA:16,0
DA:22,0
DA:28,0
DA:34,0
DA:43,0
DA:56,0
DA:64,0
DA:69,0
DA:71,0
DA:77,0
DA:84,0
DA:90,0
DA:97,0
DA:103,0
DA:113,0
DA:125,0
DA:139,0
DA:145,0
DA:155,0
DA:163,0
DA:179,0
DA:199,0
DA:213,0
DA:236,0
DA:242,0
DA:250,0
DA:264,0
DA:273,0
DA:283,0
DA:324,0
LF:30
LH:0
BRF:0
BRH:0
end_of_record
TN:
SF:src\components\DataTable\index.ts
FN:91,(anonymous_5)
FN:98,(anonymous_6)
FN:99,(anonymous_7)
FN:100,(anonymous_8)
FN:101,(anonymous_9)
FN:102,(anonymous_10)
FN:103,(anonymous_11)
FN:104,(anonymous_12)
FN:105,(anonymous_13)
FN:106,(anonymous_14)
FN:107,(anonymous_15)
FN:108,(anonymous_16)
FN:109,(anonymous_17)
FN:110,(anonymous_18)
FN:111,(anonymous_19)
FN:115,(anonymous_20)
FN:116,(anonymous_21)
FN:117,(anonymous_22)
FN:118,(anonymous_23)
FN:122,(anonymous_24)
FN:123,(anonymous_25)
FN:124,(anonymous_26)
FN:125,(anonymous_27)
FN:126,(anonymous_28)
FN:127,(anonymous_29)
FN:128,(anonymous_30)
FN:129,(anonymous_31)
FN:133,(anonymous_32)
FN:134,(anonymous_33)
FN:135,(anonymous_34)
FN:136,(anonymous_35)
FN:137,(anonymous_36)
FN:138,(anonymous_37)
FN:139,(anonymous_38)
FN:140,(anonymous_39)
FN:141,(anonymous_40)
FN:142,(anonymous_41)
FN:143,(anonymous_42)
FN:144,(anonymous_43)
FN:145,(anonymous_44)
FN:149,(anonymous_45)
FN:150,(anonymous_46)
FN:151,(anonymous_47)
FN:152,(anonymous_48)
FN:153,(anonymous_49)
FN:154,(anonymous_50)
FN:155,(anonymous_51)
FN:156,(anonymous_52)
FN:157,(anonymous_53)
FN:158,(anonymous_54)
FN:159,(anonymous_55)
FN:160,(anonymous_56)
FN:161,(anonymous_57)
FN:162,(anonymous_58)
FN:163,(anonymous_59)
FN:164,(anonymous_60)
FN:165,(anonymous_61)
FN:166,(anonymous_62)
FN:167,(anonymous_63)
FNF:59
FNH:0
FNDA:0,(anonymous_5)
FNDA:0,(anonymous_6)
FNDA:0,(anonymous_7)
FNDA:0,(anonymous_8)
FNDA:0,(anonymous_9)
FNDA:0,(anonymous_10)
FNDA:0,(anonymous_11)
FNDA:0,(anonymous_12)
FNDA:0,(anonymous_13)
FNDA:0,(anonymous_14)
FNDA:0,(anonymous_15)
FNDA:0,(anonymous_16)
FNDA:0,(anonymous_17)
FNDA:0,(anonymous_18)
FNDA:0,(anonymous_19)
FNDA:0,(anonymous_20)
FNDA:0,(anonymous_21)
FNDA:0,(anonymous_22)
FNDA:0,(anonymous_23)
FNDA:0,(anonymous_24)
FNDA:0,(anonymous_25)
FNDA:0,(anonymous_26)
FNDA:0,(anonymous_27)
FNDA:0,(anonymous_28)
FNDA:0,(anonymous_29)
FNDA:0,(anonymous_30)
FNDA:0,(anonymous_31)
FNDA:0,(anonymous_32)
FNDA:0,(anonymous_33)
FNDA:0,(anonymous_34)
FNDA:0,(anonymous_35)
FNDA:0,(anonymous_36)
FNDA:0,(anonymous_37)
FNDA:0,(anonymous_38)
FNDA:0,(anonymous_39)
FNDA:0,(anonymous_40)
FNDA:0,(anonymous_41)
FNDA:0,(anonymous_42)
FNDA:0,(anonymous_43)
FNDA:0,(anonymous_44)
FNDA:0,(anonymous_45)
FNDA:0,(anonymous_46)
FNDA:0,(anonymous_47)
FNDA:0,(anonymous_48)
FNDA:0,(anonymous_49)
FNDA:0,(anonymous_50)
FNDA:0,(anonymous_51)
FNDA:0,(anonymous_52)
FNDA:0,(anonymous_53)
FNDA:0,(anonymous_54)
FNDA:0,(anonymous_55)
FNDA:0,(anonymous_56)
FNDA:0,(anonymous_57)
FNDA:0,(anonymous_58)
FNDA:0,(anonymous_59)
FNDA:0,(anonymous_60)
FNDA:0,(anonymous_61)
FNDA:0,(anonymous_62)
FNDA:0,(anonymous_63)
DA:7,0
DA:8,0
DA:16,0
DA:23,0
DA:24,0
DA:25,0
DA:26,0
DA:38,0
DA:39,0
DA:40,0
DA:41,0
DA:42,0
DA:43,0
DA:57,0
DA:58,0
DA:65,0
DA:66,0
DA:73,0
DA:80,0
DA:81,0
DA:91,0
DA:97,0
DA:98,0
DA:99,0
DA:100,0
DA:101,0
DA:102,0
DA:103,0
DA:104,0
DA:105,0
DA:106,0
DA:107,0
DA:108,0
DA:109,0
DA:110,0
DA:111,0
DA:114,0
DA:115,0
DA:116,0
DA:117,0
DA:118,0
DA:121,0
DA:122,0
DA:123,0
DA:124,0
DA:125,0
DA:126,0
DA:127,0
DA:128,0
DA:129,0
DA:132,0
DA:133,0
DA:134,0
DA:135,0
DA:136,0
DA:137,0
DA:138,0
DA:139,0
DA:140,0
DA:141,0
DA:142,0
DA:143,0
DA:144,0
DA:145,0
DA:148,0
DA:149,0
DA:150,0
DA:151,0
DA:152,0
DA:153,0
DA:154,0
DA:155,0
DA:156,0
DA:157,0
DA:158,0
DA:159,0
DA:160,0
DA:161,0
DA:162,0
DA:163,0
DA:164,0
DA:165,0
DA:166,0
DA:167,0
DA:174,0
DA:204,0
DA:226,0
DA:229,0
DA:230,0
DA:231,0
DA:232,0
DA:233,0
DA:234,0
DA:235,0
DA:236,0
DA:237,0
DA:238,0
DA:239,0
DA:240,0
DA:241,0
DA:242,0
DA:243,0
DA:244,0
DA:245,0
DA:246,0
DA:249,0
DA:250,0
LF:107
LH:0
BRF:0
BRH:0
end_of_record
TN:
SF:src\components\DataTable\components\Actions\DataTableBulkActions.tsx
FN:25,(anonymous_10)
FN:57,(anonymous_11)
FN:63,(anonymous_12)
FN:76,(anonymous_13)
FNF:4
FNH:0
FNDA:0,(anonymous_10)
FNDA:0,(anonymous_11)
FNDA:0,(anonymous_12)
FNDA:0,(anonymous_13)
DA:1,0
DA:3,0
DA:22,0
DA:35,0
DA:37,0
DA:38,0
DA:41,0
DA:45,0
DA:51,0
DA:57,0
DA:59,0
DA:60,0
DA:63,0
DA:65,0
DA:66,0
DA:73,0
DA:76,0
DA:90,0
DA:109,0
DA:111,0
LF:20
LH:0
BRDA:29,0,0,0
BRDA:30,1,0,0
BRDA:31,2,0,0
BRDA:33,3,0,0
BRDA:37,4,0,0
BRDA:37,5,0,0
BRDA:37,5,1,0
BRDA:37,5,2,0
BRDA:59,6,0,0
BRDA:80,7,0,0
BRDA:80,7,1,0
BRDA:81,8,0,0
BRDA:81,8,1,0
BRDA:84,9,0,0
BRDA:84,9,1,0
BRDA:101,10,0,0
BRDA:101,10,1,0
BRF:17
BRH:0
end_of_record
TN:
SF:src\components\DataTable\components\Actions\DataTableRowActions.tsx
FN:26,(anonymous_10)
FN:58,(anonymous_11)
FN:64,(anonymous_12)
FN:77,(anonymous_13)
FNF:4
FNH:0
FNDA:0,(anonymous_10)
FNDA:0,(anonymous_11)
FNDA:0,(anonymous_12)
FNDA:0,(anonymous_13)
DA:1,0
DA:3,0
DA:23,0
DA:36,0
DA:38,0
DA:39,0
DA:42,0
DA:46,0
DA:52,0
DA:58,0
DA:60,0
DA:61,0
DA:64,0
DA:66,0
DA:67,0
DA:74,0
DA:77,0
DA:92,0
DA:94,0
DA:115,0
DA:130,0
DA:132,0
LF:22
LH:0
BRDA:30,0,0,0
BRDA:31,1,0,0
BRDA:32,2,0,0
BRDA:34,3,0,0
BRDA:38,4,0,0
BRDA:38,5,0,0
BRDA:38,5,1,0
BRDA:60,6,0,0
BRDA:81,7,0,0
BRDA:81,7,1,0
BRDA:82,8,0,0
BRDA:82,8,1,0
BRDA:86,9,0,0
BRDA:86,9,1,0
BRDA:92,10,0,0
BRDA:92,11,0,0
BRDA:92,11,1,0
BRF:17
BRH:0
end_of_record
TN:
SF:src\components\DataTable\components\Actions\index.ts
FN:1,(anonymous_1)
FN:2,(anonymous_2)
FNF:2
FNH:0
FNDA:0,(anonymous_1)
FNDA:0,(anonymous_2)
DA:1,0
DA:2,0
LF:2
LH:0
BRF:0
BRH:0
end_of_record
TN:
SF:src\components\DataTable\components\Body\DataTableBody.tsx
FN:23,(anonymous_10)
FN:37,(anonymous_11)
FN:44,(anonymous_12)
FN:70,(anonymous_13)
FNF:4
FNH:0
FNDA:0,(anonymous_10)
FNDA:0,(anonymous_11)
FNDA:0,(anonymous_12)
FNDA:0,(anonymous_13)
DA:1,0
DA:3,0
DA:4,0
DA:5,0
DA:22,0
DA:31,0
DA:33,0
DA:34,0
DA:37,0
DA:40,0
DA:41,0
DA:44,0
DA:45,0
DA:54,0
DA:72,0
DA:82,0
DA:84,0
LF:17
LH:0
BRDA:25,0,0,0
BRDA:26,1,0,0
BRDA:27,2,0,0
BRDA:40,3,0,0
BRDA:40,4,0,0
BRDA:40,4,1,0
BRDA:49,5,0,0
BRDA:49,5,1,0
BRDA:73,6,0,0
BRDA:73,6,1,0
BRDA:73,6,2,0
BRDA:73,6,3,0
BRDA:73,6,4,0
BRF:13
BRH:0
end_of_record
TN:
SF:src\components\DataTable\components\Body\index.ts
FN:1,(anonymous_1)
FNF:1
FNH:0
FNDA:0,(anonymous_1)
DA:1,0
LF:1
LH:0
BRF:0
BRH:0
end_of_record
TN:
SF:src\components\DataTable\components\Cell\DataTableCell.tsx
FN:22,(anonymous_9)
FN:46,(anonymous_10)
FN:85,(anonymous_11)
FNF:3
FNH:0
FNDA:0,(anonymous_9)
FNDA:0,(anonymous_10)
FNDA:0,(anonymous_11)
DA:1,0
DA:3,0
DA:4,0
DA:21,0
DA:33,0
DA:35,0
DA:36,0
DA:39,0
DA:41,0
DA:42,0
DA:46,0
DA:48,0
DA:49,0
DA:52,0
DA:53,0
DA:56,0
DA:57,0
DA:61,0
DA:65,0
DA:69,0
DA:85,0
DA:86,0
DA:88,0
DA:89,0
DA:90,0
DA:91,0
DA:92,0
DA:94,0
DA:98,0
DA:99,0
DA:104,0
DA:105,0
DA:110,0
DA:111,0
DA:112,0
DA:115,0
DA:118,0
DA:144,0
DA:146,0
LF:39
LH:0
BRDA:39,0,0,0
BRDA:39,0,1,0
BRDA:41,1,0,0
BRDA:41,2,0,0
BRDA:41,2,1,0
BRDA:48,3,0,0
BRDA:52,4,0,0
BRDA:56,5,0,0
BRDA:61,6,0,0
BRDA:61,6,1,0
BRDA:65,7,0,0
BRDA:65,7,1,0
BRDA:77,8,0,0
BRDA:77,8,1,0
BRDA:78,9,0,0
BRDA:78,9,1,0
BRDA:79,10,0,0
BRDA:79,10,1,0
BRDA:81,11,0,0
BRDA:81,11,1,0
BRDA:88,12,0,0
BRDA:89,13,0,0
BRDA:89,13,1,0
BRDA:91,14,0,0
BRDA:91,14,1,0
BRDA:98,15,0,0
BRDA:99,16,0,0
BRDA:99,16,1,0
BRDA:104,17,0,0
BRDA:105,18,0,0
BRDA:105,18,1,0
BRDA:110,19,0,0
BRF:32
BRH:0
end_of_record
TN:
SF:src\components\DataTable\components\Cell\index.ts
FN:1,(anonymous_1)
FNF:1
FNH:0
FNDA:0,(anonymous_1)
DA:1,0
LF:1
LH:0
BRF:0
BRH:0
end_of_record
TN:
SF:src\components\DataTable\components\Container\DataTableContainer.tsx
FN:21,(anonymous_10)
FNF:1
FNH:0
FNDA:0,(anonymous_10)
DA:1,0
DA:3,0
DA:18,0
DA:31,0
DA:33,0
DA:34,0
DA:37,0
DA:42,0
DA:48,0
DA:50,0
DA:56,0
DA:68,0
DA:70,0
LF:13
LH:0
BRDA:25,0,0,0
BRDA:26,1,0,0
BRDA:27,2,0,0
BRDA:29,3,0,0
BRDA:33,4,0,0
BRDA:48,5,0,0
BRDA:48,5,1,0
BRDA:50,6,0,0
BRDA:50,6,1,0
BRDA:52,7,0,0
BRDA:52,7,1,0
BRF:11
BRH:0
end_of_record
TN:
SF:src\components\DataTable\components\Container\index.ts
FN:1,(anonymous_1)
FNF:1
FNH:0
FNDA:0,(anonymous_1)
DA:1,0
LF:1
LH:0
BRF:0
BRH:0
end_of_record
TN:
SF:src\components\DataTable\components\Empty\DataTableEmpty.tsx
FN:21,(anonymous_1)
FNF:1
FNH:0
FNDA:0,(anonymous_1)
DA:1,0
DA:3,0
DA:20,0
DA:31,0
DA:33,0
DA:34,0
DA:37,0
DA:43,0
DA:59,0
DA:70,0
DA:72,0
LF:11
LH:0
BRDA:23,0,0,0
BRDA:24,1,0,0
BRDA:27,2,0,0
BRDA:29,3,0,0
BRDA:33,4,0,0
BRDA:61,5,0,0
BRDA:61,5,1,0
BRDA:64,6,0,0
BRDA:64,6,1,0
BRF:9
BRH:0
end_of_record
TN:
SF:src\components\DataTable\components\Empty\index.ts
FN:1,(anonymous_1)
FNF:1
FNH:0
FNDA:0,(anonymous_1)
DA:1,0
LF:1
LH:0
BRF:0
BRH:0
end_of_record
TN:
SF:src\components\DataTable\components\Header\DataTableActions.tsx
FN:22,(anonymous_10)
FNF:1
FNH:0
FNDA:0,(anonymous_10)
DA:1,0
DA:3,0
DA:19,0
DA:33,0
DA:35,0
DA:36,0
DA:39,0
DA:43,0
DA:48,0
DA:54,0
DA:60,0
DA:61,0
DA:63,0
DA:81,0
DA:83,0
LF:15
LH:0
BRDA:26,0,0,0
BRDA:27,1,0,0
BRDA:28,2,0,0
BRDA:29,3,0,0
BRDA:30,4,0,0
BRDA:31,5,0,0
BRDA:35,6,0,0
BRDA:60,7,0,0
BRDA:60,7,1,0
BRDA:61,8,0,0
BRDA:61,8,1,0
BRF:11
BRH:0
end_of_record
TN:
SF:src\components\DataTable\components\Header\DataTableHeader.tsx
FN:23,(anonymous_10)
FN:46,(anonymous_11)
FN:54,(anonymous_12)
FN:61,(anonymous_13)
FN:88,(anonymous_14)
FN:98,(anonymous_15)
FN:116,(anonymous_16)
FN:169,(anonymous_17)
FNF:8
FNH:0
FNDA:0,(anonymous_10)
FNDA:0,(anonymous_11)
FNDA:0,(anonymous_12)
FNDA:0,(anonymous_13)
FNDA:0,(anonymous_14)
FNDA:0,(anonymous_15)
FNDA:0,(anonymous_16)
FNDA:0,(anonymous_17)
DA:1,0
DA:3,0
DA:4,0
DA:5,0
DA:22,0
DA:31,0
DA:33,0
DA:43,0
DA:46,0
DA:47,0
DA:49,0
DA:50,0
DA:54,0
DA:55,0
DA:57,0
DA:61,0
DA:62,0
DA:63,0
DA:66,0
DA:67,0
DA:70,0
DA:89,0
DA:90,0
DA:91,0
DA:99,0
DA:100,0
DA:117,0
DA:144,0
DA:154,0
DA:156,0
DA:159,0
DA:171,0
DA:180,0
DA:182,0
LF:34
LH:0
BRDA:25,0,0,0
BRDA:26,1,0,0
BRDA:29,2,0,0
BRDA:47,3,0,0
BRDA:47,4,0,0
BRDA:47,4,1,0
BRDA:55,5,0,0
BRDA:55,6,0,0
BRDA:55,6,1,0
BRDA:62,7,0,0
BRDA:66,8,0,0
BRDA:66,9,0,0
BRDA:66,9,1,0
BRDA:73,10,0,0
BRDA:73,10,1,0
BRDA:89,11,0,0
BRDA:89,12,0,0
BRDA:89,12,1,0
BRDA:99,13,0,0
BRDA:122,14,0,0
BRDA:122,14,1,0
BRDA:154,15,0,0
BRDA:172,16,0,0
BRDA:172,16,1,0
BRDA:172,16,2,0
BRDA:172,16,3,0
BRF:26
BRH:0
end_of_record
TN:
SF:src\components\DataTable\components\Header\DataTableHeaderCell.tsx
FN:22,(anonymous_9)
FN:44,(anonymous_10)
FN:55,(anonymous_11)
FN:62,(anonymous_12)
FN:93,(anonymous_13)
FN:127,(anonymous_14)
FN:143,(anonymous_15)
FN:181,(anonymous_16)
FNF:8
FNH:0
FNDA:0,(anonymous_9)
FNDA:0,(anonymous_10)
FNDA:0,(anonymous_11)
FNDA:0,(anonymous_12)
FNDA:0,(anonymous_13)
FNDA:0,(anonymous_14)
FNDA:0,(anonymous_15)
FNDA:0,(anonymous_16)
DA:1,0
DA:3,0
DA:4,0
DA:21,0
DA:35,0
DA:37,0
DA:38,0
DA:41,0
DA:44,0
DA:45,0
DA:47,0
DA:48,0
DA:51,0
DA:55,0
DA:56,0
DA:58,0
DA:62,0
DA:63,0
DA:65,0
DA:66,0
DA:69,0
DA:70,0
DA:72,0
DA:76,0
DA:93,0
DA:94,0
DA:96,0
DA:97,0
DA:98,0
DA:99,0
DA:100,0
DA:102,0
DA:106,0
DA:107,0
DA:112,0
DA:113,0
DA:118,0
DA:119,0
DA:120,0
DA:123,0
DA:127,0
DA:128,0
DA:129,0
DA:132,0
DA:133,0
DA:134,0
DA:136,0
DA:139,0
DA:143,0
DA:144,0
DA:146,0
DA:158,0
DA:182,0
DA:183,0
DA:184,0
DA:225,0
DA:227,0
LF:57
LH:0
BRDA:26,0,0,0
BRDA:28,1,0,0
BRDA:29,2,0,0
BRDA:41,3,0,0
BRDA:41,3,1,0
BRDA:41,3,2,0
BRDA:45,4,0,0
BRDA:45,5,0,0
BRDA:45,5,1,0
BRDA:47,6,0,0
BRDA:56,7,0,0
BRDA:56,8,0,0
BRDA:56,8,1,0
BRDA:56,8,2,0
BRDA:63,9,0,0
BRDA:63,10,0,0
BRDA:63,10,1,0
BRDA:63,10,2,0
BRDA:85,11,0,0
BRDA:85,11,1,0
BRDA:86,12,0,0
BRDA:86,12,1,0
BRDA:87,13,0,0
BRDA:87,13,1,0
BRDA:89,14,0,0
BRDA:89,14,1,0
BRDA:96,15,0,0
BRDA:97,16,0,0
BRDA:97,16,1,0
BRDA:99,17,0,0
BRDA:99,17,1,0
BRDA:106,18,0,0
BRDA:107,19,0,0
BRDA:107,19,1,0
BRDA:112,20,0,0
BRDA:113,21,0,0
BRDA:113,21,1,0
BRDA:118,22,0,0
BRDA:128,23,0,0
BRDA:132,24,0,0
BRDA:133,25,0,0
BRDA:139,26,0,0
BRDA:139,26,1,0
BRDA:144,27,0,0
BRDA:151,28,0,0
BRDA:151,28,1,0
BRDA:152,29,0,0
BRDA:152,29,1,0
BRDA:153,30,0,0
BRDA:153,30,1,0
BRDA:164,31,0,0
BRDA:164,31,1,0
BRDA:165,32,0,0
BRDA:165,32,1,0
BRDA:167,33,0,0
BRDA:167,33,1,0
BRDA:173,34,0,0
BRDA:173,34,1,0
BRDA:174,35,0,0
BRDA:174,35,1,0
BRDA:177,36,0,0
BRDA:177,36,1,0
BRDA:178,37,0,0
BRDA:178,37,1,0
BRDA:180,38,0,0
BRDA:180,38,1,0
BRDA:182,39,0,0
BRDA:182,40,0,0
BRDA:182,40,1,0
BRDA:199,41,0,0
BRDA:199,41,1,0
BRDA:204,42,0,0
BRDA:204,42,1,0
BRF:73
BRH:0
end_of_record
TN:
SF:src\components\DataTable\components\Header\DataTableHeaderRow.tsx
FN:22,(anonymous_10)
FN:44,(anonymous_11)
FN:52,(anonymous_12)
FN:59,(anonymous_13)
FN:85,(anonymous_14)
FN:95,(anonymous_15)
FN:108,(anonymous_16)
FNF:7
FNH:0
FNDA:0,(anonymous_10)
FNDA:0,(anonymous_11)
FNDA:0,(anonymous_12)
FNDA:0,(anonymous_13)
FNDA:0,(anonymous_14)
FNDA:0,(anonymous_15)
FNDA:0,(anonymous_16)
DA:1,0
DA:3,0
DA:4,0
DA:5,0
DA:21,0
DA:29,0
DA:31,0
DA:41,0
DA:44,0
DA:45,0
DA:47,0
DA:48,0
DA:52,0
DA:53,0
DA:55,0
DA:59,0
DA:60,0
DA:61,0
DA:64,0
DA:65,0
DA:68,0
DA:86,0
DA:87,0
DA:88,0
DA:96,0
DA:97,0
DA:109,0
DA:135,0
DA:145,0
DA:147,0
LF:30
LH:0
BRDA:24,0,0,0
BRDA:25,1,0,0
BRDA:45,2,0,0
BRDA:45,3,0,0
BRDA:45,3,1,0
BRDA:53,4,0,0
BRDA:53,5,0,0
BRDA:53,5,1,0
BRDA:60,6,0,0
BRDA:64,7,0,0
BRDA:64,8,0,0
BRDA:64,8,1,0
BRDA:71,9,0,0
BRDA:71,9,1,0
BRDA:86,10,0,0
BRDA:86,11,0,0
BRDA:86,11,1,0
BRDA:96,12,0,0
BRDA:114,13,0,0
BRDA:114,13,1,0
BRF:20
BRH:0
end_of_record
TN:
SF:src\components\DataTable\components\Header\DataTableSubtitle.tsx
FN:21,(anonymous_10)
FNF:1
FNH:0
FNDA:0,(anonymous_10)
DA:1,0
DA:3,0
DA:18,0
DA:29,0
DA:31,0
DA:32,0
DA:35,0
DA:40,0
DA:46,0
DA:52,0
DA:67,0
DA:69,0
LF:12
LH:0
BRDA:25,0,0,0
BRDA:26,1,0,0
BRDA:27,2,0,0
BRDA:31,3,0,0
BRF:4
BRH:0
end_of_record
TN:
SF:src\components\DataTable\components\Header\DataTableTitle.tsx
FN:19,(anonymous_10)
FNF:1
FNH:0
FNDA:0,(anonymous_10)
DA:1,0
DA:3,0
DA:18,0
DA:28,0
DA:30,0
DA:31,0
DA:34,0
DA:39,0
DA:45,0
DA:52,0
DA:68,0
DA:70,0
LF:12
LH:0
BRDA:23,0,0,0
BRDA:24,1,0,0
BRDA:25,2,0,0
BRDA:26,3,0,0
BRDA:30,4,0,0
BRF:5
BRH:0
end_of_record
TN:
SF:src\components\DataTable\components\Header\index.ts
FN:1,(anonymous_1)
FN:2,(anonymous_2)
FN:3,(anonymous_3)
FNF:3
FNH:0
FNDA:0,(anonymous_1)
FNDA:0,(anonymous_2)
FNDA:0,(anonymous_3)
DA:1,0
DA:2,0
DA:3,0
LF:3
LH:0
BRF:0
BRH:0
end_of_record
TN:
SF:src\components\DataTable\components\Loading\DataTableLoading.tsx
FN:23,(anonymous_10)
FN:48,(anonymous_11)
FN:79,(anonymous_12)
FN:93,(anonymous_13)
FNF:4
FNH:0
FNDA:0,(anonymous_10)
FNDA:0,(anonymous_11)
FNDA:0,(anonymous_12)
FNDA:0,(anonymous_13)
DA:1,0
DA:3,0
DA:20,0
DA:31,0
DA:33,0
DA:34,0
DA:37,0
DA:42,0
DA:48,0
DA:49,0
DA:51,0
DA:77,0
DA:80,0
DA:91,0
DA:94,0
DA:105,0
DA:109,0
DA:124,0
DA:126,0
LF:19
LH:0
BRDA:25,0,0,0
BRDA:26,1,0,0
BRDA:27,2,0,0
BRDA:29,3,0,0
BRDA:33,4,0,0
BRDA:49,5,0,0
BRDA:49,5,1,0
BRDA:49,5,2,0
BRDA:49,5,3,0
BRF:9
BRH:0
end_of_record
TN:
SF:src\components\DataTable\components\Loading\DataTableSkeleton.tsx
FN:19,(anonymous_10)
FN:50,(anonymous_11)
FN:61,(anonymous_12)
FN:63,(anonymous_13)
FNF:4
FNH:0
FNDA:0,(anonymous_10)
FNDA:0,(anonymous_11)
FNDA:0,(anonymous_12)
FNDA:0,(anonymous_13)
DA:1,0
DA:3,0
DA:16,0
DA:28,0
DA:30,0
DA:31,0
DA:34,0
DA:39,0
DA:45,0
DA:51,0
DA:62,0
DA:64,0
DA:85,0
DA:87,0
LF:14
LH:0
BRDA:21,0,0,0
BRDA:22,1,0,0
BRDA:23,2,0,0
BRDA:24,3,0,0
BRDA:26,4,0,0
BRDA:30,5,0,0
BRF:6
BRH:0
end_of_record
TN:
SF:src\components\DataTable\components\Loading\index.ts
FN:1,(anonymous_1)
FN:2,(anonymous_2)
FNF:2
FNH:0
FNDA:0,(anonymous_1)
FNDA:0,(anonymous_2)
DA:1,0
DA:2,0
LF:2
LH:0
BRF:0
BRH:0
end_of_record
TN:
SF:src\components\DataTable\components\Pagination\DataTablePageSize.tsx
FN:23,(anonymous_1)
FN:42,(anonymous_2)
FN:50,(anonymous_3)
FNF:3
FNH:0
FNDA:0,(anonymous_1)
FNDA:0,(anonymous_2)
FNDA:0,(anonymous_3)
DA:1,0
DA:3,0
DA:20,0
DA:32,0
DA:34,0
DA:35,0
DA:38,0
DA:42,0
DA:51,0
DA:59,0
DA:61,0
LF:11
LH:0
BRDA:28,0,0,0
BRDA:30,1,0,0
BRDA:34,2,0,0
BRF:3
BRH:0
end_of_record
TN:
SF:src\components\DataTable\components\Pagination\DataTablePagination.tsx
FN:28,(anonymous_10)
FN:68,(anonymous_11)
FN:74,(anonymous_12)
FN:128,(anonymous_13)
FN:141,(anonymous_14)
FN:153,(anonymous_15)
FN:166,(anonymous_16)
FN:177,(anonymous_17)
FN:197,(anonymous_18)
FN:209,(anonymous_19)
FNF:10
FNH:0
FNDA:0,(anonymous_10)
FNDA:0,(anonymous_11)
FNDA:0,(anonymous_12)
FNDA:0,(anonymous_13)
FNDA:0,(anonymous_14)
FNDA:0,(anonymous_15)
FNDA:0,(anonymous_16)
FNDA:0,(anonymous_17)
FNDA:0,(anonymous_18)
FNDA:0,(anonymous_19)
DA:1,0
DA:3,0
DA:4,0
DA:8,0
DA:25,0
DA:41,0
DA:44,0
DA:45,0
DA:46,0
DA:47,0
DA:49,0
DA:50,0
DA:53,0
DA:58,0
DA:65,0
DA:66,0
DA:68,0
DA:69,0
DA:70,0
DA:74,0
DA:77,0
DA:78,0
DA:82,0
DA:129,0
DA:141,0
DA:153,0
DA:167,0
DA:177,0
DA:197,0
DA:209,0
DA:225,0
DA:227,0
LF:32
LH:0
BRDA:33,0,0,0
BRDA:34,1,0,0
BRDA:35,2,0,0
BRDA:36,3,0,0
BRDA:37,4,0,0
BRDA:39,5,0,0
BRDA:45,6,0,0
BRDA:45,6,1,0
BRDA:46,7,0,0
BRDA:46,7,1,0
BRDA:47,8,0,0
BRDA:47,8,1,0
BRDA:49,9,0,0
BRDA:49,10,0,0
BRDA:49,10,1,0
BRDA:66,11,0,0
BRDA:66,11,1,0
BRDA:69,12,0,0
BRDA:69,13,0,0
BRDA:69,13,1,0
BRDA:77,14,0,0
BRDA:98,15,0,0
BRDA:98,15,1,0
BRDA:113,16,0,0
BRDA:113,16,1,0
BRDA:164,17,0,0
BRDA:164,17,1,0
BRDA:168,18,0,0
BRDA:168,18,1,0
BRDA:180,19,0,0
BRDA:180,19,1,0
BRDA:185,20,0,0
BRDA:185,20,1,0
BRDA:209,21,0,0
BRDA:209,21,1,0
BRF:35
BRH:0
end_of_record
TN:
SF:src\components\DataTable\components\Pagination\index.ts
FN:1,(anonymous_1)
FN:2,(anonymous_2)
FNF:2
FNH:0
FNDA:0,(anonymous_1)
FNDA:0,(anonymous_2)
DA:1,0
DA:2,0
LF:2
LH:0
BRF:0
BRH:0
end_of_record
TN:
SF:src\components\DataTable\components\Row\DataTableRow.tsx
FN:23,(anonymous_10)
FN:57,(anonymous_11)
FN:66,(anonymous_12)
FN:74,(anonymous_13)
FN:85,(anonymous_14)
FN:96,(anonymous_15)
FN:107,(anonymous_16)
FN:128,(anonymous_17)
FN:137,(anonymous_18)
FNF:9
FNH:0
FNDA:0,(anonymous_10)
FNDA:0,(anonymous_11)
FNDA:0,(anonymous_12)
FNDA:0,(anonymous_13)
FNDA:0,(anonymous_14)
FNDA:0,(anonymous_15)
FNDA:0,(anonymous_16)
FNDA:0,(anonymous_17)
FNDA:0,(anonymous_18)
DA:1,0
DA:3,0
DA:4,0
DA:5,0
DA:22,0
DA:37,0
DA:39,0
DA:50,0
DA:53,0
DA:54,0
DA:57,0
DA:58,0
DA:59,0
DA:60,0
DA:62,0
DA:66,0
DA:67,0
DA:68,0
DA:70,0
DA:74,0
DA:75,0
DA:76,0
DA:79,0
DA:80,0
DA:85,0
DA:86,0
DA:87,0
DA:90,0
DA:91,0
DA:96,0
DA:97,0
DA:98,0
DA:101,0
DA:102,0
DA:107,0
DA:108,0
DA:109,0
DA:111,0
DA:115,0
DA:128,0
DA:129,0
DA:130,0
DA:133,0
DA:134,0
DA:137,0
DA:138,0
DA:147,0
DA:182,0
DA:184,0
LF:49
LH:0
BRDA:27,0,0,0
BRDA:28,1,0,0
BRDA:29,2,0,0
BRDA:53,3,0,0
BRDA:53,3,1,0
BRDA:54,4,0,0
BRDA:54,4,1,0
BRDA:58,5,0,0
BRDA:59,6,0,0
BRDA:59,7,0,0
BRDA:59,7,1,0
BRDA:67,8,0,0
BRDA:67,9,0,0
BRDA:67,9,1,0
BRDA:75,10,0,0
BRDA:79,11,0,0
BRDA:79,12,0,0
BRDA:79,12,1,0
BRDA:79,12,2,0
BRDA:86,13,0,0
BRDA:90,14,0,0
BRDA:90,15,0,0
BRDA:90,15,1,0
BRDA:90,15,2,0
BRDA:97,16,0,0
BRDA:101,17,0,0
BRDA:101,18,0,0
BRDA:101,18,1,0
BRDA:101,18,2,0
BRDA:108,19,0,0
BRDA:108,20,0,0
BRDA:108,20,1,0
BRDA:108,20,2,0
BRDA:121,21,0,0
BRDA:121,21,1,0
BRDA:129,22,0,0
BRDA:133,23,0,0
BRDA:133,24,0,0
BRDA:133,24,1,0
BRDA:133,24,2,0
BRDA:151,25,0,0
BRDA:151,25,1,0
BRDA:152,26,0,0
BRDA:152,26,1,0
BRDA:159,27,0,0
BRDA:159,27,1,0
BRDA:159,28,0,0
BRDA:159,28,1,0
BRF:48
BRH:0
end_of_record
TN:
SF:src\components\DataTable\components\Row\index.ts
FN:1,(anonymous_1)
FNF:1
FNH:0
FNDA:0,(anonymous_1)
DA:1,0
LF:1
LH:0
BRF:0
BRH:0
end_of_record
TN:
SF:src\components\DataTable\components\Table\DataTableBody.tsx
FN:25,(anonymous_10)
FNF:1
FNH:0
FNDA:0,(anonymous_10)
DA:1,0
DA:3,0
DA:22,0
DA:34,0
DA:36,0
DA:37,0
DA:40,0
DA:44,0
DA:46,0
DA:53,0
DA:65,0
DA:67,0
LF:12
LH:0
BRDA:29,0,0,0
BRDA:30,1,0,0
BRDA:31,2,0,0
BRDA:32,3,0,0
BRDA:36,4,0,0
BRDA:44,5,0,0
BRDA:44,5,1,0
BRDA:46,6,0,0
BRDA:46,6,1,0
BRF:9
BRH:0
end_of_record
TN:
SF:src\components\DataTable\components\Table\DataTableCell.tsx
FN:27,(anonymous_10)
FNF:1
FNH:0
FNDA:0,(anonymous_10)
DA:1,0
DA:3,0
DA:24,0
DA:39,0
DA:41,0
DA:42,0
DA:45,0
DA:49,0
DA:53,0
DA:60,0
DA:64,0
DA:76,0
DA:78,0
LF:13
LH:0
BRDA:34,0,0,0
BRDA:35,1,0,0
BRDA:37,2,0,0
BRDA:41,3,0,0
BRDA:60,4,0,0
BRDA:60,4,1,0
BRDA:60,5,0,0
BRDA:60,5,1,0
BRDA:60,5,2,0
BRDA:60,5,3,0
BRDA:68,6,0,0
BRDA:68,6,1,0
BRF:12
BRH:0
end_of_record
TN:
SF:src\components\DataTable\components\Table\DataTableHead.tsx
FN:24,(anonymous_10)
FNF:1
FNH:0
FNDA:0,(anonymous_10)
DA:1,0
DA:3,0
DA:21,0
DA:32,0
DA:34,0
DA:35,0
DA:38,0
DA:43,0
DA:45,0
DA:52,0
DA:54,0
LF:11
LH:0
BRDA:28,0,0,0
BRDA:29,1,0,0
BRDA:30,2,0,0
BRDA:34,3,0,0
BRDA:43,4,0,0
BRDA:43,4,1,0
BRF:6
BRH:0
end_of_record
TN:
SF:src\components\DataTable\components\Table\DataTableHeaderCell.tsx
FN:26,(anonymous_10)
FN:63,(anonymous_11)
FN:69,(anonymous_12)
FNF:3
FNH:0
FNDA:0,(anonymous_10)
FNDA:0,(anonymous_11)
FNDA:0,(anonymous_12)
DA:1,0
DA:3,0
DA:23,0
DA:40,0
DA:42,0
DA:43,0
DA:46,0
DA:50,0
DA:57,0
DA:63,0
DA:64,0
DA:65,0
DA:69,0
DA:70,0
DA:71,0
DA:72,0
DA:76,0
DA:107,0
DA:109,0
LF:19
LH:0
BRDA:31,0,0,0
BRDA:32,1,0,0
BRDA:33,2,0,0
BRDA:34,3,0,0
BRDA:35,4,0,0
BRDA:38,5,0,0
BRDA:42,6,0,0
BRDA:64,7,0,0
BRDA:64,8,0,0
BRDA:64,8,1,0
BRDA:65,9,0,0
BRDA:65,9,1,0
BRDA:70,10,0,0
BRDA:70,11,0,0
BRDA:70,11,1,0
BRDA:70,11,2,0
BRDA:70,11,3,0
BRDA:72,12,0,0
BRDA:72,12,1,0
BRDA:84,13,0,0
BRDA:84,13,1,0
BRDA:86,14,0,0
BRDA:86,14,1,0
BRDA:90,15,0,0
BRDA:90,15,1,0
BRDA:94,16,0,0
BRDA:94,16,1,0
BRDA:96,17,0,0
BRDA:96,17,1,0
BRDA:98,18,0,0
BRDA:98,18,1,0
BRF:31
BRH:0
end_of_record
TN:
SF:src\components\DataTable\components\Table\DataTableRow.tsx
FN:27,(anonymous_10)
FN:64,(anonymous_11)
FNF:2
FNH:0
FNDA:0,(anonymous_10)
FNDA:0,(anonymous_11)
DA:1,0
DA:3,0
DA:24,0
DA:42,0
DA:44,0
DA:45,0
DA:48,0
DA:52,0
DA:60,0
DA:64,0
DA:65,0
DA:66,0
DA:70,0
DA:71,0
DA:72,0
DA:76,0
DA:95,0
DA:97,0
LF:18
LH:0
BRDA:33,0,0,0
BRDA:34,1,0,0
BRDA:35,2,0,0
BRDA:40,3,0,0
BRDA:44,4,0,0
BRDA:60,5,0,0
BRDA:60,5,1,0
BRDA:60,6,0,0
BRDA:60,6,1,0
BRDA:60,6,2,0
BRDA:65,7,0,0
BRDA:70,8,0,0
BRDA:70,9,0,0
BRDA:70,9,1,0
BRDA:70,9,2,0
BRDA:85,10,0,0
BRDA:85,10,1,0
BRDA:86,11,0,0
BRDA:86,11,1,0
BRF:19
BRH:0
end_of_record
TN:
SF:src\components\DataTable\components\Table\DataTableTable.tsx
FN:29,(anonymous_10)
FNF:1
FNH:0
FNDA:0,(anonymous_10)
DA:1,0
DA:3,0
DA:4,0
DA:28,0
DA:43,0
DA:46,0
DA:55,0
DA:60,0
DA:61,0
DA:63,0
DA:64,0
DA:66,0
DA:68,0
DA:69,0
DA:72,0
DA:77,0
DA:83,0
DA:90,0
DA:96,0
DA:118,0
DA:120,0
LF:21
LH:0
BRDA:33,0,0,0
BRDA:34,1,0,0
BRDA:35,2,0,0
BRDA:36,3,0,0
BRDA:37,4,0,0
BRDA:38,5,0,0
BRDA:39,6,0,0
BRDA:40,7,0,0
BRDA:41,8,0,0
BRDA:60,9,0,0
BRDA:60,9,1,0
BRDA:61,10,0,0
BRDA:61,10,1,0
BRDA:63,11,0,0
BRDA:63,11,1,0
BRDA:64,12,0,0
BRDA:64,12,1,0
BRDA:66,13,0,0
BRDA:66,13,1,0
BRDA:68,14,0,0
BRDA:107,15,0,0
BRDA:107,15,1,0
BRDA:108,16,0,0
BRDA:108,16,1,0
BRF:24
BRH:0
end_of_record
TN:
SF:src\components\DataTable\components\Table\index.ts
FN:1,(anonymous_1)
FN:2,(anonymous_2)
FN:3,(anonymous_3)
FN:4,(anonymous_4)
FN:5,(anonymous_5)
FN:6,(anonymous_6)
FNF:6
FNH:0
FNDA:0,(anonymous_1)
FNDA:0,(anonymous_2)
FNDA:0,(anonymous_3)
FNDA:0,(anonymous_4)
FNDA:0,(anonymous_5)
FNDA:0,(anonymous_6)
DA:1,0
DA:2,0
DA:3,0
DA:4,0
DA:5,0
DA:6,0
LF:6
LH:0
BRF:0
BRH:0
end_of_record
TN:
SF:src\components\DataTable\components\Virtualized\DataTableVirtualizedBody.tsx
FN:30,(anonymous_10)
FN:44,(anonymous_11)
FN:45,(anonymous_12)
FN:56,(anonymous_13)
FN:87,(anonymous_14)
FN:120,(anonymous_15)
FNF:6
FNH:0
FNDA:0,(anonymous_10)
FNDA:0,(anonymous_11)
FNDA:0,(anonymous_12)
FNDA:0,(anonymous_13)
FNDA:0,(anonymous_14)
FNDA:0,(anonymous_15)
DA:1,0
DA:2,0
DA:4,0
DA:5,0
DA:6,0
DA:29,0
DA:38,0
DA:40,0
DA:41,0
DA:44,0
DA:45,0
DA:55,0
DA:57,0
DA:59,0
DA:60,0
DA:63,0
DA:65,0
DA:87,0
DA:95,0
DA:96,0
DA:103,0
DA:122,0
DA:132,0
DA:134,0
LF:24
LH:0
BRDA:34,0,0,0
BRDA:59,1,0,0
BRDA:76,2,0,0
BRDA:76,2,1,0
BRDA:95,3,0,0
BRDA:106,4,0,0
BRDA:106,4,1,0
BRDA:123,5,0,0
BRDA:123,5,1,0
BRDA:123,5,2,0
BRDA:123,5,3,0
BRDA:123,5,4,0
BRF:12
BRH:0
end_of_record
TN:
SF:src\components\DataTable\components\Virtualized\index.ts
FN:1,(anonymous_1)
FNF:1
FNH:0
FNDA:0,(anonymous_1)
DA:1,0
LF:1
LH:0
BRF:0
BRH:0
end_of_record
TN:
SF:src\components\DataTable\examples\DataTableRefactoredExample.tsx
FN:41,(anonymous_9)
FN:49,(anonymous_10)
FN:54,(anonymous_11)
FN:59,(anonymous_12)
FN:63,(anonymous_13)
FN:68,(anonymous_14)
FN:75,(anonymous_15)
FN:84,(anonymous_16)
FN:99,(anonymous_17)
FN:100,(anonymous_18)
FN:108,(anonymous_19)
FN:128,(anonymous_20)
FN:129,(anonymous_21)
FN:137,(anonymous_22)
FN:150,(anonymous_23)
FN:161,(anonymous_24)
FN:169,(anonymous_25)
FN:171,(anonymous_26)
FN:221,(anonymous_27)
FNF:19
FNH:0
FNDA:0,(anonymous_9)
FNDA:0,(anonymous_10)
FNDA:0,(anonymous_11)
FNDA:0,(anonymous_12)
FNDA:0,(anonymous_13)
FNDA:0,(anonymous_14)
FNDA:0,(anonymous_15)
FNDA:0,(anonymous_16)
FNDA:0,(anonymous_17)
FNDA:0,(anonymous_18)
FNDA:0,(anonymous_19)
FNDA:0,(anonymous_20)
FNDA:0,(anonymous_21)
FNDA:0,(anonymous_22)
FNDA:0,(anonymous_23)
FNDA:0,(anonymous_24)
FNDA:0,(anonymous_25)
FNDA:0,(anonymous_26)
FNDA:0,(anonymous_27)
DA:1,0
DA:2,0
DA:3,0
DA:33,0
DA:35,0
DA:41,0
DA:43,0
DA:44,0
DA:45,0
DA:46,0
DA:49,0
DA:50,0
DA:51,0
DA:54,0
DA:55,0
DA:56,0
DA:59,0
DA:60,0
DA:63,0
DA:64,0
DA:65,0
DA:68,0
DA:69,0
DA:70,0
DA:71,0
DA:75,0
DA:84,0
DA:85,0
DA:99,0
DA:101,0
DA:108,0
DA:109,0
DA:128,0
DA:130,0
DA:137,0
DA:138,0
DA:150,0
DA:161,0
DA:162,0
DA:164,0
DA:170,0
DA:171,0
DA:191,0
DA:221,0
DA:228,0
LF:45
LH:0
BRDA:101,0,0,0
BRDA:101,0,1,0
BRDA:130,1,0,0
BRDA:130,1,1,0
BRF:4
BRH:0
end_of_record
TN:
SF:src\components\DataTable\hooks\useDataTable.ts
FN:36,useDataTable
FN:59,(anonymous_1)
FN:60,(anonymous_2)
FN:61,(anonymous_3)
FN:62,(anonymous_4)
FN:63,(anonymous_5)
FN:64,(anonymous_6)
FN:67,(anonymous_7)
FN:93,(anonymous_8)
FN:102,(anonymous_9)
FN:121,(anonymous_10)
FN:134,(anonymous_11)
FN:153,(anonymous_12)
FN:167,(anonymous_13)
FN:168,(anonymous_14)
FN:173,(anonymous_15)
FN:173,(anonymous_16)
FN:174,(anonymous_17)
FN:174,(anonymous_18)
FN:183,(anonymous_19)
FN:189,(anonymous_20)
FN:198,(anonymous_21)
FN:203,(anonymous_22)
FN:213,(anonymous_23)
FN:225,(anonymous_24)
FN:240,(anonymous_25)
FN:259,(anonymous_26)
FN:268,(anonymous_27)
FN:273,(anonymous_28)
FN:282,(anonymous_29)
FN:296,(anonymous_30)
FN:307,(anonymous_31)
FNF:32
FNH:0
FNDA:0,useDataTable
FNDA:0,(anonymous_1)
FNDA:0,(anonymous_2)
FNDA:0,(anonymous_3)
FNDA:0,(anonymous_4)
FNDA:0,(anonymous_5)
FNDA:0,(anonymous_6)
FNDA:0,(anonymous_7)
FNDA:0,(anonymous_8)
FNDA:0,(anonymous_9)
FNDA:0,(anonymous_10)
FNDA:0,(anonymous_11)
FNDA:0,(anonymous_12)
FNDA:0,(anonymous_13)
FNDA:0,(anonymous_14)
FNDA:0,(anonymous_15)
FNDA:0,(anonymous_16)
FNDA:0,(anonymous_17)
FNDA:0,(anonymous_18)
FNDA:0,(anonymous_19)
FNDA:0,(anonymous_20)
FNDA:0,(anonymous_21)
FNDA:0,(anonymous_22)
FNDA:0,(anonymous_23)
FNDA:0,(anonymous_24)
FNDA:0,(anonymous_25)
FNDA:0,(anonymous_26)
FNDA:0,(anonymous_27)
FNDA:0,(anonymous_28)
FNDA:0,(anonymous_29)
FNDA:0,(anonymous_30)
FNDA:0,(anonymous_31)
DA:5,0
DA:13,0
DA:19,0
DA:25,0
DA:36,0
DA:49,0
DA:50,0
DA:52,0
DA:64,0
DA:67,0
DA:75,0
DA:76,0
DA:77,0
DA:78,0
DA:80,0
DA:89,0
DA:90,0
DA:93,0
DA:94,0
DA:95,0
DA:102,0
DA:103,0
DA:104,0
DA:106,0
DA:109,0
DA:110,0
DA:114,0
DA:115,0
DA:118,0
DA:121,0
DA:122,0
DA:123,0
DA:126,0
DA:133,0
DA:135,0
DA:137,0
DA:138,0
DA:141,0
DA:142,0
DA:152,0
DA:154,0
DA:156,0
DA:157,0
DA:159,0
DA:160,0
DA:162,0
DA:163,0
DA:166,0
DA:167,0
DA:168,0
DA:173,0
DA:174,0
DA:178,0
DA:179,0
DA:183,0
DA:185,0
DA:189,0
DA:191,0
DA:197,0
DA:199,0
DA:201,0
DA:202,0
DA:203,0
DA:205,0
DA:206,0
DA:210,0
DA:211,0
DA:213,0
DA:224,0
DA:226,0
DA:228,0
DA:229,0
DA:232,0
DA:233,0
DA:239,0
DA:241,0
DA:243,0
DA:244,0
DA:247,0
DA:248,0
DA:258,0
DA:260,0
DA:262,0
DA:263,0
DA:268,0
DA:269,0
DA:270,0
DA:273,0
DA:274,0
DA:275,0
DA:281,0
DA:283,0
DA:284,0
DA:286,0
DA:296,0
DA:297,0
DA:298,0
DA:302,0
DA:307,0
DA:308,0
DA:309,0
DA:316,0
DA:346,0
LF:103
LH:0
BRDA:39,0,0,0
BRDA:40,1,0,0
BRDA:41,2,0,0
BRDA:49,3,0,0
BRDA:49,4,0,0
BRDA:49,4,1,0
BRDA:81,5,0,0
BRDA:81,5,1,0
BRDA:83,6,0,0
BRDA:83,6,1,0
BRDA:103,7,0,0
BRDA:109,8,0,0
BRDA:114,9,0,0
BRDA:114,10,0,0
BRDA:114,10,1,0
BRDA:122,11,0,0
BRDA:122,12,0,0
BRDA:122,12,1,0
BRDA:135,13,0,0
BRDA:141,14,0,0
BRDA:154,15,0,0
BRDA:156,16,0,0
BRDA:156,16,1,0
BRDA:159,17,0,0
BRDA:159,17,1,0
BRDA:160,18,0,0
BRDA:160,18,1,0
BRDA:166,19,0,0
BRDA:178,20,0,0
BRDA:179,21,0,0
BRDA:179,21,1,0
BRDA:180,22,0,0
BRDA:180,22,1,0
BRDA:185,23,0,0
BRDA:185,23,1,0
BRDA:186,24,0,0
BRDA:186,24,1,0
BRDA:199,25,0,0
BRDA:201,26,0,0
BRDA:201,26,1,0
BRDA:210,27,0,0
BRDA:212,28,0,0
BRDA:212,28,1,0
BRDA:213,29,0,0
BRDA:213,29,1,0
BRDA:226,30,0,0
BRDA:232,31,0,0
BRDA:241,32,0,0
BRDA:247,33,0,0
BRDA:260,34,0,0
BRDA:262,35,0,0
BRDA:262,35,1,0
BRDA:269,36,0,0
BRDA:269,37,0,0
BRDA:269,37,1,0
BRDA:274,38,0,0
BRDA:274,39,0,0
BRDA:274,39,1,0
BRDA:276,40,0,0
BRDA:276,40,1,0
BRDA:283,41,0,0
BRDA:297,42,0,0
BRF:62
BRH:0
end_of_record
TN:
SF:src\components\DataTable\hooks\useVirtualScrolling.ts
FN:28,useVirtualScrolling
FN:38,(anonymous_1)
FN:52,(anonymous_2)
FN:61,(anonymous_3)
FN:70,(anonymous_4)
FN:77,(anonymous_5)
FN:86,(anonymous_6)
FN:92,(anonymous_7)
FN:96,(anonymous_8)
FNF:9
FNH:0
FNDA:0,useVirtualScrolling
FNDA:0,(anonymous_1)
FNDA:0,(anonymous_2)
FNDA:0,(anonymous_3)
FNDA:0,(anonymous_4)
FNDA:0,(anonymous_5)
FNDA:0,(anonymous_6)
FNDA:0,(anonymous_7)
FNDA:0,(anonymous_8)
DA:5,0
DA:28,0
DA:34,0
DA:35,0
DA:38,0
DA:39,0
DA:40,0
DA:45,0
DA:52,0
DA:53,0
DA:57,0
DA:58,0
DA:61,0
DA:62,0
DA:63,0
DA:65,0
DA:66,0
DA:70,0
DA:71,0
DA:72,0
DA:73,0
DA:77,0
DA:78,0
DA:79,0
DA:80,0
DA:81,0
DA:86,0
DA:87,0
DA:88,0
DA:92,0
DA:93,0
DA:94,0
DA:95,0
DA:96,0
DA:100,0
LF:35
LH:0
BRDA:31,0,0,0
BRDA:65,1,0,0
BRDA:72,2,0,0
BRDA:80,3,0,0
BRDA:94,4,0,0
BRF:5
BRH:0
end_of_record
TN:
SF:src\components\DataTable\utils\classNames.ts
FN:17,cn
FN:43,conditionalClasses
FN:47,(anonymous_2)
FN:48,(anonymous_3)
FN:55,createVariantClasses
FN:70,createResponsiveClasses
FN:76,(anonymous_6)
FN:87,createDataTableClasses
FN:120,createThemeClasses
FN:161,createFocusClasses
FN:197,createAnimationClasses
FN:215,createTransitionClasses
FN:226,(anonymous_12)
FN:235,createResponsiveUtilityClasses
FN:240,(anonymous_14)
FN:252,createStickyClasses
FN:276,createZIndexClasses
FN:293,createScrollbarClasses
FN:309,createTruncationClasses
FN:324,createSkeletonClasses
FNF:20
FNH:0
FNDA:0,cn
FNDA:0,conditionalClasses
FNDA:0,(anonymous_2)
FNDA:0,(anonymous_3)
FNDA:0,createVariantClasses
FNDA:0,createResponsiveClasses
FNDA:0,(anonymous_6)
FNDA:0,createDataTableClasses
FNDA:0,createThemeClasses
FNDA:0,createFocusClasses
FNDA:0,createAnimationClasses
FNDA:0,createTransitionClasses
FNDA:0,(anonymous_12)
FNDA:0,createResponsiveUtilityClasses
FNDA:0,(anonymous_14)
FNDA:0,createStickyClasses
FNDA:0,createZIndexClasses
FNDA:0,createScrollbarClasses
FNDA:0,createTruncationClasses
FNDA:0,createSkeletonClasses
DA:6,0
DA:18,0
DA:20,0
DA:21,0
DA:23,0
DA:24,0
DA:25,0
DA:26,0
DA:27,0
DA:28,0
DA:29,0
DA:30,0
DA:31,0
DA:32,0
DA:37,0
DA:46,0
DA:47,0
DA:48,0
DA:60,0
DA:61,0
DA:64,0
DA:74,0
DA:77,0
DA:96,0
DA:98,0
DA:99,0
DA:102,0
DA:103,0
DA:106,0
DA:107,0
DA:110,0
DA:111,0
DA:114,0
DA:124,0
DA:155,0
DA:165,0
DA:191,0
DA:201,0
DA:209,0
DA:219,0
DA:225,0
DA:226,0
DA:229,0
DA:239,0
DA:241,0
DA:242,0
DA:244,0
DA:256,0
DA:263,0
DA:265,0
DA:266,0
DA:267,0
DA:270,0
DA:279,0
DA:287,0
DA:296,0
DA:303,0
DA:310,0
DA:311,0
DA:314,0
DA:315,0
DA:318,0
DA:327,0
DA:334,0
DA:342,0
DA:343,0
DA:344,0
DA:345,0
DA:346,0
DA:347,0
DA:348,0
DA:349,0
DA:350,0
DA:351,0
DA:352,0
DA:353,0
DA:354,0
DA:355,0
DA:356,0
DA:359,0
LF:80
LH:0
BRDA:21,0,0,0
BRDA:23,1,0,0
BRDA:23,1,1,0
BRDA:25,2,0,0
BRDA:25,2,1,0
BRDA:27,3,0,0
BRDA:27,3,1,0
BRDA:29,4,0,0
BRDA:30,5,0,0
BRDA:30,6,0,0
BRDA:30,6,1,0
BRDA:32,7,0,0
BRDA:60,8,0,0
BRDA:60,9,0,0
BRDA:60,9,1,0
BRDA:72,10,0,0
BRDA:89,11,0,0
BRDA:98,12,0,0
BRDA:102,13,0,0
BRDA:106,14,0,0
BRDA:110,15,0,0
BRDA:122,16,0,0
BRDA:155,17,0,0
BRDA:155,17,1,0
BRDA:163,18,0,0
BRDA:191,19,0,0
BRDA:191,19,1,0
BRDA:203,20,0,0
BRDA:203,20,1,0
BRDA:209,21,0,0
BRDA:209,21,1,0
BRDA:216,22,0,0
BRDA:217,23,0,0
BRDA:241,24,0,0
BRDA:265,25,0,0
BRDA:287,26,0,0
BRDA:287,26,1,0
BRDA:294,27,0,0
BRDA:303,28,0,0
BRDA:303,28,1,0
BRDA:309,29,0,0
BRDA:310,30,0,0
BRDA:314,31,0,0
BRDA:325,32,0,0
BRDA:334,33,0,0
BRDA:334,33,1,0
BRF:46
BRH:0
end_of_record
TN:
SF:src\components\DataTable\utils\componentUtils.ts
FN:29,buildComponentClasses
FN:49,buildResponsiveClasses
FN:72,mergeProps
FN:88,extractCommonProps
FN:125,createEventHandler
FN:138,combineEventHandlers
FN:146,(anonymous_7)
FN:147,(anonymous_8)
FN:161,buildStyles
FN:172,buildResponsiveStyles
FN:178,(anonymous_11)
FN:196,validateRequiredProps
FN:200,(anonymous_13)
FN:214,validatePropTypes
FN:218,(anonymous_15)
FN:236,createMemoComparison
FN:239,(anonymous_17)
FN:240,(anonymous_18)
FN:249,createShallowComparison
FN:250,(anonymous_20)
FN:256,(anonymous_21)
FNF:21
FNH:0
FNDA:0,buildComponentClasses
FNDA:0,buildResponsiveClasses
FNDA:0,mergeProps
FNDA:0,extractCommonProps
FNDA:0,createEventHandler
FNDA:0,combineEventHandlers
FNDA:0,(anonymous_7)
FNDA:0,(anonymous_8)
FNDA:0,buildStyles
FNDA:0,buildResponsiveStyles
FNDA:0,(anonymous_11)
FNDA:0,validateRequiredProps
FNDA:0,(anonymous_13)
FNDA:0,validatePropTypes
FNDA:0,(anonymous_15)
FNDA:0,createMemoComparison
FNDA:0,(anonymous_17)
FNDA:0,(anonymous_18)
FNDA:0,createShallowComparison
FNDA:0,(anonymous_20)
FNDA:0,(anonymous_21)
DA:1,0
DA:2,0
DA:29,0
DA:34,0
DA:49,0
DA:54,0
DA:72,0
DA:76,0
DA:88,0
DA:98,0
DA:100,0
DA:125,0
DA:129,0
DA:138,0
DA:141,0
DA:143,0
DA:144,0
DA:146,0
DA:147,0
DA:161,0
DA:162,0
DA:172,0
DA:176,0
DA:178,0
DA:196,0
DA:200,0
DA:202,0
DA:203,0
DA:214,0
DA:218,0
DA:219,0
DA:220,0
DA:221,0
DA:236,0
DA:239,0
DA:240,0
DA:249,0
DA:250,0
DA:251,0
DA:252,0
DA:254,0
DA:256,0
LF:42
LH:0
BRDA:31,0,0,0
BRDA:51,1,0,0
BRDA:143,2,0,0
BRDA:144,3,0,0
BRDA:174,4,0,0
BRDA:202,5,0,0
BRDA:220,6,0,0
BRDA:220,7,0,0
BRDA:220,7,1,0
BRDA:254,8,0,0
BRF:10
BRH:0
end_of_record
TN:
SF:src\components\DataTable\utils\filtering.ts
FN:14,filterData
FN:29,(anonymous_1)
FN:30,(anonymous_2)
FN:31,(anonymous_3)
FN:43,applyFilter
FN:87,getNestedValue
FN:89,(anonymous_6)
FN:101,createFilterConfig
FN:112,updateFilterConfig
FN:118,(anonymous_9)
FN:134,removeFilterConfig
FN:138,(anonymous_11)
FN:144,clearFilterConfigs
FN:151,hasColumnFilter
FN:152,(anonymous_14)
FN:158,getColumnFilterValue
FN:159,(anonymous_16)
FN:166,getColumnFilterOperator
FN:170,(anonymous_18)
FN:181,canFilterColumn
FN:188,validateFilterConfig
FN:208,validateFilterConfigs
FN:219,createGlobalSearchFilter
FN:235,(anonymous_23)
FN:237,(anonymous_24)
FN:247,searchData
FN:280,applyAdvancedFilter
FN:291,(anonymous_27)
FN:294,(anonymous_28)
FN:334,getAvailableOperators
FN:347,getFilterInputType
FN:368,getFilterPlaceholder
FN:377,getFilterOptions
FN:381,(anonymous_33)
FN:386,(anonymous_34)
FN:389,(anonymous_35)
FN:400,createMemoizedFilter
FN:403,(anonymous_37)
FN:417,(anonymous_38)
FN:434,clearFilterCache
FNF:40
FNH:0
FNDA:0,filterData
FNDA:0,(anonymous_1)
FNDA:0,(anonymous_2)
FNDA:0,(anonymous_3)
FNDA:0,applyFilter
FNDA:0,getNestedValue
FNDA:0,(anonymous_6)
FNDA:0,createFilterConfig
FNDA:0,updateFilterConfig
FNDA:0,(anonymous_9)
FNDA:0,removeFilterConfig
FNDA:0,(anonymous_11)
FNDA:0,clearFilterConfigs
FNDA:0,hasColumnFilter
FNDA:0,(anonymous_14)
FNDA:0,getColumnFilterValue
FNDA:0,(anonymous_16)
FNDA:0,getColumnFilterOperator
FNDA:0,(anonymous_18)
FNDA:0,canFilterColumn
FNDA:0,validateFilterConfig
FNDA:0,validateFilterConfigs
FNDA:0,createGlobalSearchFilter
FNDA:0,(anonymous_23)
FNDA:0,(anonymous_24)
FNDA:0,searchData
FNDA:0,applyAdvancedFilter
FNDA:0,(anonymous_27)
FNDA:0,(anonymous_28)
FNDA:0,getAvailableOperators
FNDA:0,getFilterInputType
FNDA:0,getFilterPlaceholder
FNDA:0,getFilterOptions
FNDA:0,(anonymous_33)
FNDA:0,(anonymous_34)
FNDA:0,(anonymous_35)
FNDA:0,createMemoizedFilter
FNDA:0,(anonymous_37)
FNDA:0,(anonymous_38)
FNDA:0,clearFilterCache
DA:19,0
DA:20,0
DA:24,0
DA:25,0
DA:26,0
DA:29,0
DA:30,0
DA:31,0
DA:32,0
DA:34,0
DA:35,0
DA:44,0
DA:45,0
DA:48,0
DA:50,0
DA:53,0
DA:58,0
DA:63,0
DA:68,0
DA:71,0
DA:74,0
DA:77,0
DA:80,0
DA:88,0
DA:89,0
DA:91,0
DA:106,0
DA:118,0
DA:120,0
DA:122,0
DA:123,0
DA:124,0
DA:127,0
DA:138,0
DA:145,0
DA:152,0
DA:159,0
DA:160,0
DA:170,0
DA:171,0
DA:182,0
DA:189,0
DA:209,0
DA:223,0
DA:224,0
DA:228,0
DA:229,0
DA:232,0
DA:235,0
DA:237,0
DA:252,0
DA:253,0
DA:257,0
DA:258,0
DA:259,0
DA:262,0
DA:263,0
DA:286,0
DA:287,0
DA:288,0
DA:291,0
DA:292,0
DA:294,0
DA:295,0
DA:297,0
DA:299,0
DA:302,0
DA:305,0
DA:308,0
DA:311,0
DA:314,0
DA:323,0
DA:337,0
DA:348,0
DA:349,0
DA:350,0
DA:355,0
DA:356,0
DA:361,0
DA:362,0
DA:370,0
DA:371,0
DA:381,0
DA:382,0
DA:384,0
DA:386,0
DA:389,0
DA:401,0
DA:403,0
DA:404,0
DA:405,0
DA:409,0
DA:410,0
DA:413,0
DA:416,0
DA:417,0
DA:420,0
DA:421,0
DA:424,0
DA:425,0
DA:427,0
DA:446,0
DA:447,0
DA:448,0
DA:449,0
DA:450,0
DA:451,0
DA:452,0
DA:453,0
DA:454,0
DA:455,0
DA:456,0
DA:457,0
DA:458,0
DA:459,0
DA:460,0
DA:461,0
DA:462,0
DA:463,0
DA:464,0
DA:465,0
LF:121
LH:0
BRDA:19,0,0,0
BRDA:24,1,0,0
BRDA:24,2,0,0
BRDA:24,2,1,0
BRDA:32,3,0,0
BRDA:34,4,0,0
BRDA:34,4,1,0
BRDA:44,5,0,0
BRDA:44,6,0,0
BRDA:44,6,1,0
BRDA:45,7,0,0
BRDA:45,7,1,0
BRDA:48,8,0,0
BRDA:48,8,1,0
BRDA:48,8,2,0
BRDA:48,8,3,0
BRDA:48,8,4,0
BRDA:48,8,5,0
BRDA:48,8,6,0
BRDA:48,8,7,0
BRDA:48,8,8,0
BRDA:88,9,0,0
BRDA:88,10,0,0
BRDA:88,10,1,0
BRDA:104,11,0,0
BRDA:116,12,0,0
BRDA:120,13,0,0
BRDA:120,13,1,0
BRDA:171,14,0,0
BRDA:171,14,1,0
BRDA:190,15,0,0
BRDA:190,15,1,0
BRDA:190,15,2,0
BRDA:223,16,0,0
BRDA:228,17,0,0
BRDA:228,18,0,0
BRDA:228,18,1,0
BRDA:252,19,0,0
BRDA:257,20,0,0
BRDA:257,21,0,0
BRDA:257,21,1,0
BRDA:286,22,0,0
BRDA:286,23,0,0
BRDA:286,23,1,0
BRDA:292,24,0,0
BRDA:295,25,0,0
BRDA:295,25,1,0
BRDA:297,26,0,0
BRDA:297,26,1,0
BRDA:297,26,2,0
BRDA:297,26,3,0
BRDA:297,26,4,0
BRDA:297,26,5,0
BRDA:299,27,0,0
BRDA:299,27,1,0
BRDA:302,28,0,0
BRDA:302,28,1,0
BRDA:305,29,0,0
BRDA:305,29,1,0
BRDA:308,30,0,0
BRDA:308,30,1,0
BRDA:311,31,0,0
BRDA:311,31,1,0
BRDA:337,32,0,0
BRDA:337,32,1,0
BRDA:348,33,0,0
BRDA:349,34,0,0
BRDA:350,35,0,0
BRDA:351,36,0,0
BRDA:351,36,1,0
BRDA:351,36,2,0
BRDA:356,37,0,0
BRDA:357,38,0,0
BRDA:357,38,1,0
BRDA:357,38,2,0
BRDA:370,39,0,0
BRDA:370,39,1,0
BRDA:382,40,0,0
BRDA:382,40,1,0
BRDA:404,41,0,0
BRDA:409,42,0,0
BRDA:409,43,0,0
BRDA:409,43,1,0
BRDA:420,44,0,0
BRF:84
BRH:0
end_of_record
TN:
SF:src\components\DataTable\utils\pagination.ts
FN:15,paginateData
FN:26,calculatePaginationMetadata
FN:63,createPaginationConfig
FN:80,updatePaginationConfig
FN:98,resetPagination
FN:112,goToNextPage
FN:128,goToPreviousPage
FN:144,goToPage
FN:157,goToFirstPage
FN:167,goToLastPage
FN:183,changePageSize
FN:206,getAvailablePageSizes
FN:217,generatePageNumbers
FN:225,(anonymous_13)
FN:261,generateSmartPageNumbers
FN:269,(anonymous_15)
FN:318,validatePaginationConfig
FN:358,getPaginationSummary
FN:372,getPaginationSummaryWithPages
FN:386,isPaginationNeeded
FN:393,getTotalPages
FN:411,createPaginationFromPreset
FN:427,createMemoizedPagination
FN:430,(anonymous_23)
FN:447,clearPaginationCache
FNF:25
FNH:0
FNDA:0,paginateData
FNDA:0,calculatePaginationMetadata
FNDA:0,createPaginationConfig
FNDA:0,updatePaginationConfig
FNDA:0,resetPagination
FNDA:0,goToNextPage
FNDA:0,goToPreviousPage
FNDA:0,goToPage
FNDA:0,goToFirstPage
FNDA:0,goToLastPage
FNDA:0,changePageSize
FNDA:0,getAvailablePageSizes
FNDA:0,generatePageNumbers
FNDA:0,(anonymous_13)
FNDA:0,generateSmartPageNumbers
FNDA:0,(anonymous_15)
FNDA:0,validatePaginationConfig
FNDA:0,getPaginationSummary
FNDA:0,getPaginationSummaryWithPages
FNDA:0,isPaginationNeeded
FNDA:0,getTotalPages
FNDA:0,createPaginationFromPreset
FNDA:0,createMemoizedPagination
FNDA:0,(anonymous_23)
FNDA:0,clearPaginationCache
DA:6,0
DA:16,0
DA:17,0
DA:18,0
DA:20,0
DA:35,0
DA:37,0
DA:38,0
DA:39,0
DA:40,0
DA:41,0
DA:42,0
DA:43,0
DA:45,0
DA:68,0
DA:84,0
DA:87,0
DA:88,0
DA:89,0
DA:92,0
DA:99,0
DA:113,0
DA:115,0
DA:116,0
DA:122,0
DA:129,0
DA:131,0
DA:132,0
DA:138,0
DA:145,0
DA:146,0
DA:148,0
DA:158,0
DA:168,0
DA:170,0
DA:187,0
DA:193,0
DA:194,0
DA:196,0
DA:207,0
DA:221,0
DA:222,0
DA:224,0
DA:225,0
DA:228,0
DA:229,0
DA:232,0
DA:234,0
DA:235,0
DA:239,0
DA:240,0
DA:242,0
DA:243,0
DA:246,0
DA:247,0
DA:251,0
DA:252,0
DA:255,0
DA:265,0
DA:266,0
DA:268,0
DA:269,0
DA:272,0
DA:273,0
DA:276,0
DA:277,0
DA:280,0
DA:281,0
DA:283,0
DA:284,0
DA:288,0
DA:289,0
DA:290,0
DA:291,0
DA:296,0
DA:297,0
DA:301,0
DA:302,0
DA:303,0
DA:305,0
DA:308,0
DA:322,0
DA:324,0
DA:325,0
DA:328,0
DA:329,0
DA:332,0
DA:333,0
DA:336,0
DA:337,0
DA:338,0
DA:341,0
DA:342,0
DA:345,0
DA:359,0
DA:360,0
DA:362,0
DA:363,0
DA:366,0
DA:373,0
DA:374,0
DA:376,0
DA:377,0
DA:380,0
DA:387,0
DA:394,0
DA:401,0
DA:416,0
DA:417,0
DA:428,0
DA:430,0
DA:431,0
DA:433,0
DA:434,0
DA:437,0
DA:438,0
DA:440,0
DA:459,0
DA:460,0
DA:461,0
DA:462,0
DA:463,0
DA:464,0
DA:465,0
DA:466,0
DA:467,0
DA:468,0
DA:469,0
DA:470,0
DA:471,0
DA:472,0
DA:473,0
DA:474,0
DA:475,0
DA:476,0
DA:477,0
DA:478,0
DA:479,0
DA:480,0
LF:139
LH:0
BRDA:42,0,0,0
BRDA:42,0,1,0
BRDA:65,1,0,0
BRDA:66,2,0,0
BRDA:88,3,0,0
BRDA:88,4,0,0
BRDA:88,4,1,0
BRDA:115,5,0,0
BRDA:131,6,0,0
BRDA:172,7,0,0
BRDA:172,7,1,0
BRDA:207,8,0,0
BRDA:207,8,1,0
BRDA:219,9,0,0
BRDA:224,10,0,0
BRDA:234,11,0,0
BRDA:246,12,0,0
BRDA:251,13,0,0
BRDA:263,14,0,0
BRDA:268,15,0,0
BRDA:280,16,0,0
BRDA:283,17,0,0
BRDA:288,18,0,0
BRDA:290,19,0,0
BRDA:301,20,0,0
BRDA:302,21,0,0
BRDA:324,22,0,0
BRDA:328,23,0,0
BRDA:332,24,0,0
BRDA:337,25,0,0
BRDA:337,26,0,0
BRDA:337,26,1,0
BRDA:341,27,0,0
BRDA:362,28,0,0
BRDA:376,29,0,0
BRDA:414,30,0,0
BRDA:433,31,0,0
BRF:37
BRH:0
end_of_record
TN:
SF:src\components\DataTable\utils\sorting.ts
FN:14,sortData
FN:29,(anonymous_1)
FN:34,(anonymous_2)
FN:54,getDefaultSortComparison
FN:79,compareNumbers
FN:93,compareDates
FN:107,compareStrings
FN:117,getNestedValue
FN:119,(anonymous_8)
FN:131,createSortConfig
FN:152,toggleSortDirection
FN:162,resetSortConfig
FN:169,isColumnSorted
FN:179,getColumnSortDirection
FN:196,canSortColumn
FN:203,validateSortConfig
FN:225,sortDataMulti
FN:240,(anonymous_17)
FN:242,(anonymous_18)
FN:246,(anonymous_19)
FN:264,addColumnToMultiSort
FN:270,(anonymous_21)
FN:298,removeColumnFromMultiSort
FN:303,(anonymous_23)
FN:314,getSortIndicator
FN:328,getSortIndicatorClass
FN:346,createMemoizedSort
FN:349,(anonymous_27)
FN:378,clearSortCache
FNF:29
FNH:0
FNDA:0,sortData
FNDA:0,(anonymous_1)
FNDA:0,(anonymous_2)
FNDA:0,getDefaultSortComparison
FNDA:0,compareNumbers
FNDA:0,compareDates
FNDA:0,compareStrings
FNDA:0,getNestedValue
FNDA:0,(anonymous_8)
FNDA:0,createSortConfig
FNDA:0,toggleSortDirection
FNDA:0,resetSortConfig
FNDA:0,isColumnSorted
FNDA:0,getColumnSortDirection
FNDA:0,canSortColumn
FNDA:0,validateSortConfig
FNDA:0,sortDataMulti
FNDA:0,(anonymous_17)
FNDA:0,(anonymous_18)
FNDA:0,(anonymous_19)
FNDA:0,addColumnToMultiSort
FNDA:0,(anonymous_21)
FNDA:0,removeColumnFromMultiSort
FNDA:0,(anonymous_23)
FNDA:0,getSortIndicator
FNDA:0,getSortIndicatorClass
FNDA:0,createMemoizedSort
FNDA:0,(anonymous_27)
FNDA:0,clearSortCache
DA:19,0
DA:20,0
DA:24,0
DA:25,0
DA:26,0
DA:29,0
DA:30,0
DA:31,0
DA:34,0
DA:35,0
DA:37,0
DA:39,0
DA:42,0
DA:45,0
DA:48,0
DA:60,0
DA:61,0
DA:63,0
DA:64,0
DA:67,0
DA:68,0
DA:69,0
DA:70,0
DA:72,0
DA:80,0
DA:81,0
DA:83,0
DA:84,0
DA:85,0
DA:87,0
DA:94,0
DA:95,0
DA:97,0
DA:98,0
DA:99,0
DA:101,0
DA:108,0
DA:109,0
DA:111,0
DA:118,0
DA:119,0
DA:121,0
DA:135,0
DA:136,0
DA:139,0
DA:140,0
DA:141,0
DA:143,0
DA:156,0
DA:163,0
DA:173,0
DA:183,0
DA:184,0
DA:186,0
DA:197,0
DA:204,0
DA:230,0
DA:231,0
DA:235,0
DA:236,0
DA:237,0
DA:240,0
DA:241,0
DA:242,0
DA:244,0
DA:246,0
DA:247,0
DA:249,0
DA:250,0
DA:251,0
DA:255,0
DA:258,0
DA:269,0
DA:270,0
DA:273,0
DA:275,0
DA:276,0
DA:281,0
DA:284,0
DA:289,0
DA:302,0
DA:303,0
DA:318,0
DA:319,0
DA:322,0
DA:332,0
DA:333,0
DA:336,0
DA:347,0
DA:349,0
DA:350,0
DA:351,0
DA:355,0
DA:356,0
DA:359,0
DA:362,0
DA:364,0
DA:365,0
DA:368,0
DA:369,0
DA:371,0
DA:390,0
DA:391,0
DA:392,0
DA:393,0
DA:394,0
DA:395,0
DA:396,0
DA:397,0
DA:398,0
DA:399,0
DA:400,0
DA:401,0
DA:402,0
DA:403,0
DA:404,0
LF:116
LH:0
BRDA:19,0,0,0
BRDA:19,1,0,0
BRDA:19,1,1,0
BRDA:24,2,0,0
BRDA:24,3,0,0
BRDA:24,3,1,0
BRDA:30,4,0,0
BRDA:37,5,0,0
BRDA:37,5,1,0
BRDA:37,6,0,0
BRDA:37,6,1,0
BRDA:45,7,0,0
BRDA:45,7,1,0
BRDA:60,8,0,0
BRDA:60,8,1,0
BRDA:61,9,0,0
BRDA:61,9,1,0
BRDA:63,10,0,0
BRDA:63,11,0,0
BRDA:63,11,1,0
BRDA:64,12,0,0
BRDA:64,13,0,0
BRDA:64,13,1,0
BRDA:67,14,0,0
BRDA:67,14,1,0
BRDA:69,15,0,0
BRDA:69,15,1,0
BRDA:83,16,0,0
BRDA:83,17,0,0
BRDA:83,17,1,0
BRDA:84,18,0,0
BRDA:85,19,0,0
BRDA:97,20,0,0
BRDA:97,21,0,0
BRDA:97,21,1,0
BRDA:98,22,0,0
BRDA:99,23,0,0
BRDA:118,24,0,0
BRDA:118,25,0,0
BRDA:118,25,1,0
BRDA:135,26,0,0
BRDA:135,27,0,0
BRDA:135,27,1,0
BRDA:173,28,0,0
BRDA:173,28,1,0
BRDA:183,29,0,0
BRDA:205,30,0,0
BRDA:205,30,1,0
BRDA:230,31,0,0
BRDA:235,32,0,0
BRDA:235,33,0,0
BRDA:235,33,1,0
BRDA:244,34,0,0
BRDA:247,35,0,0
BRDA:250,36,0,0
BRDA:251,37,0,0
BRDA:251,37,1,0
BRDA:273,38,0,0
BRDA:273,38,1,0
BRDA:318,39,0,0
BRDA:322,40,0,0
BRDA:322,40,1,0
BRDA:332,41,0,0
BRDA:350,42,0,0
BRDA:350,43,0,0
BRDA:350,43,1,0
BRDA:355,44,0,0
BRDA:355,45,0,0
BRDA:355,45,1,0
BRDA:364,46,0,0
BRF:70
BRH:0
end_of_record
TN:
SF:src\components\DataTable\utils\validators.ts
FN:21,isArray
FN:25,isString
FN:29,isNumber
FN:33,isBoolean
FN:37,isFunction
FN:41,isObject
FN:49,validateData
FN:64,validateColumns
FN:92,validateColumn
FN:112,validatePaginationConfig
FN:142,validateSortDirection
FN:146,validateAlignDirection
FN:150,validateSelectionMode
FN:154,validateCellPadding
FN:160,validateResponsiveBreakpoint
FN:173,validateDataTableProps
FN:327,validateColumnProps
FN:460,validateAriaAttributes
FN:495,validatePerformanceProps
FNF:19
FNH:0
FNDA:0,isArray
FNDA:0,isString
FNDA:0,isNumber
FNDA:0,isBoolean
FNDA:0,isFunction
FNDA:0,isObject
FNDA:0,validateData
FNDA:0,validateColumns
FNDA:0,validateColumn
FNDA:0,validatePaginationConfig
FNDA:0,validateSortDirection
FNDA:0,validateAlignDirection
FNDA:0,validateSelectionMode
FNDA:0,validateCellPadding
FNDA:0,validateResponsiveBreakpoint
FNDA:0,validateDataTableProps
FNDA:0,validateColumnProps
FNDA:0,validateAriaAttributes
FNDA:0,validatePerformanceProps
DA:15,0
DA:22,0
DA:26,0
DA:30,0
DA:34,0
DA:38,0
DA:42,0
DA:50,0
DA:51,0
DA:54,0
DA:55,0
DA:61,0
DA:66,0
DA:67,0
DA:70,0
DA:71,0
DA:74,0
DA:75,0
DA:82,0
DA:83,0
DA:84,0
DA:85,0
DA:89,0
DA:93,0
DA:94,0
DA:97,0
DA:98,0
DA:101,0
DA:102,0
DA:105,0
DA:116,0
DA:117,0
DA:120,0
DA:121,0
DA:125,0
DA:129,0
DA:130,0
DA:131,0
DA:135,0
DA:143,0
DA:147,0
DA:151,0
DA:155,0
DA:163,0
DA:177,0
DA:180,0
DA:181,0
DA:182,0
DA:186,0
DA:187,0
DA:188,0
DA:192,0
DA:193,0
DA:194,0
DA:195,0
DA:200,0
DA:201,0
DA:205,0
DA:209,0
DA:213,0
DA:217,0
DA:221,0
DA:222,0
DA:226,0
DA:227,0
DA:231,0
DA:232,0
DA:236,0
DA:237,0
DA:241,0
DA:242,0
DA:246,0
DA:247,0
DA:251,0
DA:255,0
DA:259,0
DA:260,0
DA:264,0
DA:265,0
DA:268,0
DA:269,0
DA:272,0
DA:273,0
DA:276,0
DA:280,0
DA:283,0
DA:284,0
DA:287,0
DA:288,0
DA:291,0
DA:295,0
DA:298,0
DA:299,0
DA:302,0
DA:303,0
DA:306,0
DA:310,0
DA:313,0
DA:314,0
DA:317,0
DA:331,0
DA:334,0
DA:335,0
DA:339,0
DA:340,0
DA:344,0
DA:345,0
DA:349,0
DA:350,0
DA:354,0
DA:355,0
DA:359,0
DA:360,0
DA:364,0
DA:369,0
DA:373,0
DA:378,0
DA:382,0
DA:387,0
DA:391,0
DA:392,0
DA:393,0
DA:396,0
DA:397,0
DA:398,0
DA:399,0
DA:406,0
DA:407,0
DA:411,0
DA:415,0
DA:419,0
DA:420,0
DA:424,0
DA:426,0
DA:428,0
DA:429,0
DA:436,0
DA:437,0
DA:441,0
DA:442,0
DA:446,0
DA:447,0
DA:450,0
DA:464,0
DA:467,0
DA:468,0
DA:474,0
DA:475,0
DA:481,0
DA:482,0
DA:485,0
DA:499,0
DA:502,0
DA:503,0
DA:509,0
DA:510,0
DA:516,0
DA:517,0
DA:522,0
DA:533,0
DA:534,0
DA:535,0
DA:536,0
DA:537,0
DA:538,0
DA:539,0
DA:540,0
DA:541,0
DA:542,0
DA:543,0
DA:544,0
DA:545,0
LF:172
LH:0
BRDA:30,0,0,0
BRDA:30,0,1,0
BRDA:42,1,0,0
BRDA:42,1,1,0
BRDA:42,1,2,0
BRDA:50,2,0,0
BRDA:54,3,0,0
BRDA:66,4,0,0
BRDA:66,5,0,0
BRDA:66,5,1,0
BRDA:70,6,0,0
BRDA:74,7,0,0
BRDA:84,8,0,0
BRDA:93,9,0,0
BRDA:97,10,0,0
BRDA:97,11,0,0
BRDA:97,11,1,0
BRDA:101,12,0,0
BRDA:101,13,0,0
BRDA:101,13,1,0
BRDA:116,14,0,0
BRDA:120,15,0,0
BRDA:121,16,0,0
BRDA:122,17,0,0
BRDA:122,17,1,0
BRDA:129,18,0,0
BRDA:130,19,0,0
BRDA:143,20,0,0
BRDA:143,20,1,0
BRDA:147,21,0,0
BRDA:147,21,1,0
BRDA:151,22,0,0
BRDA:151,22,1,0
BRDA:156,23,0,0
BRDA:156,23,1,0
BRDA:164,24,0,0
BRDA:164,24,1,0
BRDA:181,25,0,0
BRDA:187,26,0,0
BRDA:192,27,0,0
BRDA:192,28,0,0
BRDA:192,28,1,0
BRDA:194,29,0,0
BRDA:200,30,0,0
BRDA:200,31,0,0
BRDA:200,31,1,0
BRDA:205,32,0,0
BRDA:206,33,0,0
BRDA:206,33,1,0
BRDA:213,34,0,0
BRDA:214,35,0,0
BRDA:214,35,1,0
BRDA:221,36,0,0
BRDA:221,37,0,0
BRDA:221,37,1,0
BRDA:226,38,0,0
BRDA:226,39,0,0
BRDA:226,39,1,0
BRDA:231,40,0,0
BRDA:231,41,0,0
BRDA:231,41,1,0
BRDA:236,42,0,0
BRDA:236,43,0,0
BRDA:236,43,1,0
BRDA:241,44,0,0
BRDA:241,45,0,0
BRDA:241,45,1,0
BRDA:246,46,0,0
BRDA:246,47,0,0
BRDA:246,47,1,0
BRDA:251,48,0,0
BRDA:252,49,0,0
BRDA:252,49,1,0
BRDA:259,50,0,0
BRDA:259,51,0,0
BRDA:259,51,1,0
BRDA:264,52,0,0
BRDA:264,53,0,0
BRDA:264,53,1,0
BRDA:268,54,0,0
BRDA:268,55,0,0
BRDA:268,55,1,0
BRDA:272,56,0,0
BRDA:272,57,0,0
BRDA:272,57,1,0
BRDA:276,58,0,0
BRDA:277,59,0,0
BRDA:277,59,1,0
BRDA:283,60,0,0
BRDA:283,61,0,0
BRDA:283,61,1,0
BRDA:287,62,0,0
BRDA:287,63,0,0
BRDA:287,63,1,0
BRDA:291,64,0,0
BRDA:292,65,0,0
BRDA:292,65,1,0
BRDA:298,66,0,0
BRDA:298,67,0,0
BRDA:298,67,1,0
BRDA:302,68,0,0
BRDA:302,69,0,0
BRDA:302,69,1,0
BRDA:306,70,0,0
BRDA:307,71,0,0
BRDA:307,71,1,0
BRDA:313,72,0,0
BRDA:313,73,0,0
BRDA:313,73,1,0
BRDA:334,74,0,0
BRDA:334,75,0,0
BRDA:334,75,1,0
BRDA:339,76,0,0
BRDA:339,77,0,0
BRDA:339,77,1,0
BRDA:344,78,0,0
BRDA:349,79,0,0
BRDA:349,80,0,0
BRDA:349,80,1,0
BRDA:354,81,0,0
BRDA:354,82,0,0
BRDA:354,82,1,0
BRDA:359,83,0,0
BRDA:359,84,0,0
BRDA:359,84,1,0
BRDA:364,85,0,0
BRDA:365,86,0,0
BRDA:365,86,1,0
BRDA:365,86,2,0
BRDA:373,87,0,0
BRDA:374,88,0,0
BRDA:374,88,1,0
BRDA:374,88,2,0
BRDA:382,89,0,0
BRDA:383,90,0,0
BRDA:383,90,1,0
BRDA:383,90,2,0
BRDA:391,91,0,0
BRDA:392,92,0,0
BRDA:392,93,0,0
BRDA:392,93,1,0
BRDA:396,94,0,0
BRDA:398,95,0,0
BRDA:406,96,0,0
BRDA:406,97,0,0
BRDA:406,97,1,0
BRDA:411,98,0,0
BRDA:412,99,0,0
BRDA:412,99,1,0
BRDA:419,100,0,0
BRDA:419,101,0,0
BRDA:419,101,1,0
BRDA:424,102,0,0
BRDA:426,103,0,0
BRDA:426,103,1,0
BRDA:428,104,0,0
BRDA:436,105,0,0
BRDA:436,106,0,0
BRDA:436,106,1,0
BRDA:441,107,0,0
BRDA:441,108,0,0
BRDA:441,108,1,0
BRDA:446,109,0,0
BRDA:446,110,0,0
BRDA:446,110,1,0
BRDA:467,111,0,0
BRDA:467,112,0,0
BRDA:467,112,1,0
BRDA:474,113,0,0
BRDA:474,114,0,0
BRDA:474,114,1,0
BRDA:481,115,0,0
BRDA:481,116,0,0
BRDA:481,116,1,0
BRDA:502,117,0,0
BRDA:502,118,0,0
BRDA:502,118,1,0
BRDA:509,119,0,0
BRDA:509,120,0,0
BRDA:509,120,1,0
BRDA:516,121,0,0
BRDA:516,122,0,0
BRDA:516,122,1,0
BRDA:516,122,2,0
BRF:184
BRH:0
end_of_record
TN:
SF:src\components\ErrorBoundaries\DataTableErrorBoundary.tsx
FN:22,(anonymous_9)
FN:27,(anonymous_10)
FN:31,(anonymous_11)
FN:56,(anonymous_12)
FN:95,(anonymous_13)
FNF:5
FNH:0
FNDA:0,(anonymous_9)
FNDA:0,(anonymous_10)
FNDA:0,(anonymous_11)
FNDA:0,(anonymous_12)
FNDA:0,(anonymous_13)
DA:1,0
DA:2,0
DA:23,0
DA:24,0
DA:28,0
DA:33,0
DA:34,0
DA:38,0
DA:39,0
DA:40,0
DA:47,0
DA:51,0
DA:52,0
DA:57,0
DA:59,0
DA:60,0
DA:64,0
DA:95,0
DA:117,0
DA:121,0
LF:20
LH:0
BRDA:33,0,0,0
BRDA:51,1,0,0
BRDA:57,2,0,0
BRDA:59,3,0,0
BRDA:102,4,0,0
BRDA:102,4,1,0
BRDA:102,4,2,0
BRF:7
BRH:0
end_of_record
TN:
SF:src\components\ErrorBoundaries\FormErrorBoundary.tsx
FN:22,(anonymous_9)
FN:27,(anonymous_10)
FN:31,(anonymous_11)
FN:56,(anonymous_12)
FN:93,(anonymous_13)
FNF:5
FNH:0
FNDA:0,(anonymous_9)
FNDA:0,(anonymous_10)
FNDA:0,(anonymous_11)
FNDA:0,(anonymous_12)
FNDA:0,(anonymous_13)
DA:1,0
DA:2,0
DA:23,0
DA:24,0
DA:28,0
DA:33,0
DA:34,0
DA:38,0
DA:39,0
DA:40,0
DA:47,0
DA:51,0
DA:52,0
DA:57,0
DA:59,0
DA:60,0
DA:64,0
DA:93,0
DA:114,0
DA:118,0
LF:20
LH:0
BRDA:33,0,0,0
BRDA:51,1,0,0
BRDA:57,2,0,0
BRDA:59,3,0,0
BRDA:99,4,0,0
BRDA:99,4,1,0
BRDA:99,4,2,0
BRF:7
BRH:0
end_of_record
TN:
SF:src\components\ErrorBoundaries\PageErrorBoundary.tsx
FN:22,(anonymous_9)
FN:27,(anonymous_10)
FN:31,(anonymous_11)
FN:56,(anonymous_12)
FN:95,(anonymous_13)
FN:102,(anonymous_14)
FNF:6
FNH:0
FNDA:0,(anonymous_9)
FNDA:0,(anonymous_10)
FNDA:0,(anonymous_11)
FNDA:0,(anonymous_12)
FNDA:0,(anonymous_13)
FNDA:0,(anonymous_14)
DA:1,0
DA:2,0
DA:23,0
DA:24,0
DA:28,0
DA:33,0
DA:34,0
DA:38,0
DA:39,0
DA:40,0
DA:47,0
DA:51,0
DA:52,0
DA:57,0
DA:59,0
DA:60,0
DA:64,0
DA:95,0
DA:102,0
DA:124,0
DA:128,0
LF:21
LH:0
BRDA:33,0,0,0
BRDA:51,1,0,0
BRDA:57,2,0,0
BRDA:59,3,0,0
BRDA:109,4,0,0
BRDA:109,4,1,0
BRDA:109,4,2,0
BRF:7
BRH:0
end_of_record
TN:
SF:src\components\ErrorBoundaries\index.ts
FN:8,(anonymous_1)
FN:9,(anonymous_2)
FN:10,(anonymous_3)
FN:11,(anonymous_4)
FNF:4
FNH:0
FNDA:0,(anonymous_1)
FNDA:0,(anonymous_2)
FNDA:0,(anonymous_3)
FNDA:0,(anonymous_4)
DA:8,0
DA:9,0
DA:10,0
DA:11,0
LF:4
LH:0
BRF:0
BRH:0
end_of_record
TN:
SF:src\components\PageHeader\PageHeader.lazy.tsx
FN:8,(anonymous_9)
FN:8,(anonymous_10)
FN:11,(anonymous_11)
FN:11,(anonymous_12)
FN:12,(anonymous_13)
FN:12,(anonymous_14)
FN:13,(anonymous_15)
FN:13,(anonymous_16)
FN:17,(anonymous_17)
FN:17,(anonymous_18)
FN:20,(anonymous_19)
FN:20,(anonymous_20)
FN:24,(anonymous_21)
FN:24,(anonymous_22)
[...]
DA:77,0
DA:79,0
DA:80,0
DA:85,0
DA:86,0
DA:87,0
DA:89,0
DA:90,0
DA:94,0
DA:95,0
DA:96,0
DA:98,0
DA:99,0
DA:108,0
DA:109,0
DA:113,0
DA:114,0
DA:118,0
DA:119,0
DA:120,0
DA:122,0
DA:126,0
DA:127,0
DA:128,0
DA:129,0
DA:130,0
DA:132,0
DA:137,0
DA:139,0
DA:140,0
DA:143,0
DA:144,0
DA:147,0
DA:149,0
DA:154,0
DA:155,0
DA:162,0
DA:187,0
DA:248,0
DA:251,0
DA:286,0
LF:63
LH:0
BRDA:59,0,0,0
BRDA:128,1,0,0
BRDA:210,2,0,0
BRDA:210,2,1,0
BRDA:212,3,0,0
BRDA:212,3,1,0
BRDA:221,4,0,0
BRDA:221,4,1,0
BRDA:241,5,0,0
BRDA:241,5,1,0
BRF:10
BRH:0
end_of_record
TN:
SF:src\pages\TestingPage.tsx
FN:73,(anonymous_10)
FN:102,TestingPage
FN:106,(anonymous_12)
FN:107,(anonymous_13)
FN:113,(anonymous_14)
FN:117,(anonymous_15)
FN:192,(anonymous_16)
FNF:7
FNH:0
FNDA:0,(anonymous_10)
FNDA:0,TestingPage
FNDA:0,(anonymous_12)
FNDA:0,(anonymous_13)
FNDA:0,(anonymous_14)
FNDA:0,(anonymous_15)
FNDA:0,(anonymous_16)
DA:1,0
DA:3,0
DA:4,0
DA:5,0
DA:8,0
DA:9,0
DA:10,0
DA:11,0
DA:12,0
DA:13,0
DA:22,0
DA:50,0
DA:73,0
DA:103,0
DA:104,0
DA:106,0
DA:107,0
DA:113,0
DA:114,0
DA:117,0
DA:118,0
DA:121,0
DA:193,0
DA:233,0
LF:24
LH:0
BRDA:109,0,0,0
BRDA:109,0,1,0
BRF:2
BRH:0
end_of_record
TN:
SF:src\services\apiService.ts
FN:39,(anonymous_1)
FN:42,(anonymous_2)
FN:51,(anonymous_3)
FN:63,(anonymous_4)
FN:67,(anonymous_5)
FN:80,(anonymous_6)
FN:93,(anonymous_7)
FN:96,(anonymous_8)
FN:108,(anonymous_9)
FN:115,(anonymous_10)
FN:122,(anonymous_11)
FN:128,(anonymous_12)
FN:158,(anonymous_13)
FN:182,(anonymous_14)
FN:195,(anonymous_15)
FN:208,(anonymous_16)
FN:221,(anonymous_17)
FN:233,(anonymous_18)
FN:237,(anonymous_19)
FN:263,(anonymous_20)
FN:274,(anonymous_21)
FN:279,(anonymous_22)
FN:288,(anonymous_23)
FN:299,(anonymous_24)
FN:308,(anonymous_25)
FN:325,(anonymous_26)
FN:334,(anonymous_27)
FN:338,(anonymous_28)
FN:345,(anonymous_29)
FN:349,(anonymous_30)
FN:362,(anonymous_31)
FN:397,(anonymous_32)
FN:420,(anonymous_33)
FN:421,(anonymous_34)
FN:429,(anonymous_35)
FN:461,(anonymous_36)
FNF:36
FNH:0
FNDA:0,(anonymous_1)
FNDA:0,(anonymous_2)
FNDA:0,(anonymous_3)
FNDA:0,(anonymous_4)
FNDA:0,(anonymous_5)
FNDA:0,(anonymous_6)
FNDA:0,(anonymous_7)
FNDA:0,(anonymous_8)
FNDA:0,(anonymous_9)
FNDA:0,(anonymous_10)
FNDA:0,(anonymous_11)
FNDA:0,(anonymous_12)
FNDA:0,(anonymous_13)
FNDA:0,(anonymous_14)
FNDA:0,(anonymous_15)
FNDA:0,(anonymous_16)
FNDA:0,(anonymous_17)
FNDA:0,(anonymous_18)
FNDA:0,(anonymous_19)
FNDA:0,(anonymous_20)
FNDA:0,(anonymous_21)
FNDA:0,(anonymous_22)
FNDA:0,(anonymous_23)
FNDA:0,(anonymous_24)
FNDA:0,(anonymous_25)
FNDA:0,(anonymous_26)
FNDA:0,(anonymous_27)
FNDA:0,(anonymous_28)
FNDA:0,(anonymous_29)
FNDA:0,(anonymous_30)
FNDA:0,(anonymous_31)
FNDA:0,(anonymous_32)
FNDA:0,(anonymous_33)
FNDA:0,(anonymous_34)
FNDA:0,(anonymous_35)
FNDA:0,(anonymous_36)
DA:8,0
DA:25,0
DA:26,0
DA:27,0
DA:40,0
DA:43,0
DA:44,0
DA:52,0
DA:53,0
DA:55,0
DA:56,0
DA:57,0
DA:60,0
DA:64,0
DA:68,0
DA:77,0
DA:78,0
DA:81,0
DA:82,0
DA:90,0
DA:95,0
DA:98,0
DA:99,0
DA:100,0
DA:104,0
DA:106,0
DA:109,0
DA:114,0
DA:117,0
DA:118,0
DA:120,0
DA:123,0
DA:129,0
DA:131,0
DA:137,0
DA:139,0
DA:146,0
DA:163,0
DA:165,0
DA:166,0
DA:167,0
DA:170,0
DA:175,0
DA:176,0
DA:179,0
DA:187,0
DA:192,0
DA:200,0
DA:205,0
DA:213,0
DA:218,0
DA:222,0
DA:226,0
DA:234,0
DA:238,0
DA:239,0
DA:240,0
DA:243,0
DA:244,0
DA:245,0
DA:255,0
DA:257,0
DA:264,0
DA:267,0
DA:269,0
DA:270,0
DA:275,0
DA:278,0
DA:279,0
DA:280,0
DA:281,0
DA:283,0
DA:284,0
DA:289,0
DA:292,0
DA:299,0
DA:301,0
DA:303,0
DA:304,0
DA:309,0
DA:312,0
DA:325,0
DA:327,0
DA:329,0
DA:330,0
DA:335,0
DA:338,0
DA:340,0
DA:341,0
DA:346,0
DA:349,0
DA:351,0
DA:352,0
DA:363,0
DA:366,0
DA:392,0
DA:393,0
DA:400,0
DA:403,0
DA:404,0
DA:409,0
DA:410,0
DA:420,0
DA:421,0
DA:429,0
DA:430,0
DA:443,0
DA:461,0
LF:108
LH:0
BRDA:25,0,0,0
BRDA:25,0,1,0
BRDA:42,1,0,0
BRDA:53,2,0,0
BRDA:55,3,0,0
BRDA:99,4,0,0
BRDA:129,5,0,0
BRDA:129,5,1,0
BRDA:132,6,0,0
BRDA:132,6,1,0
BRDA:133,7,0,0
BRDA:133,7,1,0
BRDA:137,8,0,0
BRDA:137,8,1,0
BRDA:147,9,0,0
BRDA:147,9,1,0
BRDA:161,10,0,0
BRDA:163,11,0,0
BRDA:163,11,1,0
BRDA:165,12,0,0
BRDA:167,13,0,0
BRDA:175,14,0,0
BRDA:238,15,0,0
BRDA:244,16,0,0
BRDA:280,17,0,0
BRDA:314,18,0,0
BRDA:314,18,1,0
BRDA:315,19,0,0
BRDA:315,19,1,0
BRDA:316,20,0,0
BRDA:316,20,1,0
BRDA:317,21,0,0
BRDA:317,21,1,0
BRDA:318,22,0,0
BRDA:318,22,1,0
BRDA:319,23,0,0
BRDA:319,23,1,0
BRDA:321,24,0,0
BRDA:321,24,1,0
BRF:39
BRH:0
end_of_record
TN:
SF:src\store\index.ts
FN:113,(anonymous_0)
FN:113,(anonymous_1)
FN:113,(anonymous_2)
FN:31,(anonymous_3)
FN:56,(anonymous_4)
FN:59,(anonymous_5)
FN:60,(anonymous_6)
FN:77,(anonymous_7)
FN:78,(anonymous_8)
FN:79,(anonymous_9)
FN:94,(anonymous_10)
FN:95,(anonymous_11)
FN:96,(anonymous_12)
FN:116,(anonymous_13)
FN:117,(anonymous_14)
FN:118,(anonymous_15)
FNF:16
FNH:0
FNDA:0,(anonymous_0)
FNDA:0,(anonymous_1)
FNDA:0,(anonymous_2)
FNDA:0,(anonymous_3)
FNDA:0,(anonymous_4)
FNDA:0,(anonymous_5)
FNDA:0,(anonymous_6)
FNDA:0,(anonymous_7)
FNDA:0,(anonymous_8)
FNDA:0,(anonymous_9)
FNDA:0,(anonymous_10)
FNDA:0,(anonymous_11)
FNDA:0,(anonymous_12)
FNDA:0,(anonymous_13)
FNDA:0,(anonymous_14)
FNDA:0,(anonymous_15)
DA:11,0
DA:12,0
DA:13,0
DA:21,0
DA:31,0
DA:33,0
DA:36,0
DA:37,0
DA:39,0
DA:47,0
DA:56,0
DA:58,0
DA:59,0
DA:61,0
DA:62,0
DA:65,0
DA:67,0
DA:68,0
DA:69,0
DA:70,0
DA:76,0
DA:77,0
DA:79,0
DA:80,0
DA:81,0
DA:93,0
DA:94,0
DA:96,0
DA:97,0
DA:99,0
DA:102,0
DA:113,0
DA:116,0
DA:117,0
DA:118,0
LF:35
LH:0
BRDA:61,0,0,0
BRDA:61,0,1,0
BRDA:80,1,0,0
BRDA:97,2,0,0
BRDA:97,2,1,0
BRF:5
BRH:0
end_of_record
TN:
SF:src\store\slices\itemsSlice.ts
FN:40,(anonymous_0)
FN:41,(anonymous_1)
FN:57,(anonymous_2)
FN:91,(anonymous_3)
FN:94,(anonymous_4)
FN:132,(anonymous_5)
FN:145,(anonymous_6)
FN:149,(anonymous_7)
FN:152,(anonymous_8)
FN:162,(anonymous_9)
FN:165,(anonymous_10)
FN:167,(anonymous_11)
FN:177,(anonymous_12)
FN:180,(anonymous_13)
FN:182,(anonymous_14)
FN:190,(anonymous_15)
FN:193,(anonymous_16)
FN:195,(anonymous_17)
FN:203,(anonymous_18)
FN:204,(anonymous_19)
FN:210,(anonymous_20)
FN:211,(anonymous_21)
FN:217,(anonymous_22)
FN:218,(anonymous_23)
FN:228,(anonymous_24)
FN:234,(anonymous_25)
FN:236,(anonymous_26)
FN:239,(anonymous_27)
FN:241,(anonymous_28)
FN:244,(anonymous_29)
FN:246,(anonymous_30)
FN:251,(anonymous_31)
FN:266,(anonymous_32)
FN:267,(anonymous_33)
FN:268,(anonymous_34)
FN:271,(anonymous_35)
FN:272,(anonymous_36)
FN:273,(anonymous_37)
FN:276,(anonymous_38)
FN:277,(anonymous_39)
FN:278,(anonymous_40)
FN:279,(anonymous_41)
FN:282,(anonymous_42)
FN:296,(anonymous_43)
FN:296,(anonymous_44)
FN:297,(anonymous_45)
FN:297,(anonymous_46)
FN:299,(anonymous_47)
FN:299,(anonymous_48)
FNF:49
FNH:0
FNDA:0,(anonymous_0)
FNDA:0,(anonymous_1)
FNDA:0,(anonymous_2)
FNDA:0,(anonymous_3)
FNDA:0,(anonymous_4)
FNDA:0,(anonymous_5)
FNDA:0,(anonymous_6)
FNDA:0,(anonymous_7)
FNDA:0,(anonymous_8)
FNDA:0,(anonymous_9)
FNDA:0,(anonymous_10)
FNDA:0,(anonymous_11)
FNDA:0,(anonymous_12)
FNDA:0,(anonymous_13)
FNDA:0,(anonymous_14)
FNDA:0,(anonymous_15)
FNDA:0,(anonymous_16)
FNDA:0,(anonymous_17)
FNDA:0,(anonymous_18)
FNDA:0,(anonymous_19)
FNDA:0,(anonymous_20)
FNDA:0,(anonymous_21)
FNDA:0,(anonymous_22)
FNDA:0,(anonymous_23)
FNDA:0,(anonymous_24)
FNDA:0,(anonymous_25)
FNDA:0,(anonymous_26)
FNDA:0,(anonymous_27)
FNDA:0,(anonymous_28)
FNDA:0,(anonymous_29)
FNDA:0,(anonymous_30)
FNDA:0,(anonymous_31)
FNDA:0,(anonymous_32)
FNDA:0,(anonymous_33)
FNDA:0,(anonymous_34)
FNDA:0,(anonymous_35)
FNDA:0,(anonymous_36)
FNDA:0,(anonymous_37)
FNDA:0,(anonymous_38)
FNDA:0,(anonymous_39)
FNDA:0,(anonymous_40)
FNDA:0,(anonymous_41)
FNDA:0,(anonymous_42)
FNDA:0,(anonymous_43)
FNDA:0,(anonymous_44)
FNDA:0,(anonymous_45)
FNDA:0,(anonymous_46)
FNDA:0,(anonymous_47)
FNDA:0,(anonymous_48)
DA:8,0
DA:9,0
DA:18,0
DA:24,0
DA:40,0
DA:41,0
DA:44,0
DA:51,0
DA:54,0
DA:57,0
DA:58,0
DA:59,0
DA:61,0
DA:63,0
DA:66,0
DA:71,0
DA:75,0
DA:77,0
DA:91,0
DA:92,0
DA:94,0
DA:95,0
DA:96,0
DA:98,0
DA:99,0
DA:104,0
DA:105,0
DA:108,0
DA:109,0
DA:122,0
DA:130,0
DA:132,0
DA:146,0
DA:150,0
DA:151,0
DA:152,0
DA:157,0
DA:158,0
DA:163,0
DA:164,0
DA:165,0
DA:168,0
DA:172,0
DA:173,0
DA:178,0
DA:179,0
DA:180,0
DA:182,0
DA:185,0
DA:186,0
DA:191,0
DA:192,0
DA:193,0
DA:195,0
DA:198,0
DA:199,0
DA:204,0
DA:211,0
DA:218,0
DA:229,0
DA:230,0
DA:231,0
DA:235,0
DA:236,0
DA:240,0
DA:241,0
DA:245,0
DA:246,0
DA:251,0
DA:264,0
DA:266,0
DA:267,0
DA:268,0
DA:271,0
DA:272,0
DA:273,0
DA:277,0
DA:279,0
DA:283,0
DA:284,0
DA:296,0
DA:297,0
DA:298,0
DA:299,0
DA:300,0
LF:85
LH:0
BRDA:44,0,0,0
BRDA:44,0,1,0
BRDA:44,0,2,0
BRDA:44,0,3,0
BRDA:51,1,0,0
BRDA:51,1,1,0
BRDA:54,2,0,0
BRDA:54,2,1,0
BRDA:58,3,0,0
BRDA:58,4,0,0
BRDA:58,4,1,0
BRDA:61,5,0,0
BRDA:61,5,1,0
BRDA:63,6,0,0
BRDA:63,6,1,0
BRDA:66,7,0,0
BRDA:66,7,1,0
BRDA:71,8,0,0
BRDA:71,8,1,0
BRDA:75,9,0,0
BRDA:75,9,1,0
BRDA:78,10,0,0
BRDA:78,10,1,0
BRDA:78,10,2,0
BRDA:78,10,3,0
BRDA:78,10,4,0
BRDA:78,10,5,0
BRDA:92,11,0,0
BRDA:98,12,0,0
BRDA:98,13,0,0
BRDA:98,13,1,0
BRDA:99,14,0,0
BRDA:99,14,1,0
BRDA:104,15,0,0
BRDA:104,16,0,0
BRDA:104,16,1,0
BRDA:105,17,0,0
BRDA:105,17,1,0
BRDA:108,18,0,0
BRDA:108,19,0,0
BRDA:108,19,1,0
BRDA:109,20,0,0
BRDA:109,20,1,0
BRDA:110,21,0,0
BRDA:110,21,1,0
BRDA:112,22,0,0
BRDA:112,22,1,0
BRDA:115,23,0,0
BRDA:115,23,1,0
BRDA:117,24,0,0
BRDA:117,24,1,0
BRDA:168,25,0,0
BRDA:168,25,1,0
BRDA:285,26,0,0
BRDA:285,26,1,0
BRDA:285,26,2,0
BRDA:285,26,3,0
BRDA:285,26,4,0
BRDA:285,26,5,0
BRDA:285,26,6,0
BRF:60
BRH:0
end_of_record
TN:
SF:src\store\slices\uiSlice.ts
FN:46,(anonymous_0)
FN:55,(anonymous_1)
FN:60,(anonymous_2)
FN:71,(anonymous_3)
FN:88,(anonymous_4)
FN:96,(anonymous_5)
FN:104,(anonymous_6)
FN:108,(anonymous_7)
FN:109,(anonymous_8)
FN:115,(anonymous_9)
FN:121,(anonymous_10)
FN:125,(anonymous_11)
FN:133,(anonymous_12)
FN:134,(anonymous_13)
FN:139,(anonymous_14)
FN:140,(anonymous_15)
FN:145,(anonymous_16)
FN:153,(anonymous_17)
FN:154,(anonymous_18)
FN:163,(anonymous_19)
FN:164,(anonymous_20)
FN:169,(anonymous_21)
FN:177,(anonymous_22)
FN:185,(anonymous_23)
FN:201,(anonymous_24)
FN:202,(anonymous_25)
FN:203,(anonymous_26)
FN:207,(anonymous_27)
FN:213,(anonymous_28)
FN:232,(anonymous_29)
FN:233,(anonymous_30)
FN:234,(anonymous_31)
FN:235,(anonymous_32)
FN:236,(anonymous_33)
FN:237,(anonymous_34)
FN:238,(anonymous_35)
FN:241,(anonymous_36)
FN:242,(anonymous_37)
FN:245,(anonymous_38)
FN:245,(anonymous_39)
FN:247,(anonymous_40)
FN:249,(anonymous_41)
FN:253,(anonymous_42)
FN:253,(anonymous_43)
FN:255,(anonymous_44)
FN:257,(anonymous_45)
FN:259,(anonymous_46)
FN:259,(anonymous_47)
FN:263,(anonymous_48)
FN:263,(anonymous_49)
FN:265,(anonymous_50)
FN:266,(anonymous_51)
FN:269,(anonymous_52)
FN:269,(anonymous_53)
FN:270,(anonymous_54)
FN:271,(anonymous_55)
FN:272,(anonymous_56)
FN:275,(anonymous_57)
FN:275,(anonymous_58)
FN:277,(anonymous_59)
FN:277,(anonymous_60)
FN:279,(anonymous_61)
FN:280,(anonymous_62)
FN:280,(anonymous_63)
FN:282,(anonymous_64)
FNF:65
FNH:0
FNDA:0,(anonymous_0)
FNDA:0,(anonymous_1)
FNDA:0,(anonymous_2)
FNDA:0,(anonymous_3)
FNDA:0,(anonymous_4)
FNDA:0,(anonymous_5)
FNDA:0,(anonymous_6)
FNDA:0,(anonymous_7)
FNDA:0,(anonymous_8)
FNDA:0,(anonymous_9)
FNDA:0,(anonymous_10)
FNDA:0,(anonymous_11)
FNDA:0,(anonymous_12)
FNDA:0,(anonymous_13)
FNDA:0,(anonymous_14)
FNDA:0,(anonymous_15)
FNDA:0,(anonymous_16)
FNDA:0,(anonymous_17)
FNDA:0,(anonymous_18)
FNDA:0,(anonymous_19)
FNDA:0,(anonymous_20)
FNDA:0,(anonymous_21)
FNDA:0,(anonymous_22)
FNDA:0,(anonymous_23)
FNDA:0,(anonymous_24)
FNDA:0,(anonymous_25)
FNDA:0,(anonymous_26)
FNDA:0,(anonymous_27)
FNDA:0,(anonymous_28)
FNDA:0,(anonymous_29)
FNDA:0,(anonymous_30)
FNDA:0,(anonymous_31)
FNDA:0,(anonymous_32)
FNDA:0,(anonymous_33)
FNDA:0,(anonymous_34)
FNDA:0,(anonymous_35)
FNDA:0,(anonymous_36)
FNDA:0,(anonymous_37)
FNDA:0,(anonymous_38)
FNDA:0,(anonymous_39)
FNDA:0,(anonymous_40)
FNDA:0,(anonymous_41)
FNDA:0,(anonymous_42)
FNDA:0,(anonymous_43)
FNDA:0,(anonymous_44)
FNDA:0,(anonymous_45)
FNDA:0,(anonymous_46)
FNDA:0,(anonymous_47)
FNDA:0,(anonymous_48)
FNDA:0,(anonymous_49)
FNDA:0,(anonymous_50)
FNDA:0,(anonymous_51)
FNDA:0,(anonymous_52)
FNDA:0,(anonymous_53)
FNDA:0,(anonymous_54)
FNDA:0,(anonymous_55)
FNDA:0,(anonymous_56)
FNDA:0,(anonymous_57)
FNDA:0,(anonymous_58)
FNDA:0,(anonymous_59)
FNDA:0,(anonymous_60)
FNDA:0,(anonymous_61)
FNDA:0,(anonymous_62)
FNDA:0,(anonymous_63)
FNDA:0,(anonymous_64)
DA:8,0
DA:9,0
DA:16,0
DA:23,0
DA:31,0
DA:46,0
DA:47,0
DA:55,0
DA:60,0
DA:61,0
DA:69,0
DA:71,0
DA:89,0
DA:97,0
DA:105,0
DA:109,0
DA:110,0
DA:111,0
DA:112,0
DA:114,0
DA:115,0
DA:122,0
DA:126,0
DA:134,0
DA:140,0
DA:146,0
DA:154,0
DA:164,0
DA:170,0
DA:178,0
DA:179,0
DA:185,0
DA:190,0
DA:191,0
DA:198,0
DA:202,0
DA:203,0
DA:208,0
DA:213,0
DA:230,0
DA:232,0
DA:233,0
DA:234,0
DA:235,0
DA:236,0
DA:237,0
DA:238,0
DA:241,0
DA:242,0
DA:245,0
DA:246,0
DA:248,0
DA:249,0
DA:253,0
DA:254,0
DA:256,0
DA:257,0
DA:259,0
DA:260,0
DA:263,0
DA:264,0
DA:266,0
DA:269,0
DA:270,0
DA:271,0
DA:272,0
DA:275,0
DA:276,0
DA:277,0
DA:278,0
DA:279,0
DA:280,0
DA:281,0
DA:282,0
DA:284,0
LF:75
LH:0
BRDA:111,0,0,0
BRDA:111,0,1,0
BRDA:190,1,0,0
BRDA:246,2,0,0
BRDA:246,2,1,0
BRDA:248,3,0,0
BRDA:248,3,1,0
BRDA:254,4,0,0
BRDA:254,4,1,0
BRDA:256,5,0,0
BRDA:256,5,1,0
BRDA:260,6,0,0
BRDA:260,6,1,0
BRDA:264,7,0,0
BRDA:264,7,1,0
BRDA:266,8,0,0
BRDA:266,8,1,0
BRDA:270,9,0,0
BRDA:270,9,1,0
BRDA:271,10,0,0
BRDA:271,10,1,0
BRDA:272,11,0,0
BRDA:272,11,1,0
BRDA:276,12,0,0
BRDA:276,12,1,0
BRDA:278,13,0,0
BRDA:278,13,1,0
BRDA:279,14,0,0
BRDA:279,14,1,0
BRDA:282,15,0,0
BRDA:282,15,1,0
BRDA:284,16,0,0
BRDA:284,16,1,0
BRF:33
BRH:0
end_of_record
TN:
SF:src\store\slices\userSlice.ts
FN:42,(anonymous_0)
FN:56,(anonymous_1)
FN:64,(anonymous_2)
FN:65,(anonymous_3)
FN:70,(anonymous_4)
FN:77,(anonymous_5)
FN:98,(anonymous_6)
FN:102,(anonymous_7)
FN:106,(anonymous_8)
FN:117,(anonymous_9)
FN:131,(anonymous_10)
FN:132,(anonymous_11)
FN:133,(anonymous_12)
FN:134,(anonymous_13)
FN:137,(anonymous_14)
FN:138,(anonymous_15)
FN:139,(anonymous_16)
FN:140,(anonymous_17)
FN:144,(anonymous_18)
FN:151,(anonymous_19)
FN:153,(anonymous_20)
FN:154,(anonymous_21)
FN:155,(anonymous_22)
FN:157,(anonymous_23)
FN:160,(anonymous_24)
FN:164,(anonymous_25)
FN:165,(anonymous_26)
FN:166,(anonymous_27)
FN:169,(anonymous_28)
FN:169,(anonymous_29)
FN:174,(anonymous_30)
FN:174,(anonymous_31)
FNF:32
FNH:0
FNDA:0,(anonymous_0)
FNDA:0,(anonymous_1)
FNDA:0,(anonymous_2)
FNDA:0,(anonymous_3)
FNDA:0,(anonymous_4)
FNDA:0,(anonymous_5)
FNDA:0,(anonymous_6)
FNDA:0,(anonymous_7)
FNDA:0,(anonymous_8)
FNDA:0,(anonymous_9)
FNDA:0,(anonymous_10)
FNDA:0,(anonymous_11)
FNDA:0,(anonymous_12)
FNDA:0,(anonymous_13)
FNDA:0,(anonymous_14)
FNDA:0,(anonymous_15)
FNDA:0,(anonymous_16)
FNDA:0,(anonymous_17)
FNDA:0,(anonymous_18)
FNDA:0,(anonymous_19)
FNDA:0,(anonymous_20)
FNDA:0,(anonymous_21)
FNDA:0,(anonymous_22)
FNDA:0,(anonymous_23)
FNDA:0,(anonymous_24)
FNDA:0,(anonymous_25)
FNDA:0,(anonymous_26)
FNDA:0,(anonymous_27)
FNDA:0,(anonymous_28)
FNDA:0,(anonymous_29)
FNDA:0,(anonymous_30)
FNDA:0,(anonymous_31)
DA:8,0
DA:9,0
DA:11,0
DA:17,0
DA:40,0
DA:42,0
DA:57,0
DA:65,0
DA:71,0
DA:72,0
DA:75,0
DA:77,0
DA:87,0
DA:94,0
DA:99,0
DA:103,0
DA:107,0
DA:117,0
DA:129,0
DA:131,0
DA:132,0
DA:133,0
DA:134,0
DA:137,0
DA:138,0
DA:139,0
DA:141,0
DA:142,0
DA:144,0
DA:152,0
DA:153,0
DA:154,0
DA:156,0
DA:158,0
DA:161,0
DA:164,0
DA:165,0
DA:166,0
DA:169,0
DA:170,0
DA:174,0
DA:175,0
LF:42
LH:0
BRDA:66,0,0,0
BRDA:66,0,1,0
BRDA:78,1,0,0
BRDA:78,1,1,0
BRDA:90,2,0,0
BRDA:90,2,1,0
BRDA:137,3,0,0
BRDA:137,3,1,0
BRDA:138,4,0,0
BRDA:138,4,1,0
BRDA:141,5,0,0
BRDA:152,6,0,0
BRDA:152,6,1,0
BRDA:153,7,0,0
BRDA:153,7,1,0
BRDA:154,8,0,0
BRDA:154,8,1,0
BRDA:156,9,0,0
BRDA:156,9,1,0
BRDA:158,10,0,0
BRDA:158,10,1,0
BRDA:161,11,0,0
BRDA:161,11,1,0
BRDA:170,12,0,0
BRDA:170,12,1,0
BRDA:175,13,0,0
BRDA:175,13,1,0
BRF:27
BRH:0
end_of_record
TN:
SF:src\utils\validation.ts
FN:30,validateValue
FN:114,validateFields
FN:216,sanitizeInput
FN:227,formatValidationErrors
FN:236,createDebouncedValidator
FN:242,(anonymous_5)
FN:244,(anonymous_6)
FN:258,validateRequired
FN:267,validateMinLength
FN:275,validateMaxLength
FN:283,validatePattern
FN:291,validateNumber
FN:298,validateRange
FN:306,validateUrl
FN:319,validateEmail
FN:328,validateDate
FN:338,validatePhone
FN:348,validatePassword
FN:357,validateCreditCard
FN:389,validateItem
FN:410,validateUser
FN:427,validateForm
FN:456,(anonymous_22)
FN:470,(anonymous_23)
FN:475,(anonymous_24)
FN:480,(anonymous_25)
FN:484,(anonymous_26)
FNF:27
FNH:21
FNDA:612,validateValue
FNDA:0,validateFields
FNDA:0,sanitizeInput
FNDA:0,formatValidationErrors
FNDA:0,createDebouncedValidator
FNDA:0,(anonymous_5)
FNDA:0,(anonymous_6)
FNDA:1048,validateRequired
FNDA:5,validateMinLength
FNDA:5,validateMaxLength
FNDA:6,validatePattern
FNDA:1235,validateNumber
FNDA:6,validateRange
FNDA:8,validateUrl
FNDA:1120,validateEmail
FNDA:7,validateDate
FNDA:7,validatePhone
FNDA:8,validatePassword
FNDA:6,validateCreditCard
FNDA:10,validateItem
FNDA:4,validateUser
FNDA:103,validateForm
FNDA:2,(anonymous_22)
FNDA:5,(anonymous_23)
FNDA:1,(anonymous_24)
FNDA:3,(anonymous_25)
FNDA:3,(anonymous_26)
DA:30,1
DA:35,612
DA:38,612
DA:39,0
DA:43,612
DA:44,0
DA:51,612
DA:54,612
DA:55,2
DA:59,612
DA:60,0
DA:64,612
DA:65,0
DA:69,612
DA:70,0
DA:74,612
DA:75,1
DA:79,612
DA:80,2
DA:84,612
DA:85,0
DA:89,612
DA:90,103
DA:91,103
DA:92,1
DA:97,612
DA:98,0
DA:99,0
DA:100,0
DA:104,612
DA:114,1
DA:118,0
DA:119,0
DA:121,0
DA:122,0
DA:123,0
DA:124,0
DA:125,0
DA:129,0
DA:139,1
DA:177,1
DA:216,1
DA:217,0
DA:227,1
DA:228,0
DA:229,0
DA:230,0
DA:236,1
DA:242,0
DA:243,0
DA:244,0
DA:245,0
DA:246,0
DA:258,1
DA:259,1048
DA:260,1044
DA:261,2
DA:267,1
DA:268,5
DA:269,5
DA:275,1
DA:276,5
DA:277,5
DA:283,1
DA:284,6
DA:285,6
DA:291,1
DA:292,1235
DA:298,1
DA:299,6
DA:300,6
DA:306,1
DA:307,8
DA:308,8
DA:309,8
DA:310,5
DA:312,3
DA:319,1
DA:320,1120
DA:321,1118
DA:322,1118
DA:328,1
DA:329,7
DA:330,7
DA:331,5
DA:332,5
DA:338,1
DA:339,7
DA:340,7
DA:341,7
DA:342,7
DA:348,1
DA:349,8
DA:350,8
DA:351,8
DA:357,1
DA:358,6
DA:359,6
DA:360,6
DA:362,5
DA:363,5
DA:365,5
DA:366,79
DA:368,79
DA:369,39
DA:370,39
DA:371,11
DA:375,79
DA:376,79
DA:379,5
DA:389,1
DA:390,10
DA:393,10
DA:394,3
DA:398,7
DA:399,5
DA:400,3
DA:401,2
DA:404,1
DA:410,1
DA:411,4
DA:414,4
DA:415,2
DA:419,2
DA:421,1
DA:427,1
DA:428,103
DA:429,103
DA:431,103
DA:432,612
DA:433,612
DA:434,5
DA:435,5
DA:439,103
DA:453,1
DA:454,2
DA:457,2
DA:458,2
DA:459,2
DA:466,1
DA:467,5
DA:468,5
DA:471,5
DA:472,5
DA:476,1
DA:477,1
DA:481,3
DA:485,3
LF:148
LH:122
BRDA:33,0,0,0
BRDA:38,1,0,0
BRDA:38,2,0,612
BRDA:38,2,1,412
BRDA:38,2,2,412
BRDA:43,3,0,0
BRDA:43,4,0,612
BRDA:43,4,1,612
BRDA:54,5,0,2
BRDA:54,6,0,612
BRDA:54,6,1,206
BRDA:59,7,0,0
BRDA:59,8,0,612
BRDA:59,8,1,103
BRDA:64,9,0,0
BRDA:64,10,0,612
BRDA:64,10,1,0
BRDA:64,10,2,0
BRDA:69,11,0,0
BRDA:69,12,0,612
BRDA:69,12,1,0
BRDA:69,12,2,0
BRDA:74,13,0,1
BRDA:74,14,0,612
BRDA:74,14,1,203
BRDA:79,15,0,2
BRDA:79,16,0,612
BRDA:79,16,1,103
BRDA:84,17,0,0
BRDA:84,18,0,612
BRDA:84,18,1,103
BRDA:89,19,0,103
BRDA:89,20,0,612
BRDA:89,20,1,103
BRDA:91,21,0,1
BRDA:91,22,0,103
BRDA:91,22,1,102
BRDA:97,23,0,0
BRDA:99,24,0,0
BRDA:123,25,0,0
BRDA:228,26,0,0
BRDA:229,27,0,0
BRDA:238,28,0,0
BRDA:259,29,0,4
BRDA:259,30,0,1048
BRDA:259,30,1,1046
BRDA:260,31,0,1042
BRDA:268,32,0,0
BRDA:276,33,0,0
BRDA:284,34,0,0
BRDA:292,35,0,1235
BRDA:292,35,1,1229
BRDA:299,36,0,0
BRDA:300,37,0,6
BRDA:300,37,1,4
BRDA:307,38,0,0
BRDA:310,39,0,5
BRDA:310,39,1,4
BRDA:320,40,0,2
BRDA:322,41,0,1118
BRDA:322,41,1,1109
BRDA:329,42,0,0
BRDA:330,43,0,2
BRDA:332,44,0,5
BRDA:332,44,1,4
BRDA:339,45,0,0
BRDA:349,46,0,0
BRDA:358,47,0,0
BRDA:360,48,0,1
BRDA:360,49,0,6
BRDA:360,49,1,5
BRDA:368,50,0,39
BRDA:370,51,0,11
BRDA:390,52,0,0
BRDA:390,53,0,10
BRDA:390,53,1,10
BRDA:393,54,0,3
BRDA:393,55,0,10
BRDA:393,55,1,9
BRDA:393,55,2,8
BRDA:398,56,0,2
BRDA:398,57,0,7
BRDA:398,57,1,6
BRDA:399,58,0,2
BRDA:399,59,0,5
BRDA:399,59,1,4
BRDA:400,60,0,2
BRDA:400,61,0,3
BRDA:400,61,1,3
BRDA:400,61,2,2
BRDA:400,61,3,2
BRDA:411,62,0,0
BRDA:411,63,0,4
BRDA:411,63,1,4
BRDA:414,64,0,2
BRDA:414,65,0,4
BRDA:414,65,1,3
BRDA:414,65,2,3
BRDA:419,66,0,1
BRDA:433,67,0,5
BRDA:435,68,0,5
BRDA:435,68,1,0
BRDA:470,69,0,2
BRF:103
BRH:74
end_of_record
